Pong-v0:
    - model name: customized
    - optimizer: Adam
    - learning rate: 0.0001
    - batch size: 512
    - device : cuda:0
    - num_of_classes: 100
    - param_to_update_name_prefix: []
    - epochs: 200
 
Files already downloaded and verified
Files already downloaded and verified
epoche 0, loss = 4.387578
Checking accuracy on train set: 
Got 2754 / 50000 correct (5.51)
Checking accuracy on validate set: 
Got 537 / 10000 correct (5.37)
epoche 1, loss = 4.315422
Checking accuracy on train set: 
Got 4586 / 50000 correct (9.17)
Checking accuracy on validate set: 
Got 950 / 10000 correct (9.50)
epoche 2, loss = 4.226065
Checking accuracy on train set: 
Got 6100 / 50000 correct (12.20)
Checking accuracy on validate set: 
Got 1224 / 10000 correct (12.24)
epoche 3, loss = 4.073762
Checking accuracy on train set: 
Got 6917 / 50000 correct (13.83)
Checking accuracy on validate set: 
Got 1432 / 10000 correct (14.32)
epoche 4, loss = 4.045156
Checking accuracy on train set: 
Got 7771 / 50000 correct (15.54)
Checking accuracy on validate set: 
Got 1592 / 10000 correct (15.92)
epoche 5, loss = 3.907886
Checking accuracy on train set: 
Got 8488 / 50000 correct (16.98)
Checking accuracy on validate set: 
Got 1721 / 10000 correct (17.21)
epoche 6, loss = 3.918408
Checking accuracy on train set: 
Got 9199 / 50000 correct (18.40)
Checking accuracy on validate set: 
Got 1863 / 10000 correct (18.63)
epoche 7, loss = 3.781720
Checking accuracy on train set: 
Got 9803 / 50000 correct (19.61)
Checking accuracy on validate set: 
Got 1957 / 10000 correct (19.57)
epoche 8, loss = 3.743489
Checking accuracy on train set: 
Got 10357 / 50000 correct (20.71)
Checking accuracy on validate set: 
Got 2088 / 10000 correct (20.88)
epoche 9, loss = 3.685856
Checking accuracy on train set: 
Got 10614 / 50000 correct (21.23)
Checking accuracy on validate set: 
Got 2124 / 10000 correct (21.24)
epoche 10, loss = 3.594028
Checking accuracy on train set: 
Got 11222 / 50000 correct (22.44)
Checking accuracy on validate set: 
Got 2241 / 10000 correct (22.41)
epoche 11, loss = 3.602405
Checking accuracy on train set: 
Got 12051 / 50000 correct (24.10)
Checking accuracy on validate set: 
Got 2433 / 10000 correct (24.33)
epoche 12, loss = 3.535008
Checking accuracy on train set: 
Got 12594 / 50000 correct (25.19)
Checking accuracy on validate set: 
Got 2465 / 10000 correct (24.65)
epoche 13, loss = 3.522986
Checking accuracy on train set: 
Got 12909 / 50000 correct (25.82)
Checking accuracy on validate set: 
Got 2512 / 10000 correct (25.12)
epoche 14, loss = 3.465069
Checking accuracy on train set: 
Got 13786 / 50000 correct (27.57)
Checking accuracy on validate set: 
Got 2708 / 10000 correct (27.08)
epoche 15, loss = 3.290968
Checking accuracy on train set: 
Got 14160 / 50000 correct (28.32)
Checking accuracy on validate set: 
Got 2749 / 10000 correct (27.49)
epoche 16, loss = 3.316516
Checking accuracy on train set: 
Got 14444 / 50000 correct (28.89)
Checking accuracy on validate set: 
Got 2851 / 10000 correct (28.51)
epoche 17, loss = 3.266671
Checking accuracy on train set: 
Got 15033 / 50000 correct (30.07)
Checking accuracy on validate set: 
Got 2907 / 10000 correct (29.07)
epoche 18, loss = 3.211553
Checking accuracy on train set: 
Got 15468 / 50000 correct (30.94)
Checking accuracy on validate set: 
Got 2994 / 10000 correct (29.94)
epoche 19, loss = 2.995765
Checking accuracy on train set: 
Got 15963 / 50000 correct (31.93)
Checking accuracy on validate set: 
Got 3048 / 10000 correct (30.48)
epoche 20, loss = 3.010366
Checking accuracy on train set: 
Got 16469 / 50000 correct (32.94)
Checking accuracy on validate set: 
Got 3112 / 10000 correct (31.12)
epoche 21, loss = 3.064241
Checking accuracy on train set: 
Got 16524 / 50000 correct (33.05)
Checking accuracy on validate set: 
Got 3174 / 10000 correct (31.74)
epoche 22, loss = 2.883857
Checking accuracy on train set: 
Got 16505 / 50000 correct (33.01)
Checking accuracy on validate set: 
Got 3209 / 10000 correct (32.09)
epoche 23, loss = 2.969227
Checking accuracy on train set: 
Got 17543 / 50000 correct (35.09)
Checking accuracy on validate set: 
Got 3251 / 10000 correct (32.51)
epoche 24, loss = 2.736078
Checking accuracy on train set: 
Got 17840 / 50000 correct (35.68)
Checking accuracy on validate set: 
Got 3368 / 10000 correct (33.68)
epoche 25, loss = 2.755390
Checking accuracy on train set: 
Got 18138 / 50000 correct (36.28)
Checking accuracy on validate set: 
Got 3393 / 10000 correct (33.93)
epoche 26, loss = 2.822241
Checking accuracy on train set: 
Got 18484 / 50000 correct (36.97)
Checking accuracy on validate set: 
Got 3476 / 10000 correct (34.76)
epoche 27, loss = 2.747257
Checking accuracy on train set: 
Got 18661 / 50000 correct (37.32)
Checking accuracy on validate set: 
Got 3460 / 10000 correct (34.60)
epoche 28, loss = 2.636612
Checking accuracy on train set: 
Got 19250 / 50000 correct (38.50)
Checking accuracy on validate set: 
Got 3558 / 10000 correct (35.58)
epoche 29, loss = 2.733590
Checking accuracy on train set: 
Got 19764 / 50000 correct (39.53)
Checking accuracy on validate set: 
Got 3634 / 10000 correct (36.34)
epoche 30, loss = 2.597565
Checking accuracy on train set: 
Got 19772 / 50000 correct (39.54)
Checking accuracy on validate set: 
Got 3684 / 10000 correct (36.84)
epoche 31, loss = 2.512363
Checking accuracy on train set: 
Got 20005 / 50000 correct (40.01)
Checking accuracy on validate set: 
Got 3702 / 10000 correct (37.02)
epoche 32, loss = 2.539562
Checking accuracy on train set: 
Got 20612 / 50000 correct (41.22)
Checking accuracy on validate set: 
Got 3753 / 10000 correct (37.53)
epoche 33, loss = 2.549216
Checking accuracy on train set: 
Got 20933 / 50000 correct (41.87)
Checking accuracy on validate set: 
Got 3806 / 10000 correct (38.06)
epoche 34, loss = 2.582565
Checking accuracy on train set: 
Got 21210 / 50000 correct (42.42)
Checking accuracy on validate set: 
Got 3831 / 10000 correct (38.31)
epoche 35, loss = 2.405005
Checking accuracy on train set: 
Got 21467 / 50000 correct (42.93)
Checking accuracy on validate set: 
Got 3887 / 10000 correct (38.87)
epoche 36, loss = 2.385348
Checking accuracy on train set: 
Got 21684 / 50000 correct (43.37)
Checking accuracy on validate set: 
Got 3899 / 10000 correct (38.99)
epoche 37, loss = 2.268957
Checking accuracy on train set: 
Got 22014 / 50000 correct (44.03)
Checking accuracy on validate set: 
Got 3963 / 10000 correct (39.63)
epoche 38, loss = 2.347908
Checking accuracy on train set: 
Got 22265 / 50000 correct (44.53)
Checking accuracy on validate set: 
Got 4029 / 10000 correct (40.29)
epoche 39, loss = 2.261436
Checking accuracy on train set: 
Got 22598 / 50000 correct (45.20)
Checking accuracy on validate set: 
Got 4011 / 10000 correct (40.11)
epoche 40, loss = 2.237644
Checking accuracy on train set: 
Got 22868 / 50000 correct (45.74)
Checking accuracy on validate set: 
Got 4022 / 10000 correct (40.22)
epoche 41, loss = 2.262780
Checking accuracy on train set: 
Got 22770 / 50000 correct (45.54)
Checking accuracy on validate set: 
Got 4000 / 10000 correct (40.00)
epoche 42, loss = 2.293419
Checking accuracy on train set: 
Got 23124 / 50000 correct (46.25)
Checking accuracy on validate set: 
Got 4058 / 10000 correct (40.58)
epoche 43, loss = 2.161844
Checking accuracy on train set: 
Got 23320 / 50000 correct (46.64)
Checking accuracy on validate set: 
Got 4098 / 10000 correct (40.98)
epoche 44, loss = 2.127012
Checking accuracy on train set: 
Got 23331 / 50000 correct (46.66)
Checking accuracy on validate set: 
Got 4079 / 10000 correct (40.79)
epoche 45, loss = 2.118706
Checking accuracy on train set: 
Got 23926 / 50000 correct (47.85)
Checking accuracy on validate set: 
Got 4143 / 10000 correct (41.43)
epoche 46, loss = 2.105241
Checking accuracy on train set: 
Got 24174 / 50000 correct (48.35)
Checking accuracy on validate set: 
Got 4208 / 10000 correct (42.08)
epoche 47, loss = 2.138083
Checking accuracy on train set: 
Got 24194 / 50000 correct (48.39)
Checking accuracy on validate set: 
Got 4194 / 10000 correct (41.94)
epoche 48, loss = 1.959176
Checking accuracy on train set: 
Got 24599 / 50000 correct (49.20)
Checking accuracy on validate set: 
Got 4231 / 10000 correct (42.31)
epoche 49, loss = 2.031600
Checking accuracy on train set: 
Got 24790 / 50000 correct (49.58)
Checking accuracy on validate set: 
Got 4276 / 10000 correct (42.76)
epoche 50, loss = 2.143386
Checking accuracy on train set: 
Got 24751 / 50000 correct (49.50)
Checking accuracy on validate set: 
Got 4265 / 10000 correct (42.65)
epoche 51, loss = 2.049373
Checking accuracy on train set: 
Got 25022 / 50000 correct (50.04)
Checking accuracy on validate set: 
Got 4312 / 10000 correct (43.12)
epoche 52, loss = 1.916222
Checking accuracy on train set: 
Got 25054 / 50000 correct (50.11)
Checking accuracy on validate set: 
Got 4269 / 10000 correct (42.69)
epoche 53, loss = 1.983069
Checking accuracy on train set: 
Got 25492 / 50000 correct (50.98)
Checking accuracy on validate set: 
Got 4257 / 10000 correct (42.57)
epoche 54, loss = 2.009459
Checking accuracy on train set: 
Got 25480 / 50000 correct (50.96)
Checking accuracy on validate set: 
Got 4343 / 10000 correct (43.43)
epoche 55, loss = 2.128549
Checking accuracy on train set: 
Got 25879 / 50000 correct (51.76)
Checking accuracy on validate set: 
Got 4398 / 10000 correct (43.98)
epoche 56, loss = 1.918032
Checking accuracy on train set: 
Got 25916 / 50000 correct (51.83)
Checking accuracy on validate set: 
Got 4352 / 10000 correct (43.52)
epoche 57, loss = 1.961958
Checking accuracy on train set: 
Got 25952 / 50000 correct (51.90)
Checking accuracy on validate set: 
Got 4413 / 10000 correct (44.13)
epoche 58, loss = 1.931963
Checking accuracy on train set: 
Got 26329 / 50000 correct (52.66)
Checking accuracy on validate set: 
Got 4372 / 10000 correct (43.72)
epoche 59, loss = 1.811186
Checking accuracy on train set: 
Got 26196 / 50000 correct (52.39)
Checking accuracy on validate set: 
Got 4445 / 10000 correct (44.45)
epoche 60, loss = 1.724671
Checking accuracy on train set: 
Got 26576 / 50000 correct (53.15)
Checking accuracy on validate set: 
Got 4463 / 10000 correct (44.63)
epoche 61, loss = 1.791498
Checking accuracy on train set: 
Got 26760 / 50000 correct (53.52)
Checking accuracy on validate set: 
Got 4491 / 10000 correct (44.91)
epoche 62, loss = 1.869578
Checking accuracy on train set: 
Got 26991 / 50000 correct (53.98)
Checking accuracy on validate set: 
Got 4387 / 10000 correct (43.87)
epoche 63, loss = 1.758757
Checking accuracy on train set: 
Got 26906 / 50000 correct (53.81)
Checking accuracy on validate set: 
Got 4464 / 10000 correct (44.64)
epoche 64, loss = 1.597544
Checking accuracy on train set: 
Got 26850 / 50000 correct (53.70)
Checking accuracy on validate set: 
Got 4488 / 10000 correct (44.88)
epoche 65, loss = 1.974802
Checking accuracy on train set: 
Got 27113 / 50000 correct (54.23)
Checking accuracy on validate set: 
Got 4440 / 10000 correct (44.40)
epoche 66, loss = 1.753189
Checking accuracy on train set: 
Got 27165 / 50000 correct (54.33)
Checking accuracy on validate set: 
Got 4462 / 10000 correct (44.62)
epoche 67, loss = 1.814406
Checking accuracy on train set: 
Got 27621 / 50000 correct (55.24)
Checking accuracy on validate set: 
Got 4532 / 10000 correct (45.32)
epoche 68, loss = 1.687622
Checking accuracy on train set: 
Got 27622 / 50000 correct (55.24)
Checking accuracy on validate set: 
Got 4567 / 10000 correct (45.67)
epoche 69, loss = 1.664112
Checking accuracy on train set: 
Got 27763 / 50000 correct (55.53)
Checking accuracy on validate set: 
Got 4539 / 10000 correct (45.39)
epoche 70, loss = 1.795368
Checking accuracy on train set: 
Got 27862 / 50000 correct (55.72)
Checking accuracy on validate set: 
Got 4556 / 10000 correct (45.56)
epoche 71, loss = 1.753392
Checking accuracy on train set: 
Got 28081 / 50000 correct (56.16)
Checking accuracy on validate set: 
Got 4599 / 10000 correct (45.99)
epoche 72, loss = 1.781897
Checking accuracy on train set: 
Got 28021 / 50000 correct (56.04)
Checking accuracy on validate set: 
Got 4516 / 10000 correct (45.16)
epoche 73, loss = 1.667289
Checking accuracy on train set: 
Got 28126 / 50000 correct (56.25)
Checking accuracy on validate set: 
Got 4533 / 10000 correct (45.33)
epoche 74, loss = 1.615658
Checking accuracy on train set: 
Got 28492 / 50000 correct (56.98)
Checking accuracy on validate set: 
Got 4522 / 10000 correct (45.22)
epoche 75, loss = 1.681322
Checking accuracy on train set: 
Got 28659 / 50000 correct (57.32)
Checking accuracy on validate set: 
Got 4559 / 10000 correct (45.59)
epoche 76, loss = 1.750328
Checking accuracy on train set: 
Got 28915 / 50000 correct (57.83)
Checking accuracy on validate set: 
Got 4598 / 10000 correct (45.98)
epoche 77, loss = 1.639128
Checking accuracy on train set: 
Got 28891 / 50000 correct (57.78)
Checking accuracy on validate set: 
Got 4588 / 10000 correct (45.88)
epoche 78, loss = 1.535100
Checking accuracy on train set: 
Got 28736 / 50000 correct (57.47)
Checking accuracy on validate set: 
Got 4552 / 10000 correct (45.52)
epoche 79, loss = 1.585761
Checking accuracy on train set: 
Got 28976 / 50000 correct (57.95)
Checking accuracy on validate set: 
Got 4614 / 10000 correct (46.14)
epoche 80, loss = 1.470092
Checking accuracy on train set: 
Got 28650 / 50000 correct (57.30)
Checking accuracy on validate set: 
Got 4569 / 10000 correct (45.69)
epoche 81, loss = 1.464908
Checking accuracy on train set: 
Got 29182 / 50000 correct (58.36)
Checking accuracy on validate set: 
Got 4617 / 10000 correct (46.17)
epoche 82, loss = 1.666643
Checking accuracy on train set: 
Got 29377 / 50000 correct (58.75)
Checking accuracy on validate set: 
Got 4576 / 10000 correct (45.76)
epoche 83, loss = 1.578819
Checking accuracy on train set: 
Got 29651 / 50000 correct (59.30)
Checking accuracy on validate set: 
Got 4651 / 10000 correct (46.51)
epoche 84, loss = 1.620645
Checking accuracy on train set: 
Got 29598 / 50000 correct (59.20)
Checking accuracy on validate set: 
Got 4650 / 10000 correct (46.50)
epoche 85, loss = 1.475685
Checking accuracy on train set: 
Got 29746 / 50000 correct (59.49)
Checking accuracy on validate set: 
Got 4629 / 10000 correct (46.29)
epoche 86, loss = 1.776025
Checking accuracy on train set: 
Got 29739 / 50000 correct (59.48)
Checking accuracy on validate set: 
Got 4664 / 10000 correct (46.64)
epoche 87, loss = 1.564733
Checking accuracy on train set: 
Got 30089 / 50000 correct (60.18)
Checking accuracy on validate set: 
Got 4678 / 10000 correct (46.78)
epoche 88, loss = 1.405995
Checking accuracy on train set: 
Got 30178 / 50000 correct (60.36)
Checking accuracy on validate set: 
Got 4646 / 10000 correct (46.46)
epoche 89, loss = 1.549111
Checking accuracy on train set: 
Got 30135 / 50000 correct (60.27)
Checking accuracy on validate set: 
Got 4641 / 10000 correct (46.41)
epoche 90, loss = 1.672505
Checking accuracy on train set: 
Got 30261 / 50000 correct (60.52)
Checking accuracy on validate set: 
Got 4655 / 10000 correct (46.55)
epoche 91, loss = 1.529681
Checking accuracy on train set: 
Got 30480 / 50000 correct (60.96)
Checking accuracy on validate set: 
Got 4621 / 10000 correct (46.21)
epoche 92, loss = 1.371801
Checking accuracy on train set: 
Got 30273 / 50000 correct (60.55)
Checking accuracy on validate set: 
Got 4649 / 10000 correct (46.49)
epoche 93, loss = 1.417852
Checking accuracy on train set: 
Got 30410 / 50000 correct (60.82)
Checking accuracy on validate set: 
Got 4616 / 10000 correct (46.16)
epoche 94, loss = 1.359626
Checking accuracy on train set: 
Got 30585 / 50000 correct (61.17)
Checking accuracy on validate set: 
Got 4616 / 10000 correct (46.16)
epoche 95, loss = 1.434043
Checking accuracy on train set: 
Got 30532 / 50000 correct (61.06)
Checking accuracy on validate set: 
Got 4631 / 10000 correct (46.31)
epoche 96, loss = 1.477948
Checking accuracy on train set: 
Got 30884 / 50000 correct (61.77)
Checking accuracy on validate set: 
Got 4659 / 10000 correct (46.59)
epoche 97, loss = 1.446680
Checking accuracy on train set: 
Got 30658 / 50000 correct (61.32)
Checking accuracy on validate set: 
Got 4669 / 10000 correct (46.69)
epoche 98, loss = 1.489162
Checking accuracy on train set: 
Got 30836 / 50000 correct (61.67)
Checking accuracy on validate set: 
Got 4600 / 10000 correct (46.00)
epoche 99, loss = 1.434080
Checking accuracy on train set: 
Got 30895 / 50000 correct (61.79)
Checking accuracy on validate set: 
Got 4684 / 10000 correct (46.84)
epoche 100, loss = 1.419169
Checking accuracy on train set: 
Got 31195 / 50000 correct (62.39)
Checking accuracy on validate set: 
Got 4736 / 10000 correct (47.36)
epoche 101, loss = 1.364615
Checking accuracy on train set: 
Got 31292 / 50000 correct (62.58)
Checking accuracy on validate set: 
Got 4692 / 10000 correct (46.92)
epoche 102, loss = 1.379011
Checking accuracy on train set: 
Got 31373 / 50000 correct (62.75)
Checking accuracy on validate set: 
Got 4719 / 10000 correct (47.19)
epoche 103, loss = 1.466491
Checking accuracy on train set: 
Got 31407 / 50000 correct (62.81)
Checking accuracy on validate set: 
Got 4713 / 10000 correct (47.13)
epoche 104, loss = 1.488532
Checking accuracy on train set: 
Got 31477 / 50000 correct (62.95)
Checking accuracy on validate set: 
Got 4663 / 10000 correct (46.63)
epoche 105, loss = 1.317928
Checking accuracy on train set: 
Got 30959 / 50000 correct (61.92)
Checking accuracy on validate set: 
Got 4673 / 10000 correct (46.73)
epoche 106, loss = 1.398901
Checking accuracy on train set: 
Got 31693 / 50000 correct (63.39)
Checking accuracy on validate set: 
Got 4700 / 10000 correct (47.00)
epoche 107, loss = 1.454858
Checking accuracy on train set: 
Got 31739 / 50000 correct (63.48)
Checking accuracy on validate set: 
Got 4761 / 10000 correct (47.61)
epoche 108, loss = 1.377173
Checking accuracy on train set: 
Got 32060 / 50000 correct (64.12)
Checking accuracy on validate set: 
Got 4739 / 10000 correct (47.39)
epoche 109, loss = 1.356032
Checking accuracy on train set: 
Got 31947 / 50000 correct (63.89)
Checking accuracy on validate set: 
Got 4711 / 10000 correct (47.11)
epoche 110, loss = 1.321949
Checking accuracy on train set: 
Got 31720 / 50000 correct (63.44)
Checking accuracy on validate set: 
Got 4720 / 10000 correct (47.20)
epoche 111, loss = 1.261321
Checking accuracy on train set: 
Got 31814 / 50000 correct (63.63)
Checking accuracy on validate set: 
Got 4645 / 10000 correct (46.45)
epoche 112, loss = 1.334770
Checking accuracy on train set: 
Got 32108 / 50000 correct (64.22)
Checking accuracy on validate set: 
Got 4735 / 10000 correct (47.35)
epoche 113, loss = 1.394839
Checking accuracy on train set: 
Got 32190 / 50000 correct (64.38)
Checking accuracy on validate set: 
Got 4720 / 10000 correct (47.20)
epoche 114, loss = 1.412089
Checking accuracy on train set: 
Got 32335 / 50000 correct (64.67)
Checking accuracy on validate set: 
Got 4723 / 10000 correct (47.23)
epoche 115, loss = 1.286640
Checking accuracy on train set: 
Got 32318 / 50000 correct (64.64)
Checking accuracy on validate set: 
Got 4730 / 10000 correct (47.30)
epoche 116, loss = 1.464827
Checking accuracy on train set: 
Got 32645 / 50000 correct (65.29)
Checking accuracy on validate set: 
Got 4754 / 10000 correct (47.54)
epoche 117, loss = 1.205758
Checking accuracy on train set: 
Got 32592 / 50000 correct (65.18)
Checking accuracy on validate set: 
Got 4696 / 10000 correct (46.96)
epoche 118, loss = 1.347751
Checking accuracy on train set: 
Got 32706 / 50000 correct (65.41)
Checking accuracy on validate set: 
Got 4723 / 10000 correct (47.23)
epoche 119, loss = 1.377183
Checking accuracy on train set: 
Got 32347 / 50000 correct (64.69)
Checking accuracy on validate set: 
Got 4705 / 10000 correct (47.05)
epoche 120, loss = 1.227878
Checking accuracy on train set: 
Got 32612 / 50000 correct (65.22)
Checking accuracy on validate set: 
Got 4717 / 10000 correct (47.17)
epoche 121, loss = 1.418838
Checking accuracy on train set: 
Got 32732 / 50000 correct (65.46)
Checking accuracy on validate set: 
Got 4719 / 10000 correct (47.19)
epoche 122, loss = 1.316657
Checking accuracy on train set: 
Got 32740 / 50000 correct (65.48)
Checking accuracy on validate set: 
Got 4700 / 10000 correct (47.00)
epoche 123, loss = 1.300605
Checking accuracy on train set: 
Got 33228 / 50000 correct (66.46)
Checking accuracy on validate set: 
Got 4761 / 10000 correct (47.61)
epoche 124, loss = 1.463170
Checking accuracy on train set: 
Got 33192 / 50000 correct (66.38)
Checking accuracy on validate set: 
Got 4740 / 10000 correct (47.40)
epoche 125, loss = 1.212488
Checking accuracy on train set: 
Got 33253 / 50000 correct (66.51)
Checking accuracy on validate set: 
Got 4769 / 10000 correct (47.69)
epoche 126, loss = 1.177578
Checking accuracy on train set: 
Got 33025 / 50000 correct (66.05)
Checking accuracy on validate set: 
Got 4741 / 10000 correct (47.41)
epoche 127, loss = 1.195492
Checking accuracy on train set: 
Got 33115 / 50000 correct (66.23)
Checking accuracy on validate set: 
Got 4743 / 10000 correct (47.43)
epoche 128, loss = 1.173383
Checking accuracy on train set: 
Got 33253 / 50000 correct (66.51)
Checking accuracy on validate set: 
Got 4758 / 10000 correct (47.58)
epoche 129, loss = 1.233458
Checking accuracy on train set: 
Got 33161 / 50000 correct (66.32)
Checking accuracy on validate set: 
Got 4734 / 10000 correct (47.34)
epoche 130, loss = 1.303595
Checking accuracy on train set: 
Got 33306 / 50000 correct (66.61)
Checking accuracy on validate set: 
Got 4735 / 10000 correct (47.35)
epoche 131, loss = 1.277330
Checking accuracy on train set: 
Got 33005 / 50000 correct (66.01)
Checking accuracy on validate set: 
Got 4710 / 10000 correct (47.10)
epoche 132, loss = 1.397119
Checking accuracy on train set: 
Got 33776 / 50000 correct (67.55)
Checking accuracy on validate set: 
Got 4703 / 10000 correct (47.03)
epoche 133, loss = 1.251323
Checking accuracy on train set: 
Got 33504 / 50000 correct (67.01)
Checking accuracy on validate set: 
Got 4728 / 10000 correct (47.28)
epoche 134, loss = 1.171950
Checking accuracy on train set: 
Got 33379 / 50000 correct (66.76)
Checking accuracy on validate set: 
Got 4676 / 10000 correct (46.76)
epoche 135, loss = 1.246518
Checking accuracy on train set: 
Got 33451 / 50000 correct (66.90)
Checking accuracy on validate set: 
Got 4739 / 10000 correct (47.39)
epoche 136, loss = 1.288209
Checking accuracy on train set: 
Got 33598 / 50000 correct (67.20)
Checking accuracy on validate set: 
Got 4722 / 10000 correct (47.22)
epoche 137, loss = 1.047267
Checking accuracy on train set: 
Got 33763 / 50000 correct (67.53)
Checking accuracy on validate set: 
Got 4726 / 10000 correct (47.26)
epoche 138, loss = 1.338994
Checking accuracy on train set: 
Got 33658 / 50000 correct (67.32)
Checking accuracy on validate set: 
Got 4746 / 10000 correct (47.46)
epoche 139, loss = 1.103395
Checking accuracy on train set: 
Got 33814 / 50000 correct (67.63)
Checking accuracy on validate set: 
Got 4743 / 10000 correct (47.43)
epoche 140, loss = 1.292128
Checking accuracy on train set: 
Got 34048 / 50000 correct (68.10)
Checking accuracy on validate set: 
Got 4766 / 10000 correct (47.66)
epoche 141, loss = 1.171765
Checking accuracy on train set: 
Got 34014 / 50000 correct (68.03)
Checking accuracy on validate set: 
Got 4785 / 10000 correct (47.85)
epoche 142, loss = 1.154602
Checking accuracy on train set: 
Got 34080 / 50000 correct (68.16)
Checking accuracy on validate set: 
Got 4742 / 10000 correct (47.42)
epoche 143, loss = 1.199463
Checking accuracy on train set: 
Got 34181 / 50000 correct (68.36)
Checking accuracy on validate set: 
Got 4747 / 10000 correct (47.47)
epoche 144, loss = 1.195775
Checking accuracy on train set: 
Got 33769 / 50000 correct (67.54)
Checking accuracy on validate set: 
Got 4762 / 10000 correct (47.62)
epoche 145, loss = 1.147318
Checking accuracy on train set: 
Got 34215 / 50000 correct (68.43)
Checking accuracy on validate set: 
Got 4753 / 10000 correct (47.53)
epoche 146, loss = 1.172470
Checking accuracy on train set: 
Got 34473 / 50000 correct (68.95)
Checking accuracy on validate set: 
Got 4779 / 10000 correct (47.79)
epoche 147, loss = 1.139521
Checking accuracy on train set: 
Got 34410 / 50000 correct (68.82)
Checking accuracy on validate set: 
Got 4748 / 10000 correct (47.48)
epoche 148, loss = 1.280488
Checking accuracy on train set: 
Got 34223 / 50000 correct (68.45)
Checking accuracy on validate set: 
Got 4721 / 10000 correct (47.21)
epoche 149, loss = 1.136055
Checking accuracy on train set: 
Got 34163 / 50000 correct (68.33)
Checking accuracy on validate set: 
Got 4713 / 10000 correct (47.13)
epoche 150, loss = 1.167728
Checking accuracy on train set: 
Got 34404 / 50000 correct (68.81)
Checking accuracy on validate set: 
Got 4752 / 10000 correct (47.52)
epoche 151, loss = 1.089703
Checking accuracy on train set: 
Got 34509 / 50000 correct (69.02)
Checking accuracy on validate set: 
Got 4716 / 10000 correct (47.16)
epoche 152, loss = 1.133270
Checking accuracy on train set: 
Got 34423 / 50000 correct (68.85)
Checking accuracy on validate set: 
Got 4757 / 10000 correct (47.57)
epoche 153, loss = 1.052074
Checking accuracy on train set: 
Got 34651 / 50000 correct (69.30)
Checking accuracy on validate set: 
Got 4729 / 10000 correct (47.29)
epoche 154, loss = 1.124874
Checking accuracy on train set: 
Got 34658 / 50000 correct (69.32)
Checking accuracy on validate set: 
Got 4770 / 10000 correct (47.70)
epoche 155, loss = 1.100861
Checking accuracy on train set: 
Got 34832 / 50000 correct (69.66)
Checking accuracy on validate set: 
Got 4789 / 10000 correct (47.89)
epoche 156, loss = 1.174576
Checking accuracy on train set: 
Got 34889 / 50000 correct (69.78)
Checking accuracy on validate set: 
Got 4816 / 10000 correct (48.16)
epoche 157, loss = 1.023271
Checking accuracy on train set: 
Got 34506 / 50000 correct (69.01)
Checking accuracy on validate set: 
Got 4749 / 10000 correct (47.49)
epoche 158, loss = 1.215416
Checking accuracy on train set: 
Got 34766 / 50000 correct (69.53)
Checking accuracy on validate set: 
Got 4776 / 10000 correct (47.76)
epoche 159, loss = 1.143155
Checking accuracy on train set: 
Got 35062 / 50000 correct (70.12)
Checking accuracy on validate set: 
Got 4777 / 10000 correct (47.77)
epoche 160, loss = 1.177290
Checking accuracy on train set: 
Got 34434 / 50000 correct (68.87)
Checking accuracy on validate set: 
Got 4730 / 10000 correct (47.30)
epoche 161, loss = 1.072449
Checking accuracy on train set: 
Got 34870 / 50000 correct (69.74)
Checking accuracy on validate set: 
Got 4712 / 10000 correct (47.12)
epoche 162, loss = 1.218212
Checking accuracy on train set: 
Got 35198 / 50000 correct (70.40)
Checking accuracy on validate set: 
Got 4740 / 10000 correct (47.40)
epoche 163, loss = 1.234860
Checking accuracy on train set: 
Got 35132 / 50000 correct (70.26)
Checking accuracy on validate set: 
Got 4780 / 10000 correct (47.80)
epoche 164, loss = 1.085719
Checking accuracy on train set: 
Got 35241 / 50000 correct (70.48)
Checking accuracy on validate set: 
Got 4820 / 10000 correct (48.20)
epoche 165, loss = 0.944312
Checking accuracy on train set: 
Got 35226 / 50000 correct (70.45)
Checking accuracy on validate set: 
Got 4755 / 10000 correct (47.55)
epoche 166, loss = 1.132365
Checking accuracy on train set: 
Got 35349 / 50000 correct (70.70)
Checking accuracy on validate set: 
Got 4792 / 10000 correct (47.92)
epoche 167, loss = 1.071900
Checking accuracy on train set: 
Got 35289 / 50000 correct (70.58)
Checking accuracy on validate set: 
Got 4793 / 10000 correct (47.93)
epoche 168, loss = 1.022115
Checking accuracy on train set: 
Got 35505 / 50000 correct (71.01)
Checking accuracy on validate set: 
Got 4807 / 10000 correct (48.07)
epoche 169, loss = 1.211334
Checking accuracy on train set: 
Got 35218 / 50000 correct (70.44)
Checking accuracy on validate set: 
Got 4794 / 10000 correct (47.94)
epoche 170, loss = 1.075529
Checking accuracy on train set: 
Got 35382 / 50000 correct (70.76)
Checking accuracy on validate set: 
Got 4793 / 10000 correct (47.93)
epoche 171, loss = 1.062980
Checking accuracy on train set: 
Got 35691 / 50000 correct (71.38)
Checking accuracy on validate set: 
Got 4825 / 10000 correct (48.25)
epoche 172, loss = 1.054960
Checking accuracy on train set: 
Got 35375 / 50000 correct (70.75)
Checking accuracy on validate set: 
Got 4816 / 10000 correct (48.16)
epoche 173, loss = 1.107751
Checking accuracy on train set: 
Got 35520 / 50000 correct (71.04)
Checking accuracy on validate set: 
Got 4744 / 10000 correct (47.44)
epoche 174, loss = 0.994774
Checking accuracy on train set: 
Got 35553 / 50000 correct (71.11)
Checking accuracy on validate set: 
Got 4747 / 10000 correct (47.47)
epoche 175, loss = 1.204288
Checking accuracy on train set: 
Got 35624 / 50000 correct (71.25)
Checking accuracy on validate set: 
Got 4817 / 10000 correct (48.17)
epoche 176, loss = 1.160794
Checking accuracy on train set: 
Got 35527 / 50000 correct (71.05)
Checking accuracy on validate set: 
Got 4784 / 10000 correct (47.84)
epoche 177, loss = 1.100466
Checking accuracy on train set: 
Got 35543 / 50000 correct (71.09)
Checking accuracy on validate set: 
Got 4781 / 10000 correct (47.81)
epoche 178, loss = 0.901128
Checking accuracy on train set: 
Got 35785 / 50000 correct (71.57)
Checking accuracy on validate set: 
Got 4787 / 10000 correct (47.87)
epoche 179, loss = 1.058879
Checking accuracy on train set: 
Got 35876 / 50000 correct (71.75)
Checking accuracy on validate set: 
Got 4848 / 10000 correct (48.48)
epoche 180, loss = 1.065697
Checking accuracy on train set: 
Got 35853 / 50000 correct (71.71)
Checking accuracy on validate set: 
Got 4827 / 10000 correct (48.27)
epoche 181, loss = 1.095796
Checking accuracy on train set: 
Got 35842 / 50000 correct (71.68)
Checking accuracy on validate set: 
Got 4772 / 10000 correct (47.72)
epoche 182, loss = 1.056115
Checking accuracy on train set: 
Got 35883 / 50000 correct (71.77)
Checking accuracy on validate set: 
Got 4776 / 10000 correct (47.76)
epoche 183, loss = 0.997661
Checking accuracy on train set: 
Got 35556 / 50000 correct (71.11)
Checking accuracy on validate set: 
Got 4780 / 10000 correct (47.80)
epoche 184, loss = 1.037514
Checking accuracy on train set: 
Got 36028 / 50000 correct (72.06)
Checking accuracy on validate set: 
Got 4731 / 10000 correct (47.31)
epoche 185, loss = 0.940745
Checking accuracy on train set: 
Got 36076 / 50000 correct (72.15)
Checking accuracy on validate set: 
Got 4813 / 10000 correct (48.13)
epoche 186, loss = 0.986611
Checking accuracy on train set: 
Got 36191 / 50000 correct (72.38)
Checking accuracy on validate set: 
Got 4826 / 10000 correct (48.26)
epoche 187, loss = 1.006124
Checking accuracy on train set: 
Got 36151 / 50000 correct (72.30)
Checking accuracy on validate set: 
Got 4777 / 10000 correct (47.77)
epoche 188, loss = 1.001692
Checking accuracy on train set: 
Got 36424 / 50000 correct (72.85)
Checking accuracy on validate set: 
Got 4768 / 10000 correct (47.68)
epoche 189, loss = 1.007043
Checking accuracy on train set: 
Got 36411 / 50000 correct (72.82)
Checking accuracy on validate set: 
Got 4814 / 10000 correct (48.14)
epoche 190, loss = 0.983876
Checking accuracy on train set: 
Got 35963 / 50000 correct (71.93)
Checking accuracy on validate set: 
Got 4788 / 10000 correct (47.88)
epoche 191, loss = 0.997314
Checking accuracy on train set: 
Got 36414 / 50000 correct (72.83)
Checking accuracy on validate set: 
Got 4742 / 10000 correct (47.42)
epoche 192, loss = 1.030258
Checking accuracy on train set: 
Got 35981 / 50000 correct (71.96)
Checking accuracy on validate set: 
Got 4722 / 10000 correct (47.22)
epoche 193, loss = 1.067215
Checking accuracy on train set: 
Got 36592 / 50000 correct (73.18)
Checking accuracy on validate set: 
Got 4799 / 10000 correct (47.99)
epoche 194, loss = 1.029966
Checking accuracy on train set: 
Got 36246 / 50000 correct (72.49)
Checking accuracy on validate set: 
Got 4805 / 10000 correct (48.05)
epoche 195, loss = 1.107531
Checking accuracy on train set: 
Got 36308 / 50000 correct (72.62)
Checking accuracy on validate set: 
Got 4741 / 10000 correct (47.41)
epoche 196, loss = 0.993809
Checking accuracy on train set: 
Got 36456 / 50000 correct (72.91)
Checking accuracy on validate set: 
Got 4817 / 10000 correct (48.17)
epoche 197, loss = 1.014998
Checking accuracy on train set: 
Got 36531 / 50000 correct (73.06)
Checking accuracy on validate set: 
Got 4772 / 10000 correct (47.72)
epoche 198, loss = 0.937339
Checking accuracy on train set: 
Got 36689 / 50000 correct (73.38)
Checking accuracy on validate set: 
Got 4838 / 10000 correct (48.38)
epoche 199, loss = 0.877050
Checking accuracy on train set: 
Got 36895 / 50000 correct (73.79)
Checking accuracy on validate set: 
Got 4759 / 10000 correct (47.59)
Best val Acc: 0.484800
Pong-v0:
    - model name: customized
    - optimizer: Adam
    - learning rate: 0.0001
    - batch size: 512
    - device : cuda:0
    - num_of_classes: 100
    - param_to_update_name_prefix: []
    - epochs: 500
 
Files already downloaded and verified
Files already downloaded and verified
epoche 0, loss = 1.452171
Checking accuracy on train set: 
Got 29905 / 50000 correct (59.81)
Checking accuracy on validate set: 
Got 4811 / 10000 correct (48.11)
epoche 1, loss = 1.537045
Checking accuracy on train set: 
Got 30740 / 50000 correct (61.48)
Checking accuracy on validate set: 
Got 4791 / 10000 correct (47.91)
epoche 2, loss = 1.439083
Checking accuracy on train set: 
Got 30885 / 50000 correct (61.77)
Checking accuracy on validate set: 
Got 4802 / 10000 correct (48.02)
epoche 3, loss = 1.449349
Checking accuracy on train set: 
Got 31252 / 50000 correct (62.50)
Checking accuracy on validate set: 
Got 4822 / 10000 correct (48.22)
epoche 4, loss = 1.392932
Checking accuracy on train set: 
Got 31339 / 50000 correct (62.68)
Checking accuracy on validate set: 
Got 4802 / 10000 correct (48.02)
epoche 5, loss = 1.439392
Checking accuracy on train set: 
Got 31421 / 50000 correct (62.84)
Checking accuracy on validate set: 
Got 4783 / 10000 correct (47.83)
epoche 6, loss = 1.553582
Checking accuracy on train set: 
Got 31839 / 50000 correct (63.68)
Checking accuracy on validate set: 
Got 4772 / 10000 correct (47.72)
epoche 7, loss = 1.228196
Checking accuracy on train set: 
Got 31765 / 50000 correct (63.53)
Checking accuracy on validate set: 
Got 4853 / 10000 correct (48.53)
epoche 8, loss = 1.391251
Checking accuracy on train set: 
Got 31870 / 50000 correct (63.74)
Checking accuracy on validate set: 
Got 4796 / 10000 correct (47.96)
epoche 9, loss = 1.213333
Checking accuracy on train set: 
Got 31781 / 50000 correct (63.56)
Checking accuracy on validate set: 
Got 4852 / 10000 correct (48.52)
epoche 10, loss = 1.276236
Checking accuracy on train set: 
Got 32185 / 50000 correct (64.37)
Checking accuracy on validate set: 
Got 4780 / 10000 correct (47.80)
epoche 11, loss = 1.214075
Checking accuracy on train set: 
Got 32040 / 50000 correct (64.08)
Checking accuracy on validate set: 
Got 4809 / 10000 correct (48.09)
epoche 12, loss = 1.391922
Checking accuracy on train set: 
Got 32401 / 50000 correct (64.80)
Checking accuracy on validate set: 
Got 4801 / 10000 correct (48.01)
epoche 13, loss = 1.356130
Checking accuracy on train set: 
Got 32139 / 50000 correct (64.28)
Checking accuracy on validate set: 
Got 4774 / 10000 correct (47.74)
epoche 14, loss = 1.251301
Checking accuracy on train set: 
Got 32409 / 50000 correct (64.82)
Checking accuracy on validate set: 
Got 4819 / 10000 correct (48.19)
epoche 15, loss = 1.238183
Checking accuracy on train set: 
Got 32576 / 50000 correct (65.15)
Checking accuracy on validate set: 
Got 4855 / 10000 correct (48.55)
epoche 16, loss = 1.386104
Checking accuracy on train set: 
Got 32381 / 50000 correct (64.76)
Checking accuracy on validate set: 
Got 4837 / 10000 correct (48.37)
epoche 17, loss = 1.504521
Checking accuracy on train set: 
Got 32414 / 50000 correct (64.83)
Checking accuracy on validate set: 
Got 4805 / 10000 correct (48.05)
epoche 18, loss = 1.272843
Checking accuracy on train set: 
Got 32688 / 50000 correct (65.38)
Checking accuracy on validate set: 
Got 4879 / 10000 correct (48.79)
epoche 19, loss = 1.228234
Checking accuracy on train set: 
Got 32785 / 50000 correct (65.57)
Checking accuracy on validate set: 
Got 4825 / 10000 correct (48.25)
epoche 20, loss = 1.233944
Checking accuracy on train set: 
Got 32442 / 50000 correct (64.88)
Checking accuracy on validate set: 
Got 4754 / 10000 correct (47.54)
epoche 21, loss = 1.209886
Checking accuracy on train set: 
Got 32554 / 50000 correct (65.11)
Checking accuracy on validate set: 
Got 4843 / 10000 correct (48.43)
epoche 22, loss = 1.300413
Checking accuracy on train set: 
Got 32971 / 50000 correct (65.94)
Checking accuracy on validate set: 
Got 4820 / 10000 correct (48.20)
epoche 23, loss = 1.200049
Checking accuracy on train set: 
Got 32808 / 50000 correct (65.62)
Checking accuracy on validate set: 
Got 4800 / 10000 correct (48.00)
epoche 24, loss = 1.188097
Checking accuracy on train set: 
Got 32408 / 50000 correct (64.82)
Checking accuracy on validate set: 
Got 4773 / 10000 correct (47.73)
epoche 25, loss = 1.197068
Checking accuracy on train set: 
Got 32869 / 50000 correct (65.74)
Checking accuracy on validate set: 
Got 4829 / 10000 correct (48.29)
epoche 26, loss = 1.215969
Checking accuracy on train set: 
Got 32748 / 50000 correct (65.50)
Checking accuracy on validate set: 
Got 4775 / 10000 correct (47.75)
epoche 27, loss = 1.399606
Checking accuracy on train set: 
Got 33071 / 50000 correct (66.14)
Checking accuracy on validate set: 
Got 4827 / 10000 correct (48.27)
epoche 28, loss = 1.094246
Checking accuracy on train set: 
Got 32938 / 50000 correct (65.88)
Checking accuracy on validate set: 
Got 4828 / 10000 correct (48.28)
epoche 29, loss = 1.370773
Checking accuracy on train set: 
Got 32939 / 50000 correct (65.88)
Checking accuracy on validate set: 
Got 4832 / 10000 correct (48.32)
epoche 30, loss = 1.277834
Checking accuracy on train set: 
Got 32996 / 50000 correct (65.99)
Checking accuracy on validate set: 
Got 4810 / 10000 correct (48.10)
epoche 31, loss = 1.137998
Checking accuracy on train set: 
Got 33532 / 50000 correct (67.06)
Checking accuracy on validate set: 
Got 4846 / 10000 correct (48.46)
epoche 32, loss = 1.201401
Checking accuracy on train set: 
Got 33288 / 50000 correct (66.58)
Checking accuracy on validate set: 
Got 4795 / 10000 correct (47.95)
epoche 33, loss = 1.239611
Checking accuracy on train set: 
Got 33025 / 50000 correct (66.05)
Checking accuracy on validate set: 
Got 4757 / 10000 correct (47.57)
epoche 34, loss = 1.376223
Checking accuracy on train set: 
Got 33166 / 50000 correct (66.33)
Checking accuracy on validate set: 
Got 4837 / 10000 correct (48.37)
epoche 35, loss = 1.153297
Checking accuracy on train set: 
Got 33116 / 50000 correct (66.23)
Checking accuracy on validate set: 
Got 4867 / 10000 correct (48.67)
epoche 36, loss = 1.128044
Checking accuracy on train set: 
Got 33217 / 50000 correct (66.43)
Checking accuracy on validate set: 
Got 4829 / 10000 correct (48.29)
epoche 37, loss = 1.079516
Checking accuracy on train set: 
Got 33557 / 50000 correct (67.11)
Checking accuracy on validate set: 
Got 4865 / 10000 correct (48.65)
epoche 38, loss = 1.223907
Checking accuracy on train set: 
Got 33009 / 50000 correct (66.02)
Checking accuracy on validate set: 
Got 4849 / 10000 correct (48.49)
epoche 39, loss = 1.169018
Checking accuracy on train set: 
Got 33140 / 50000 correct (66.28)
Checking accuracy on validate set: 
Got 4769 / 10000 correct (47.69)
epoche 40, loss = 1.105480
Checking accuracy on train set: 
Got 33467 / 50000 correct (66.93)
Checking accuracy on validate set: 
Got 4872 / 10000 correct (48.72)
epoche 41, loss = 1.267065
Checking accuracy on train set: 
Got 33640 / 50000 correct (67.28)
Checking accuracy on validate set: 
Got 4847 / 10000 correct (48.47)
epoche 42, loss = 1.211693
Checking accuracy on train set: 
Got 33444 / 50000 correct (66.89)
Checking accuracy on validate set: 
Got 4854 / 10000 correct (48.54)
epoche 43, loss = 1.066496
Checking accuracy on train set: 
Got 33704 / 50000 correct (67.41)
Checking accuracy on validate set: 
Got 4844 / 10000 correct (48.44)
epoche 44, loss = 1.004866
Checking accuracy on train set: 
Got 33591 / 50000 correct (67.18)
Checking accuracy on validate set: 
Got 4819 / 10000 correct (48.19)
epoche 45, loss = 1.234175
Checking accuracy on train set: 
Got 33753 / 50000 correct (67.51)
Checking accuracy on validate set: 
Got 4920 / 10000 correct (49.20)
epoche 46, loss = 1.153781
Checking accuracy on train set: 
Got 33633 / 50000 correct (67.27)
Checking accuracy on validate set: 
Got 4899 / 10000 correct (48.99)
epoche 47, loss = 1.111500
Checking accuracy on train set: 
Got 33522 / 50000 correct (67.04)
Checking accuracy on validate set: 
Got 4866 / 10000 correct (48.66)
epoche 48, loss = 1.045315
Checking accuracy on train set: 
Got 33830 / 50000 correct (67.66)
Checking accuracy on validate set: 
Got 4852 / 10000 correct (48.52)
epoche 49, loss = 1.116290
Checking accuracy on train set: 
Got 34079 / 50000 correct (68.16)
Checking accuracy on validate set: 
Got 4852 / 10000 correct (48.52)
epoche 50, loss = 1.098672
Checking accuracy on train set: 
Got 34111 / 50000 correct (68.22)
Checking accuracy on validate set: 
Got 4855 / 10000 correct (48.55)
epoche 51, loss = 1.266068
Checking accuracy on train set: 
Got 34055 / 50000 correct (68.11)
Checking accuracy on validate set: 
Got 4907 / 10000 correct (49.07)
epoche 52, loss = 1.046229
Checking accuracy on train set: 
Got 33883 / 50000 correct (67.77)
Checking accuracy on validate set: 
Got 4833 / 10000 correct (48.33)
epoche 53, loss = 1.130881
Checking accuracy on train set: 
Got 33639 / 50000 correct (67.28)
Checking accuracy on validate set: 
Got 4843 / 10000 correct (48.43)
epoche 54, loss = 1.152269
Checking accuracy on train set: 
Got 34074 / 50000 correct (68.15)
Checking accuracy on validate set: 
Got 4830 / 10000 correct (48.30)
epoche 55, loss = 1.227292
Checking accuracy on train set: 
Got 34156 / 50000 correct (68.31)
Checking accuracy on validate set: 
Got 4850 / 10000 correct (48.50)
epoche 56, loss = 1.155140
Checking accuracy on train set: 
Got 34097 / 50000 correct (68.19)
Checking accuracy on validate set: 
Got 4836 / 10000 correct (48.36)
epoche 57, loss = 1.129169
Checking accuracy on train set: 
Got 33770 / 50000 correct (67.54)
Checking accuracy on validate set: 
Got 4863 / 10000 correct (48.63)
epoche 58, loss = 1.269775
Checking accuracy on train set: 
Got 34254 / 50000 correct (68.51)
Checking accuracy on validate set: 
Got 4868 / 10000 correct (48.68)
epoche 59, loss = 1.123391
Checking accuracy on train set: 
Got 34014 / 50000 correct (68.03)
Checking accuracy on validate set: 
Got 4873 / 10000 correct (48.73)
epoche 60, loss = 1.141811
Checking accuracy on train set: 
Got 34252 / 50000 correct (68.50)
Checking accuracy on validate set: 
Got 4860 / 10000 correct (48.60)
epoche 61, loss = 1.219813
Checking accuracy on train set: 
Got 34100 / 50000 correct (68.20)
Checking accuracy on validate set: 
Got 4834 / 10000 correct (48.34)
epoche 62, loss = 1.096977
Checking accuracy on train set: 
Got 34348 / 50000 correct (68.70)
Checking accuracy on validate set: 
Got 4805 / 10000 correct (48.05)
epoche 63, loss = 1.066522
Checking accuracy on train set: 
Got 33994 / 50000 correct (67.99)
Checking accuracy on validate set: 
Got 4870 / 10000 correct (48.70)
epoche 64, loss = 1.086330
Checking accuracy on train set: 
Got 34414 / 50000 correct (68.83)
Checking accuracy on validate set: 
Got 4935 / 10000 correct (49.35)
epoche 65, loss = 1.210658
Checking accuracy on train set: 
Got 34340 / 50000 correct (68.68)
Checking accuracy on validate set: 
Got 4852 / 10000 correct (48.52)
epoche 66, loss = 1.088295
Checking accuracy on train set: 
Got 34432 / 50000 correct (68.86)
Checking accuracy on validate set: 
Got 4876 / 10000 correct (48.76)
epoche 67, loss = 1.070423
Checking accuracy on train set: 
Got 34690 / 50000 correct (69.38)
Checking accuracy on validate set: 
Got 4898 / 10000 correct (48.98)
epoche 68, loss = 1.126681
Checking accuracy on train set: 
Got 34545 / 50000 correct (69.09)
Checking accuracy on validate set: 
Got 4867 / 10000 correct (48.67)
epoche 69, loss = 1.028987
Checking accuracy on train set: 
Got 34311 / 50000 correct (68.62)
Checking accuracy on validate set: 
Got 4823 / 10000 correct (48.23)
epoche 70, loss = 1.157037
Checking accuracy on train set: 
Got 34432 / 50000 correct (68.86)
Checking accuracy on validate set: 
Got 4835 / 10000 correct (48.35)
epoche 71, loss = 1.117766
Checking accuracy on train set: 
Got 34446 / 50000 correct (68.89)
Checking accuracy on validate set: 
Got 4795 / 10000 correct (47.95)
epoche 72, loss = 1.138898
Checking accuracy on train set: 
Got 34777 / 50000 correct (69.55)
Checking accuracy on validate set: 
Got 4925 / 10000 correct (49.25)
epoche 73, loss = 1.074548
Checking accuracy on train set: 
Got 34414 / 50000 correct (68.83)
Checking accuracy on validate set: 
Got 4865 / 10000 correct (48.65)
epoche 74, loss = 0.952060
Checking accuracy on train set: 
Got 34729 / 50000 correct (69.46)
Checking accuracy on validate set: 
Got 4816 / 10000 correct (48.16)
epoche 75, loss = 1.065560
Checking accuracy on train set: 
Got 34404 / 50000 correct (68.81)
Checking accuracy on validate set: 
Got 4926 / 10000 correct (49.26)
epoche 76, loss = 1.186307
Checking accuracy on train set: 
Got 34541 / 50000 correct (69.08)
Checking accuracy on validate set: 
Got 4820 / 10000 correct (48.20)
epoche 77, loss = 1.048304
Checking accuracy on train set: 
Got 34619 / 50000 correct (69.24)
Checking accuracy on validate set: 
Got 4856 / 10000 correct (48.56)
epoche 78, loss = 1.083034
Checking accuracy on train set: 
Got 34679 / 50000 correct (69.36)
Checking accuracy on validate set: 
Got 4872 / 10000 correct (48.72)
epoche 79, loss = 1.110091
Checking accuracy on train set: 
Got 34823 / 50000 correct (69.65)
Checking accuracy on validate set: 
Got 4921 / 10000 correct (49.21)
epoche 80, loss = 1.078523
Checking accuracy on train set: 
Got 34535 / 50000 correct (69.07)
Checking accuracy on validate set: 
Got 4850 / 10000 correct (48.50)
epoche 81, loss = 1.055493
Checking accuracy on train set: 
Got 34652 / 50000 correct (69.30)
Checking accuracy on validate set: 
Got 4823 / 10000 correct (48.23)
epoche 82, loss = 1.204032
Checking accuracy on train set: 
Got 34674 / 50000 correct (69.35)
Checking accuracy on validate set: 
Got 4852 / 10000 correct (48.52)
epoche 83, loss = 1.155504
Checking accuracy on train set: 
Got 34655 / 50000 correct (69.31)
Checking accuracy on validate set: 
Got 4847 / 10000 correct (48.47)
epoche 84, loss = 1.059983
Checking accuracy on train set: 
Got 35108 / 50000 correct (70.22)
Checking accuracy on validate set: 
Got 4871 / 10000 correct (48.71)
epoche 85, loss = 1.061492
Checking accuracy on train set: 
Got 34902 / 50000 correct (69.80)
Checking accuracy on validate set: 
Got 4825 / 10000 correct (48.25)
epoche 86, loss = 1.080614
Checking accuracy on train set: 
Got 34726 / 50000 correct (69.45)
Checking accuracy on validate set: 
Got 4876 / 10000 correct (48.76)
epoche 87, loss = 1.269968
Checking accuracy on train set: 
Got 35256 / 50000 correct (70.51)
Checking accuracy on validate set: 
Got 4862 / 10000 correct (48.62)
epoche 88, loss = 0.932067
Checking accuracy on train set: 
Got 34946 / 50000 correct (69.89)
Checking accuracy on validate set: 
Got 4863 / 10000 correct (48.63)
epoche 89, loss = 1.104367
Checking accuracy on train set: 
Got 35019 / 50000 correct (70.04)
Checking accuracy on validate set: 
Got 4867 / 10000 correct (48.67)
epoche 90, loss = 1.161996
Checking accuracy on train set: 
Got 35040 / 50000 correct (70.08)
Checking accuracy on validate set: 
Got 4843 / 10000 correct (48.43)
epoche 91, loss = 1.158588
Checking accuracy on train set: 
Got 35332 / 50000 correct (70.66)
Checking accuracy on validate set: 
Got 4857 / 10000 correct (48.57)
epoche 92, loss = 1.060769
Checking accuracy on train set: 
Got 35142 / 50000 correct (70.28)
Checking accuracy on validate set: 
Got 4811 / 10000 correct (48.11)
epoche 93, loss = 1.121387
Checking accuracy on train set: 
Got 35203 / 50000 correct (70.41)
Checking accuracy on validate set: 
Got 4909 / 10000 correct (49.09)
epoche 94, loss = 1.014781
Checking accuracy on train set: 
Got 35125 / 50000 correct (70.25)
Checking accuracy on validate set: 
Got 4880 / 10000 correct (48.80)
epoche 95, loss = 1.132178
Checking accuracy on train set: 
Got 35433 / 50000 correct (70.87)
Checking accuracy on validate set: 
Got 4866 / 10000 correct (48.66)
epoche 96, loss = 1.027586
Checking accuracy on train set: 
Got 35101 / 50000 correct (70.20)
Checking accuracy on validate set: 
Got 4852 / 10000 correct (48.52)
epoche 97, loss = 0.898872
Checking accuracy on train set: 
Got 35613 / 50000 correct (71.23)
Checking accuracy on validate set: 
Got 4865 / 10000 correct (48.65)
epoche 98, loss = 1.066596
Checking accuracy on train set: 
Got 35535 / 50000 correct (71.07)
Checking accuracy on validate set: 
Got 4861 / 10000 correct (48.61)
epoche 99, loss = 0.980643
Checking accuracy on train set: 
Got 35407 / 50000 correct (70.81)
Checking accuracy on validate set: 
Got 4856 / 10000 correct (48.56)
epoche 100, loss = 1.094395
Checking accuracy on train set: 
Got 35323 / 50000 correct (70.65)
Checking accuracy on validate set: 
Got 4865 / 10000 correct (48.65)
epoche 101, loss = 1.022947
Checking accuracy on train set: 
Got 35491 / 50000 correct (70.98)
Checking accuracy on validate set: 
Got 4875 / 10000 correct (48.75)
epoche 102, loss = 1.029720
Checking accuracy on train set: 
Got 35342 / 50000 correct (70.68)
Checking accuracy on validate set: 
Got 4877 / 10000 correct (48.77)
epoche 103, loss = 1.059332
Checking accuracy on train set: 
Got 35616 / 50000 correct (71.23)
Checking accuracy on validate set: 
Got 4911 / 10000 correct (49.11)
epoche 104, loss = 1.080732
Checking accuracy on train set: 
Got 35675 / 50000 correct (71.35)
Checking accuracy on validate set: 
Got 4831 / 10000 correct (48.31)
epoche 105, loss = 1.125334
Checking accuracy on train set: 
Got 34714 / 50000 correct (69.43)
Checking accuracy on validate set: 
Got 4830 / 10000 correct (48.30)
epoche 106, loss = 0.942092
Checking accuracy on train set: 
Got 35284 / 50000 correct (70.57)
Checking accuracy on validate set: 
Got 4836 / 10000 correct (48.36)
epoche 107, loss = 1.069087
Checking accuracy on train set: 
Got 35558 / 50000 correct (71.12)
Checking accuracy on validate set: 
Got 4881 / 10000 correct (48.81)
epoche 108, loss = 1.074170
Checking accuracy on train set: 
Got 35185 / 50000 correct (70.37)
Checking accuracy on validate set: 
Got 4860 / 10000 correct (48.60)
epoche 109, loss = 1.054221
Checking accuracy on train set: 
Got 35695 / 50000 correct (71.39)
Checking accuracy on validate set: 
Got 4842 / 10000 correct (48.42)
epoche 110, loss = 0.973796
Checking accuracy on train set: 
Got 35270 / 50000 correct (70.54)
Checking accuracy on validate set: 
Got 4854 / 10000 correct (48.54)
epoche 111, loss = 1.056484
Checking accuracy on train set: 
Got 35644 / 50000 correct (71.29)
Checking accuracy on validate set: 
Got 4907 / 10000 correct (49.07)
epoche 112, loss = 1.046404
Checking accuracy on train set: 
Got 35743 / 50000 correct (71.49)
Checking accuracy on validate set: 
Got 4875 / 10000 correct (48.75)
epoche 113, loss = 1.083999
Checking accuracy on train set: 
Got 35812 / 50000 correct (71.62)
Checking accuracy on validate set: 
Got 4911 / 10000 correct (49.11)
epoche 114, loss = 1.116675
Checking accuracy on train set: 
Got 35579 / 50000 correct (71.16)
Checking accuracy on validate set: 
Got 4867 / 10000 correct (48.67)
epoche 115, loss = 1.079861
Checking accuracy on train set: 
Got 35752 / 50000 correct (71.50)
Checking accuracy on validate set: 
