WARNING:root:DQN trained on Pong-v0
WARNING:root:{'LEARNING_RATE': 0.001}
WARNING:root:Episode 0, Reward Sum -21.0.
WARNING:root:Episode 10, Reward Sum -21.0.
WARNING:root:Episode 20, Reward Sum -20.0.
WARNING:root:Episode 30, Reward Sum -20.0.
WARNING:root:Episode 40, Reward Sum -20.0.
WARNING:root:Episode 50, Reward Sum -19.0.
WARNING:root:Episode 60, Reward Sum -20.0.
WARNING:root:Episode 70, Reward Sum -19.0.
WARNING:root:Episode 80, Reward Sum -21.0.
WARNING:root:Episode 90, Reward Sum -21.0.
WARNING:root:evaluating on 5 episodes with mean reward -21.0.
WARNING:root:Episode 100, Reward Sum -20.0.
WARNING:root:Episode 110, Reward Sum -21.0.
WARNING:root:Episode 120, Reward Sum -20.0.
WARNING:root:Episode 130, Reward Sum -21.0.
WARNING:root:Episode 140, Reward Sum -20.0.
WARNING:root:Episode 150, Reward Sum -20.0.
WARNING:root:Episode 160, Reward Sum -21.0.
WARNING:root:Episode 170, Reward Sum -20.0.
WARNING:root:Episode 180, Reward Sum -21.0.
WARNING:root:Episode 190, Reward Sum -20.0.
WARNING:root:evaluating on 5 episodes with mean reward -20.8.
WARNING:root:Episode 200, Reward Sum -21.0.
WARNING:root:Episode 210, Reward Sum -20.0.
WARNING:root:Episode 220, Reward Sum -21.0.
WARNING:root:Episode 230, Reward Sum -21.0.
WARNING:root:Episode 240, Reward Sum -20.0.
WARNING:root:Episode 250, Reward Sum -21.0.
WARNING:root:Episode 260, Reward Sum -20.0.
WARNING:root:Episode 270, Reward Sum -20.0.
WARNING:root:Episode 280, Reward Sum -21.0.
WARNING:root:Episode 290, Reward Sum -19.0.
WARNING:root:evaluating on 5 episodes with mean reward -20.2.
WARNING:root:Episode 300, Reward Sum -20.0.
WARNING:root:Episode 310, Reward Sum -21.0.
WARNING:root:Episode 320, Reward Sum -20.0.
WARNING:root:Episode 330, Reward Sum -20.0.
WARNING:root:Episode 340, Reward Sum -20.0.
WARNING:root:Episode 350, Reward Sum -19.0.
WARNING:root:Episode 360, Reward Sum -21.0.
WARNING:root:Episode 370, Reward Sum -19.0.
WARNING:root:Episode 380, Reward Sum -20.0.
WARNING:root:Episode 390, Reward Sum -20.0.
WARNING:root:evaluating on 5 episodes with mean reward -19.6.
WARNING:root:Episode 400, Reward Sum -21.0.
WARNING:root:Episode 410, Reward Sum -19.0.
WARNING:root:Episode 420, Reward Sum -21.0.
WARNING:root:Episode 430, Reward Sum -20.0.
WARNING:root:Episode 440, Reward Sum -19.0.
WARNING:root:Episode 450, Reward Sum -19.0.
WARNING:root:Episode 460, Reward Sum -19.0.
WARNING:root:Episode 470, Reward Sum -20.0.
WARNING:root:Episode 480, Reward Sum -16.0.
WARNING:root:Episode 490, Reward Sum -18.0.
WARNING:root:evaluating on 5 episodes with mean reward -18.8.
WARNING:root:Episode 500, Reward Sum -18.0.
WARNING:root:Episode 510, Reward Sum -18.0.
WARNING:root:Episode 520, Reward Sum -19.0.
WARNING:root:Episode 530, Reward Sum -19.0.
WARNING:root:Episode 540, Reward Sum -18.0.
WARNING:root:Episode 550, Reward Sum -18.0.
WARNING:root:Episode 560, Reward Sum -18.0.
WARNING:root:Episode 570, Reward Sum -19.0.
WARNING:root:Episode 580, Reward Sum -20.0.
WARNING:root:Episode 590, Reward Sum -14.0.
WARNING:root:evaluating on 5 episodes with mean reward -21.0.
WARNING:root:Episode 600, Reward Sum -18.0.
WARNING:root:Episode 610, Reward Sum -18.0.
WARNING:root:Episode 620, Reward Sum -18.0.
WARNING:root:Episode 630, Reward Sum -19.0.
WARNING:root:Episode 640, Reward Sum -18.0.
WARNING:root:Episode 650, Reward Sum -19.0.
WARNING:root:Episode 660, Reward Sum -17.0.
WARNING:root:Episode 670, Reward Sum -19.0.
WARNING:root:Episode 680, Reward Sum -21.0.
WARNING:root:Episode 690, Reward Sum -18.0.
WARNING:root:evaluating on 5 episodes with mean reward -20.0.
WARNING:root:Episode 700, Reward Sum -19.0.
WARNING:root:Episode 710, Reward Sum -18.0.
WARNING:root:Episode 720, Reward Sum -20.0.
WARNING:root:Episode 730, Reward Sum -18.0.
WARNING:root:Episode 740, Reward Sum -18.0.
WARNING:root:Episode 750, Reward Sum -21.0.
WARNING:root:Episode 760, Reward Sum -20.0.
WARNING:root:Episode 770, Reward Sum -18.0.
WARNING:root:Episode 780, Reward Sum -21.0.
WARNING:root:Episode 790, Reward Sum -20.0.
WARNING:root:evaluating on 5 episodes with mean reward -18.6.
WARNING:root:Episode 800, Reward Sum -19.0.
WARNING:root:Episode 810, Reward Sum -19.0.
WARNING:root:Episode 820, Reward Sum -17.0.
WARNING:root:Episode 830, Reward Sum -19.0.
WARNING:root:Episode 840, Reward Sum -19.0.
WARNING:root:Episode 850, Reward Sum -19.0.
WARNING:root:Episode 860, Reward Sum -20.0.
WARNING:root:Episode 870, Reward Sum -19.0.
WARNING:root:Episode 880, Reward Sum -19.0.
WARNING:root:Episode 890, Reward Sum -19.0.
WARNING:root:evaluating on 5 episodes with mean reward -19.2.
WARNING:root:Episode 900, Reward Sum -19.0.
WARNING:root:Episode 910, Reward Sum -18.0.
WARNING:root:Episode 920, Reward Sum -19.0.
WARNING:root:Episode 930, Reward Sum -19.0.
WARNING:root:Episode 940, Reward Sum -21.0.
WARNING:root:Episode 950, Reward Sum -18.0.
WARNING:root:Episode 960, Reward Sum -17.0.
WARNING:root:Episode 970, Reward Sum -19.0.
WARNING:root:Episode 980, Reward Sum -16.0.
WARNING:root:Episode 990, Reward Sum -16.0.
WARNING:root:evaluating on 5 episodes with mean reward -19.6.
WARNING:root:Episode 1000, Reward Sum -16.0.
WARNING:root:Episode 1010, Reward Sum -16.0.
WARNING:root:Episode 1020, Reward Sum -19.0.
WARNING:root:Episode 1030, Reward Sum -18.0.
WARNING:root:Episode 1040, Reward Sum -16.0.
WARNING:root:Episode 1050, Reward Sum -21.0.
WARNING:root:Episode 1060, Reward Sum -17.0.
WARNING:root:Episode 1070, Reward Sum -18.0.
WARNING:root:Episode 1080, Reward Sum -20.0.
WARNING:root:Episode 1090, Reward Sum -19.0.
WARNING:root:evaluating on 5 episodes with mean reward -19.4.
WARNING:root:Episode 1100, Reward Sum -19.0.
WARNING:root:Episode 1110, Reward Sum -17.0.
WARNING:root:Episode 1120, Reward Sum -19.0.
WARNING:root:Episode 1130, Reward Sum -18.0.
WARNING:root:Episode 1140, Reward Sum -19.0.
WARNING:root:Episode 1150, Reward Sum -18.0.
WARNING:root:Episode 1160, Reward Sum -16.0.
WARNING:root:Episode 1170, Reward Sum -18.0.
WARNING:root:Episode 1180, Reward Sum -19.0.
WARNING:root:Episode 1190, Reward Sum -16.0.
WARNING:root:evaluating on 5 episodes with mean reward -17.8.
WARNING:root:Episode 1200, Reward Sum -17.0.
WARNING:root:Episode 1210, Reward Sum -20.0.
WARNING:root:Episode 1220, Reward Sum -21.0.
WARNING:root:Episode 1230, Reward Sum -16.0.
WARNING:root:Episode 1240, Reward Sum -18.0.
WARNING:root:Episode 1250, Reward Sum -20.0.
WARNING:root:Episode 1260, Reward Sum -17.0.
WARNING:root:Episode 1270, Reward Sum -18.0.
WARNING:root:Episode 1280, Reward Sum -21.0.
WARNING:root:Episode 1290, Reward Sum -18.0.
WARNING:root:evaluating on 5 episodes with mean reward -18.8.
WARNING:root:Episode 1300, Reward Sum -17.0.
WARNING:root:Episode 1310, Reward Sum -20.0.
WARNING:root:Episode 1320, Reward Sum -20.0.
WARNING:root:Episode 1330, Reward Sum -20.0.
WARNING:root:Episode 1340, Reward Sum -19.0.
WARNING:root:Episode 1350, Reward Sum -19.0.
WARNING:root:Episode 1360, Reward Sum -20.0.
WARNING:root:Episode 1370, Reward Sum -18.0.
WARNING:root:Episode 1380, Reward Sum -17.0.
WARNING:root:Episode 1390, Reward Sum -17.0.
WARNING:root:evaluating on 5 episodes with mean reward -19.2.
WARNING:root:Episode 1400, Reward Sum -20.0.
WARNING:root:Episode 1410, Reward Sum -21.0.
WARNING:root:Episode 1420, Reward Sum -19.0.
WARNING:root:Episode 1430, Reward Sum -19.0.
WARNING:root:Episode 1440, Reward Sum -20.0.
WARNING:root:Episode 1450, Reward Sum -17.0.
WARNING:root:Episode 1460, Reward Sum -18.0.
WARNING:root:Episode 1470, Reward Sum -19.0.
WARNING:root:Episode 1480, Reward Sum -18.0.
WARNING:root:Episode 1490, Reward Sum -19.0.
WARNING:root:evaluating on 5 episodes with mean reward -18.4.
WARNING:root:Episode 1500, Reward Sum -19.0.
WARNING:root:Episode 1510, Reward Sum -20.0.
WARNING:root:Episode 1520, Reward Sum -17.0.
WARNING:root:Episode 1530, Reward Sum -20.0.
WARNING:root:Episode 1540, Reward Sum -19.0.
WARNING:root:Episode 1550, Reward Sum -21.0.
WARNING:root:Episode 1560, Reward Sum -20.0.
WARNING:root:Episode 1570, Reward Sum -17.0.
WARNING:root:Episode 1580, Reward Sum -21.0.
WARNING:root:Episode 1590, Reward Sum -19.0.
WARNING:root:evaluating on 5 episodes with mean reward -19.6.
WARNING:root:Episode 1600, Reward Sum -19.0.
WARNING:root:Episode 1610, Reward Sum -19.0.
WARNING:root:Episode 1620, Reward Sum -19.0.
WARNING:root:Episode 1630, Reward Sum -18.0.
WARNING:root:Episode 1640, Reward Sum -20.0.
WARNING:root:Episode 1650, Reward Sum -19.0.
WARNING:root:Episode 1660, Reward Sum -17.0.
WARNING:root:Episode 1670, Reward Sum -19.0.
WARNING:root:Episode 1680, Reward Sum -20.0.
WARNING:root:Episode 1690, Reward Sum -19.0.
WARNING:root:evaluating on 5 episodes with mean reward -18.4.
WARNING:root:Episode 1700, Reward Sum -16.0.
WARNING:root:Episode 1710, Reward Sum -16.0.
WARNING:root:Episode 1720, Reward Sum -15.0.
WARNING:root:Episode 1730, Reward Sum -17.0.
WARNING:root:Episode 1740, Reward Sum -21.0.
WARNING:root:Episode 1750, Reward Sum -17.0.
WARNING:root:Episode 1760, Reward Sum -16.0.
WARNING:root:Episode 1770, Reward Sum -12.0.
WARNING:root:Episode 1780, Reward Sum -18.0.
WARNING:root:Episode 1790, Reward Sum -17.0.
WARNING:root:evaluating on 5 episodes with mean reward -18.4.
WARNING:root:Episode 1800, Reward Sum -18.0.
WARNING:root:Episode 1810, Reward Sum -17.0.
WARNING:root:Episode 1820, Reward Sum -21.0.
WARNING:root:Episode 1830, Reward Sum -13.0.
WARNING:root:Episode 1840, Reward Sum -18.0.
WARNING:root:Episode 1850, Reward Sum -17.0.
WARNING:root:Episode 1860, Reward Sum -17.0.
WARNING:root:Episode 1870, Reward Sum -18.0.
WARNING:root:Episode 1880, Reward Sum -16.0.
WARNING:root:Episode 1890, Reward Sum -18.0.
WARNING:root:evaluating on 5 episodes with mean reward -17.0.
WARNING:root:Episode 1900, Reward Sum -16.0.
WARNING:root:Episode 1910, Reward Sum -16.0.
WARNING:root:Episode 1920, Reward Sum -19.0.
WARNING:root:Episode 1930, Reward Sum -19.0.
WARNING:root:Episode 1940, Reward Sum -17.0.
WARNING:root:Episode 1950, Reward Sum -11.0.
WARNING:root:Episode 1960, Reward Sum -14.0.
WARNING:root:Episode 1970, Reward Sum -19.0.
WARNING:root:Episode 1980, Reward Sum -17.0.
WARNING:root:Episode 1990, Reward Sum -13.0.
WARNING:root:evaluating on 5 episodes with mean reward -13.8.
WARNING:root:Episode 2000, Reward Sum -15.0.
WARNING:root:Episode 2010, Reward Sum -13.0.
WARNING:root:Episode 2020, Reward Sum -12.0.
WARNING:root:Episode 2030, Reward Sum -8.0.
WARNING:root:Episode 2040, Reward Sum -18.0.
WARNING:root:Episode 2050, Reward Sum -8.0.
WARNING:root:Episode 2060, Reward Sum -15.0.
WARNING:root:Episode 2070, Reward Sum -13.0.
WARNING:root:Episode 2080, Reward Sum -14.0.
WARNING:root:Episode 2090, Reward Sum -15.0.
WARNING:root:evaluating on 5 episodes with mean reward -12.8.
WARNING:root:Episode 2100, Reward Sum -15.0.
WARNING:root:Episode 2110, Reward Sum -18.0.
WARNING:root:Episode 2120, Reward Sum -18.0.
WARNING:root:Episode 2130, Reward Sum -16.0.
WARNING:root:Episode 2140, Reward Sum -13.0.
WARNING:root:Episode 2150, Reward Sum -12.0.
WARNING:root:Episode 2160, Reward Sum -13.0.
WARNING:root:Episode 2170, Reward Sum -12.0.
WARNING:root:Episode 2180, Reward Sum -16.0.
WARNING:root:Episode 2190, Reward Sum -16.0.
WARNING:root:evaluating on 5 episodes with mean reward -12.0.
WARNING:root:Episode 2200, Reward Sum -16.0.
WARNING:root:Episode 2210, Reward Sum -16.0.
WARNING:root:Episode 2220, Reward Sum -16.0.
WARNING:root:Episode 2230, Reward Sum -12.0.
WARNING:root:Episode 2240, Reward Sum -15.0.
WARNING:root:Episode 2250, Reward Sum -13.0.
WARNING:root:Episode 2260, Reward Sum -13.0.
WARNING:root:Episode 2270, Reward Sum -13.0.
WARNING:root:Episode 2280, Reward Sum -15.0.
WARNING:root:Episode 2290, Reward Sum -11.0.
WARNING:root:evaluating on 5 episodes with mean reward -14.6.
WARNING:root:Episode 2300, Reward Sum -10.0.
WARNING:root:Episode 2310, Reward Sum -13.0.
WARNING:root:Episode 2320, Reward Sum -11.0.
WARNING:root:Episode 2330, Reward Sum -12.0.
WARNING:root:Episode 2340, Reward Sum -14.0.
WARNING:root:Episode 2350, Reward Sum -13.0.
WARNING:root:Episode 2360, Reward Sum -15.0.
WARNING:root:Episode 2370, Reward Sum -15.0.
WARNING:root:Episode 2380, Reward Sum -12.0.
WARNING:root:Episode 2390, Reward Sum -11.0.
WARNING:root:evaluating on 5 episodes with mean reward -11.6.
WARNING:root:Episode 2400, Reward Sum -10.0.
WARNING:root:Episode 2410, Reward Sum -11.0.
WARNING:root:Episode 2420, Reward Sum -15.0.
WARNING:root:Episode 2430, Reward Sum -12.0.
WARNING:root:Episode 2440, Reward Sum -14.0.
WARNING:root:Episode 2450, Reward Sum -14.0.
WARNING:root:Episode 2460, Reward Sum -11.0.
WARNING:root:Episode 2470, Reward Sum -8.0.
WARNING:root:Episode 2480, Reward Sum -8.0.
WARNING:root:Episode 2490, Reward Sum -10.0.
WARNING:root:evaluating on 5 episodes with mean reward -13.6.
WARNING:root:Episode 2500, Reward Sum -8.0.
WARNING:root:Episode 2510, Reward Sum -9.0.
WARNING:root:Episode 2520, Reward Sum -6.0.
WARNING:root:Episode 2530, Reward Sum -15.0.
WARNING:root:Episode 2540, Reward Sum -15.0.
WARNING:root:Episode 2550, Reward Sum -8.0.
WARNING:root:Episode 2560, Reward Sum -18.0.
WARNING:root:Episode 2570, Reward Sum -9.0.
WARNING:root:Episode 2580, Reward Sum -8.0.
WARNING:root:Episode 2590, Reward Sum -8.0.
WARNING:root:evaluating on 5 episodes with mean reward -11.2.
WARNING:root:Episode 2600, Reward Sum -11.0.
WARNING:root:Episode 2610, Reward Sum -14.0.
WARNING:root:Episode 2620, Reward Sum -3.0.
WARNING:root:Episode 2630, Reward Sum -9.0.
WARNING:root:Episode 2640, Reward Sum -1.0.
WARNING:root:Episode 2650, Reward Sum -11.0.
WARNING:root:Episode 2660, Reward Sum -10.0.
WARNING:root:Episode 2670, Reward Sum -14.0.
WARNING:root:Episode 2680, Reward Sum -13.0.
WARNING:root:Episode 2690, Reward Sum -7.0.
WARNING:root:evaluating on 5 episodes with mean reward -14.2.
WARNING:root:Episode 2700, Reward Sum -4.0.
WARNING:root:Episode 2710, Reward Sum -13.0.
WARNING:root:Episode 2720, Reward Sum -13.0.
WARNING:root:Episode 2730, Reward Sum -9.0.
WARNING:root:Episode 2740, Reward Sum -4.0.
WARNING:root:Episode 2750, Reward Sum -11.0.
WARNING:root:Episode 2760, Reward Sum -14.0.
WARNING:root:Episode 2770, Reward Sum -13.0.
WARNING:root:Episode 2780, Reward Sum -7.0.
WARNING:root:Episode 2790, Reward Sum -14.0.
WARNING:root:evaluating on 5 episodes with mean reward -12.2.
WARNING:root:Episode 2800, Reward Sum -8.0.
WARNING:root:Episode 2810, Reward Sum -8.0.
WARNING:root:Episode 2820, Reward Sum -9.0.
WARNING:root:Episode 2830, Reward Sum -13.0.
WARNING:root:Episode 2840, Reward Sum -12.0.
WARNING:root:Episode 2850, Reward Sum -15.0.
WARNING:root:Episode 2860, Reward Sum -7.0.
WARNING:root:Episode 2870, Reward Sum -11.0.
WARNING:root:Episode 2880, Reward Sum -13.0.
WARNING:root:Episode 2890, Reward Sum -13.0.
WARNING:root:evaluating on 5 episodes with mean reward -9.2.
WARNING:root:Episode 2900, Reward Sum -13.0.
WARNING:root:Episode 2910, Reward Sum -16.0.
WARNING:root:Episode 2920, Reward Sum -13.0.
WARNING:root:Episode 2930, Reward Sum -10.0.
WARNING:root:Episode 2940, Reward Sum -10.0.
WARNING:root:Episode 2950, Reward Sum -12.0.
WARNING:root:Episode 2960, Reward Sum -12.0.
WARNING:root:Episode 2970, Reward Sum -15.0.
WARNING:root:Episode 2980, Reward Sum -10.0.
WARNING:root:Episode 2990, Reward Sum -18.0.
WARNING:root:evaluating on 5 episodes with mean reward -13.4.
WARNING:root:Episode 3000, Reward Sum -9.0.
WARNING:root:Episode 3010, Reward Sum -8.0.
WARNING:root:Episode 3020, Reward Sum -16.0.
WARNING:root:Episode 3030, Reward Sum -5.0.
WARNING:root:Episode 3040, Reward Sum -9.0.
WARNING:root:Episode 3050, Reward Sum -9.0.
WARNING:root:Episode 3060, Reward Sum -8.0.
WARNING:root:Episode 3070, Reward Sum -11.0.
WARNING:root:Episode 3080, Reward Sum -9.0.
WARNING:root:Episode 3090, Reward Sum -11.0.
WARNING:root:evaluating on 5 episodes with mean reward -11.6.
WARNING:root:Episode 3100, Reward Sum -10.0.
WARNING:root:Episode 3110, Reward Sum -11.0.
WARNING:root:Episode 3120, Reward Sum -11.0.
WARNING:root:Episode 3130, Reward Sum -12.0.
WARNING:root:Episode 3140, Reward Sum -15.0.
WARNING:root:Episode 3150, Reward Sum -10.0.
WARNING:root:Episode 3160, Reward Sum -7.0.
WARNING:root:Episode 3170, Reward Sum -15.0.
WARNING:root:Episode 3180, Reward Sum -16.0.
WARNING:root:Episode 3190, Reward Sum -13.0.
WARNING:root:evaluating on 5 episodes with mean reward -9.8.
WARNING:root:Episode 3200, Reward Sum -16.0.
WARNING:root:Episode 3210, Reward Sum -11.0.
WARNING:root:Episode 3220, Reward Sum -10.0.
WARNING:root:Episode 3230, Reward Sum -8.0.
WARNING:root:Episode 3240, Reward Sum -12.0.
WARNING:root:Episode 3250, Reward Sum -8.0.
WARNING:root:Episode 3260, Reward Sum -13.0.
WARNING:root:Episode 3270, Reward Sum -13.0.
WARNING:root:Episode 3280, Reward Sum -9.0.
WARNING:root:Episode 3290, Reward Sum -9.0.
WARNING:root:evaluating on 5 episodes with mean reward -8.6.
WARNING:root:Episode 3300, Reward Sum -7.0.
WARNING:root:Episode 3310, Reward Sum -15.0.
WARNING:root:Episode 3320, Reward Sum -9.0.
WARNING:root:Episode 3330, Reward Sum -3.0.
WARNING:root:Episode 3340, Reward Sum -13.0.
WARNING:root:Episode 3350, Reward Sum -14.0.
WARNING:root:Episode 3360, Reward Sum -12.0.
WARNING:root:Episode 3370, Reward Sum -14.0.
WARNING:root:Episode 3380, Reward Sum -12.0.
WARNING:root:Episode 3390, Reward Sum -13.0.
WARNING:root:evaluating on 5 episodes with mean reward -9.2.
WARNING:root:Episode 3400, Reward Sum -11.0.
WARNING:root:Episode 3410, Reward Sum -7.0.
WARNING:root:Episode 3420, Reward Sum -13.0.
WARNING:root:Episode 3430, Reward Sum -11.0.
WARNING:root:Episode 3440, Reward Sum -14.0.
WARNING:root:Episode 3450, Reward Sum -7.0.
WARNING:root:Episode 3460, Reward Sum -7.0.
WARNING:root:Episode 3470, Reward Sum -7.0.
WARNING:root:Episode 3480, Reward Sum -17.0.
WARNING:root:Episode 3490, Reward Sum -11.0.
WARNING:root:evaluating on 5 episodes with mean reward -10.8.
WARNING:root:Episode 3500, Reward Sum -12.0.
WARNING:root:Episode 3510, Reward Sum -11.0.
WARNING:root:Episode 3520, Reward Sum -6.0.
WARNING:root:Episode 3530, Reward Sum -6.0.
WARNING:root:Episode 3540, Reward Sum -11.0.
WARNING:root:Episode 3550, Reward Sum -9.0.
WARNING:root:Episode 3560, Reward Sum -11.0.
WARNING:root:Episode 3570, Reward Sum -5.0.
WARNING:root:Episode 3580, Reward Sum -11.0.
WARNING:root:Episode 3590, Reward Sum -13.0.
WARNING:root:evaluating on 5 episodes with mean reward -8.6.
WARNING:root:Episode 3600, Reward Sum -13.0.
WARNING:root:Episode 3610, Reward Sum -15.0.
WARNING:root:Episode 3620, Reward Sum -11.0.
WARNING:root:Episode 3630, Reward Sum -15.0.
WARNING:root:Episode 3640, Reward Sum -14.0.
WARNING:root:Episode 3650, Reward Sum -10.0.
WARNING:root:Episode 3660, Reward Sum -11.0.
WARNING:root:Episode 3670, Reward Sum -10.0.
WARNING:root:Episode 3680, Reward Sum -2.0.
WARNING:root:Episode 3690, Reward Sum -12.0.
WARNING:root:evaluating on 5 episodes with mean reward -8.2.
WARNING:root:Episode 3700, Reward Sum -15.0.
WARNING:root:Episode 3710, Reward Sum -3.0.
WARNING:root:Episode 3720, Reward Sum -12.0.
WARNING:root:Episode 3730, Reward Sum -9.0.
WARNING:root:Episode 3740, Reward Sum -10.0.
WARNING:root:Episode 3750, Reward Sum -9.0.
WARNING:root:Episode 3760, Reward Sum -9.0.
WARNING:root:Episode 3770, Reward Sum -14.0.
WARNING:root:Episode 3780, Reward Sum -15.0.
WARNING:root:Episode 3790, Reward Sum -9.0.
WARNING:root:evaluating on 5 episodes with mean reward -12.2.
WARNING:root:Episode 3800, Reward Sum -13.0.
WARNING:root:Episode 3810, Reward Sum -8.0.
WARNING:root:Episode 3820, Reward Sum -5.0.
WARNING:root:Episode 3830, Reward Sum -9.0.
WARNING:root:Episode 3840, Reward Sum -12.0.
WARNING:root:Episode 3850, Reward Sum -10.0.
WARNING:root:Episode 3860, Reward Sum -12.0.
WARNING:root:Episode 3870, Reward Sum -9.0.
WARNING:root:Episode 3880, Reward Sum -8.0.
WARNING:root:Episode 3890, Reward Sum -12.0.
WARNING:root:evaluating on 5 episodes with mean reward -4.0.
WARNING:root:Episode 3900, Reward Sum -11.0.
WARNING:root:Episode 3910, Reward Sum -12.0.
WARNING:root:Episode 3920, Reward Sum -13.0.
WARNING:root:Episode 3930, Reward Sum -12.0.
WARNING:root:Episode 3940, Reward Sum -7.0.
WARNING:root:Episode 3950, Reward Sum -7.0.
WARNING:root:Episode 3960, Reward Sum -8.0.
WARNING:root:Episode 3970, Reward Sum -10.0.
WARNING:root:Episode 3980, Reward Sum -15.0.
WARNING:root:Episode 3990, Reward Sum -9.0.
WARNING:root:evaluating on 5 episodes with mean reward -9.2.
WARNING:root:Episode 4000, Reward Sum -13.0.
WARNING:root:Episode 4010, Reward Sum -7.0.
WARNING:root:Episode 4020, Reward Sum -12.0.
WARNING:root:Episode 4030, Reward Sum -6.0.
WARNING:root:Episode 4040, Reward Sum -13.0.
WARNING:root:Episode 4050, Reward Sum -12.0.
WARNING:root:Episode 4060, Reward Sum -5.0.
WARNING:root:Episode 4070, Reward Sum -11.0.
WARNING:root:Episode 4080, Reward Sum -8.0.
WARNING:root:Episode 4090, Reward Sum -9.0.
WARNING:root:evaluating on 5 episodes with mean reward -7.8.
WARNING:root:Episode 4100, Reward Sum -13.0.
WARNING:root:Episode 4110, Reward Sum -7.0.
WARNING:root:Episode 4120, Reward Sum -11.0.
WARNING:root:Episode 4130, Reward Sum -5.0.
WARNING:root:Episode 4140, Reward Sum -11.0.
WARNING:root:Episode 4150, Reward Sum -5.0.
WARNING:root:Episode 4160, Reward Sum -13.0.
WARNING:root:Episode 4170, Reward Sum -12.0.
WARNING:root:Episode 4180, Reward Sum -11.0.
WARNING:root:Episode 4190, Reward Sum -13.0.
WARNING:root:evaluating on 5 episodes with mean reward -11.0.
WARNING:root:Episode 4200, Reward Sum -8.0.
WARNING:root:Episode 4210, Reward Sum -14.0.
WARNING:root:Episode 4220, Reward Sum -14.0.
WARNING:root:Episode 4230, Reward Sum -14.0.
WARNING:root:Episode 4240, Reward Sum -8.0.
WARNING:root:Episode 4250, Reward Sum -15.0.
WARNING:root:Episode 4260, Reward Sum -10.0.
WARNING:root:Episode 4270, Reward Sum -15.0.
WARNING:root:Episode 4280, Reward Sum -12.0.
WARNING:root:Episode 4290, Reward Sum -10.0.
WARNING:root:evaluating on 5 episodes with mean reward -12.6.
WARNING:root:Episode 4300, Reward Sum -13.0.
WARNING:root:Episode 4310, Reward Sum -7.0.
WARNING:root:Episode 4320, Reward Sum -14.0.
WARNING:root:Episode 4330, Reward Sum -8.0.
WARNING:root:Episode 4340, Reward Sum -8.0.
WARNING:root:Episode 4350, Reward Sum -9.0.
WARNING:root:Episode 4360, Reward Sum -12.0.
WARNING:root:Episode 4370, Reward Sum -12.0.
WARNING:root:Episode 4380, Reward Sum -4.0.
WARNING:root:Episode 4390, Reward Sum -7.0.
WARNING:root:evaluating on 5 episodes with mean reward -12.8.
WARNING:root:Episode 4400, Reward Sum -11.0.
WARNING:root:Episode 4410, Reward Sum -14.0.
WARNING:root:Episode 4420, Reward Sum -8.0.
WARNING:root:Episode 4430, Reward Sum -9.0.
WARNING:root:Episode 4440, Reward Sum -12.0.
WARNING:root:Episode 4450, Reward Sum -13.0.
WARNING:root:Episode 4460, Reward Sum -7.0.
WARNING:root:Episode 4470, Reward Sum -10.0.
WARNING:root:Episode 4480, Reward Sum -8.0.
WARNING:root:Episode 4490, Reward Sum -9.0.
WARNING:root:evaluating on 5 episodes with mean reward -10.6.
WARNING:root:Episode 4500, Reward Sum -7.0.
WARNING:root:Episode 4510, Reward Sum -10.0.
WARNING:root:Episode 4520, Reward Sum -13.0.
WARNING:root:Episode 4530, Reward Sum -10.0.
WARNING:root:Episode 4540, Reward Sum -12.0.
WARNING:root:Episode 4550, Reward Sum -15.0.
WARNING:root:Episode 4560, Reward Sum -15.0.
WARNING:root:Episode 4570, Reward Sum -13.0.
WARNING:root:Episode 4580, Reward Sum -16.0.
WARNING:root:Episode 4590, Reward Sum -12.0.
WARNING:root:evaluating on 5 episodes with mean reward -8.8.
WARNING:root:Episode 4600, Reward Sum -8.0.
WARNING:root:Episode 4610, Reward Sum -7.0.
WARNING:root:Episode 4620, Reward Sum -7.0.
WARNING:root:Episode 4630, Reward Sum -11.0.
WARNING:root:Episode 4640, Reward Sum -7.0.
WARNING:root:Episode 4650, Reward Sum -8.0.
WARNING:root:Episode 4660, Reward Sum -10.0.
WARNING:root:Episode 4670, Reward Sum -8.0.
WARNING:root:Episode 4680, Reward Sum -10.0.
WARNING:root:Episode 4690, Reward Sum -11.0.
WARNING:root:evaluating on 5 episodes with mean reward -9.0.
WARNING:root:Episode 4700, Reward Sum -3.0.
WARNING:root:Episode 4710, Reward Sum -6.0.
WARNING:root:Episode 4720, Reward Sum -11.0.
WARNING:root:Episode 4730, Reward Sum -8.0.
WARNING:root:Episode 4740, Reward Sum -11.0.
WARNING:root:Episode 4750, Reward Sum -5.0.
WARNING:root:Episode 4760, Reward Sum -7.0.
WARNING:root:Episode 4770, Reward Sum -7.0.
WARNING:root:Episode 4780, Reward Sum -11.0.
WARNING:root:Episode 4790, Reward Sum -14.0.
WARNING:root:evaluating on 5 episodes with mean reward -9.4.
WARNING:root:Episode 4800, Reward Sum -3.0.
WARNING:root:Episode 4810, Reward Sum -12.0.
WARNING:root:Episode 4820, Reward Sum -12.0.
WARNING:root:Episode 4830, Reward Sum -10.0.
WARNING:root:Episode 4840, Reward Sum -11.0.
WARNING:root:Episode 4850, Reward Sum -6.0.
WARNING:root:Episode 4860, Reward Sum -4.0.
WARNING:root:Episode 4870, Reward Sum -10.0.
WARNING:root:Episode 4880, Reward Sum -9.0.
WARNING:root:Episode 4890, Reward Sum -6.0.
WARNING:root:evaluating on 5 episodes with mean reward -11.6.
WARNING:root:Episode 4900, Reward Sum -8.0.
WARNING:root:Episode 4910, Reward Sum -7.0.
WARNING:root:Episode 4920, Reward Sum -8.0.
WARNING:root:Episode 4930, Reward Sum -12.0.
WARNING:root:Episode 4940, Reward Sum -9.0.
WARNING:root:Episode 4950, Reward Sum -13.0.
WARNING:root:Episode 4960, Reward Sum -14.0.
WARNING:root:Episode 4970, Reward Sum -3.0.
WARNING:root:Episode 4980, Reward Sum -16.0.
WARNING:root:Episode 4990, Reward Sum -11.0.
WARNING:root:evaluating on 5 episodes with mean reward -11.4.
WARNING:root:Episode 5000, Reward Sum -13.0.
WARNING:root:Episode 5010, Reward Sum -9.0.
WARNING:root:Episode 5020, Reward Sum 7.0.
WARNING:root:Episode 5030, Reward Sum -15.0.
WARNING:root:Episode 5040, Reward Sum -11.0.
WARNING:root:Episode 5050, Reward Sum -12.0.
WARNING:root:Episode 5060, Reward Sum -7.0.
WARNING:root:Episode 5070, Reward Sum -9.0.
WARNING:root:Episode 5080, Reward Sum -5.0.
WARNING:root:Episode 5090, Reward Sum -13.0.
WARNING:root:evaluating on 5 episodes with mean reward -8.8.
WARNING:root:Episode 5100, Reward Sum -10.0.
WARNING:root:Episode 5110, Reward Sum -10.0.
WARNING:root:Episode 5120, Reward Sum -12.0.
WARNING:root:Episode 5130, Reward Sum -12.0.
WARNING:root:Episode 5140, Reward Sum -8.0.
WARNING:root:Episode 5150, Reward Sum -6.0.
WARNING:root:Episode 5160, Reward Sum -9.0.
WARNING:root:Episode 5170, Reward Sum -9.0.
WARNING:root:Episode 5180, Reward Sum -17.0.
WARNING:root:Episode 5190, Reward Sum -10.0.
WARNING:root:evaluating on 5 episodes with mean reward -13.6.
WARNING:root:Episode 5200, Reward Sum -11.0.
WARNING:root:Episode 5210, Reward Sum -12.0.
WARNING:root:Episode 5220, Reward Sum -11.0.
WARNING:root:Episode 5230, Reward Sum -12.0.
WARNING:root:Episode 5240, Reward Sum -9.0.
WARNING:root:Episode 5250, Reward Sum -10.0.
WARNING:root:Episode 5260, Reward Sum -13.0.
WARNING:root:Episode 5270, Reward Sum -11.0.
WARNING:root:Episode 5280, Reward Sum -14.0.
WARNING:root:Episode 5290, Reward Sum -10.0.
WARNING:root:evaluating on 5 episodes with mean reward -8.6.
WARNING:root:Episode 5300, Reward Sum -6.0.
WARNING:root:Episode 5310, Reward Sum -11.0.
WARNING:root:Episode 5320, Reward Sum -15.0.
WARNING:root:Episode 5330, Reward Sum -14.0.
WARNING:root:Episode 5340, Reward Sum -12.0.
WARNING:root:Episode 5350, Reward Sum -13.0.
WARNING:root:Episode 5360, Reward Sum -11.0.
WARNING:root:Episode 5370, Reward Sum -8.0.
WARNING:root:Episode 5380, Reward Sum -7.0.
WARNING:root:Episode 5390, Reward Sum -10.0.
WARNING:root:evaluating on 5 episodes with mean reward -10.2.
WARNING:root:Episode 5400, Reward Sum -14.0.
WARNING:root:Episode 5410, Reward Sum -15.0.
WARNING:root:Episode 5420, Reward Sum -5.0.
WARNING:root:Episode 5430, Reward Sum -7.0.
WARNING:root:Episode 5440, Reward Sum -8.0.
WARNING:root:Episode 5450, Reward Sum -13.0.
WARNING:root:Episode 5460, Reward Sum -7.0.
WARNING:root:Episode 5470, Reward Sum -7.0.
WARNING:root:Episode 5480, Reward Sum -7.0.
WARNING:root:Episode 5490, Reward Sum -14.0.
WARNING:root:evaluating on 5 episodes with mean reward -8.8.
WARNING:root:Episode 5500, Reward Sum -11.0.
WARNING:root:Episode 5510, Reward Sum -12.0.
WARNING:root:Episode 5520, Reward Sum -9.0.
WARNING:root:Episode 5530, Reward Sum -11.0.
WARNING:root:Episode 5540, Reward Sum -7.0.
WARNING:root:Episode 5550, Reward Sum -13.0.
WARNING:root:Episode 5560, Reward Sum 2.0.
WARNING:root:Episode 5570, Reward Sum -11.0.
WARNING:root:Episode 5580, Reward Sum -8.0.
WARNING:root:Episode 5590, Reward Sum -11.0.
WARNING:root:evaluating on 5 episodes with mean reward -10.0.
WARNING:root:Episode 5600, Reward Sum -13.0.
WARNING:root:Episode 5610, Reward Sum -9.0.
WARNING:root:Episode 5620, Reward Sum -10.0.
WARNING:root:Episode 5630, Reward Sum -12.0.
WARNING:root:Episode 5640, Reward Sum -2.0.
WARNING:root:Episode 5650, Reward Sum -11.0.
WARNING:root:Episode 5660, Reward Sum -15.0.
WARNING:root:Episode 5670, Reward Sum -8.0.
WARNING:root:Episode 5680, Reward Sum -16.0.
WARNING:root:Episode 5690, Reward Sum -12.0.
WARNING:root:evaluating on 5 episodes with mean reward -9.0.
WARNING:root:Episode 5700, Reward Sum -13.0.
WARNING:root:Episode 5710, Reward Sum -11.0.
WARNING:root:Episode 5720, Reward Sum -15.0.
WARNING:root:Episode 5730, Reward Sum -6.0.
WARNING:root:Episode 5740, Reward Sum -12.0.
WARNING:root:Episode 5750, Reward Sum -9.0.
WARNING:root:Episode 5760, Reward Sum -7.0.
WARNING:root:Episode 5770, Reward Sum -10.0.
WARNING:root:Episode 5780, Reward Sum -13.0.
WARNING:root:Episode 5790, Reward Sum -11.0.
WARNING:root:evaluating on 5 episodes with mean reward -10.8.
WARNING:root:Episode 5800, Reward Sum -10.0.
WARNING:root:Episode 5810, Reward Sum -13.0.
WARNING:root:Episode 5820, Reward Sum -4.0.
WARNING:root:Episode 5830, Reward Sum -9.0.
WARNING:root:Episode 5840, Reward Sum -13.0.
WARNING:root:Episode 5850, Reward Sum -12.0.
WARNING:root:Episode 5860, Reward Sum -17.0.
WARNING:root:Episode 5870, Reward Sum -6.0.
WARNING:root:Episode 5880, Reward Sum -11.0.
WARNING:root:Episode 5890, Reward Sum -5.0.
WARNING:root:evaluating on 5 episodes with mean reward -8.8.
WARNING:root:Episode 5900, Reward Sum -13.0.
WARNING:root:Episode 5910, Reward Sum -10.0.
WARNING:root:Episode 5920, Reward Sum -11.0.
WARNING:root:Episode 5930, Reward Sum -1.0.
WARNING:root:Episode 5940, Reward Sum -12.0.
WARNING:root:Episode 5950, Reward Sum -1.0.
WARNING:root:Episode 5960, Reward Sum -10.0.
WARNING:root:Episode 5970, Reward Sum -7.0.
WARNING:root:Episode 5980, Reward Sum -11.0.
WARNING:root:Episode 5990, Reward Sum -7.0.
WARNING:root:evaluating on 5 episodes with mean reward -11.4.
WARNING:root:Episode 6000, Reward Sum -13.0.
WARNING:root:Episode 6010, Reward Sum -17.0.
WARNING:root:Episode 6020, Reward Sum -10.0.
WARNING:root:Episode 6030, Reward Sum -6.0.
WARNING:root:Episode 6040, Reward Sum -4.0.
WARNING:root:Episode 6050, Reward Sum -9.0.
WARNING:root:Episode 6060, Reward Sum -13.0.
WARNING:root:Episode 6070, Reward Sum -15.0.
WARNING:root:Episode 6080, Reward Sum -14.0.
WARNING:root:Episode 6090, Reward Sum -3.0.
WARNING:root:evaluating on 5 episodes with mean reward -9.4.
WARNING:root:Episode 6100, Reward Sum -13.0.
WARNING:root:Episode 6110, Reward Sum -14.0.
WARNING:root:Episode 6120, Reward Sum -9.0.
WARNING:root:Episode 6130, Reward Sum -9.0.
WARNING:root:Episode 6140, Reward Sum -11.0.
WARNING:root:Episode 6150, Reward Sum -13.0.
WARNING:root:Episode 6160, Reward Sum -8.0.
WARNING:root:Episode 6170, Reward Sum -17.0.
WARNING:root:Episode 6180, Reward Sum -7.0.
WARNING:root:Episode 6190, Reward Sum -13.0.
WARNING:root:evaluating on 5 episodes with mean reward -11.0.
WARNING:root:Episode 6200, Reward Sum -16.0.
WARNING:root:Episode 6210, Reward Sum -9.0.
WARNING:root:Episode 6220, Reward Sum -15.0.
WARNING:root:Episode 6230, Reward Sum -9.0.
WARNING:root:Episode 6240, Reward Sum -8.0.
WARNING:root:Episode 6250, Reward Sum -10.0.
WARNING:root:Episode 6260, Reward Sum -9.0.
WARNING:root:Episode 6270, Reward Sum -11.0.
WARNING:root:Episode 6280, Reward Sum -10.0.
WARNING:root:Episode 6290, Reward Sum -11.0.
WARNING:root:evaluating on 5 episodes with mean reward -10.4.
WARNING:root:Episode 6300, Reward Sum -10.0.
WARNING:root:Episode 6310, Reward Sum -12.0.
WARNING:root:Episode 6320, Reward Sum -10.0.
WARNING:root:Episode 6330, Reward Sum -13.0.
WARNING:root:Episode 6340, Reward Sum -4.0.
WARNING:root:Episode 6350, Reward Sum -8.0.
WARNING:root:Episode 6360, Reward Sum -12.0.
WARNING:root:Episode 6370, Reward Sum -6.0.
WARNING:root:Episode 6380, Reward Sum -11.0.
WARNING:root:Episode 6390, Reward Sum -8.0.
WARNING:root:evaluating on 5 episodes with mean reward -6.2.
WARNING:root:Episode 6400, Reward Sum -9.0.
WARNING:root:Episode 6410, Reward Sum -11.0.
WARNING:root:Episode 6420, Reward Sum -13.0.
WARNING:root:Episode 6430, Reward Sum -6.0.
WARNING:root:Episode 6440, Reward Sum -5.0.
WARNING:root:Episode 6450, Reward Sum -11.0.
WARNING:root:Episode 6460, Reward Sum -11.0.
WARNING:root:Episode 6470, Reward Sum -13.0.
WARNING:root:Episode 6480, Reward Sum -5.0.
WARNING:root:Episode 6490, Reward Sum -12.0.
WARNING:root:evaluating on 5 episodes with mean reward -10.0.
WARNING:root:Episode 6500, Reward Sum -13.0.
WARNING:root:Episode 6510, Reward Sum -15.0.
WARNING:root:Episode 6520, Reward Sum -6.0.
WARNING:root:Episode 6530, Reward Sum -13.0.
WARNING:root:Episode 6540, Reward Sum -10.0.
WARNING:root:Episode 6550, Reward Sum -12.0.
WARNING:root:Episode 6560, Reward Sum -10.0.
WARNING:root:Episode 6570, Reward Sum -6.0.
WARNING:root:Episode 6580, Reward Sum -8.0.
WARNING:root:Episode 6590, Reward Sum -12.0.
WARNING:root:evaluating on 5 episodes with mean reward -11.2.
WARNING:root:Episode 6600, Reward Sum -11.0.
WARNING:root:Episode 6610, Reward Sum -13.0.
WARNING:root:Episode 6620, Reward Sum -13.0.
WARNING:root:Episode 6630, Reward Sum -2.0.
WARNING:root:Episode 6640, Reward Sum -10.0.
WARNING:root:Episode 6650, Reward Sum -7.0.
WARNING:root:Episode 6660, Reward Sum -10.0.
WARNING:root:Episode 6670, Reward Sum -10.0.
WARNING:root:Episode 6680, Reward Sum -13.0.
WARNING:root:Episode 6690, Reward Sum -12.0.
WARNING:root:evaluating on 5 episodes with mean reward -9.6.
WARNING:root:Episode 6700, Reward Sum -9.0.
WARNING:root:Episode 6710, Reward Sum -13.0.
WARNING:root:Episode 6720, Reward Sum -10.0.
WARNING:root:Episode 6730, Reward Sum -10.0.
WARNING:root:Episode 6740, Reward Sum -7.0.
WARNING:root:Episode 6750, Reward Sum -10.0.
WARNING:root:Episode 6760, Reward Sum -14.0.
WARNING:root:Episode 6770, Reward Sum -9.0.
WARNING:root:Episode 6780, Reward Sum -7.0.
WARNING:root:Episode 6790, Reward Sum -6.0.
WARNING:root:evaluating on 5 episodes with mean reward -9.0.
WARNING:root:Episode 6800, Reward Sum -9.0.
WARNING:root:Episode 6810, Reward Sum -16.0.
WARNING:root:Episode 6820, Reward Sum -9.0.
WARNING:root:Episode 6830, Reward Sum -11.0.
WARNING:root:Episode 6840, Reward Sum -12.0.
WARNING:root:Episode 6850, Reward Sum -7.0.
WARNING:root:Episode 6860, Reward Sum -8.0.
WARNING:root:Episode 6870, Reward Sum -8.0.
WARNING:root:Episode 6880, Reward Sum -8.0.
WARNING:root:Episode 6890, Reward Sum -5.0.
WARNING:root:evaluating on 5 episodes with mean reward -10.4.
WARNING:root:Episode 6900, Reward Sum -11.0.
WARNING:root:Episode 6910, Reward Sum -15.0.
WARNING:root:Episode 6920, Reward Sum -9.0.
WARNING:root:Episode 6930, Reward Sum -12.0.
WARNING:root:Episode 6940, Reward Sum -13.0.
WARNING:root:Episode 6950, Reward Sum -8.0.
WARNING:root:Episode 6960, Reward Sum -9.0.
WARNING:root:Episode 6970, Reward Sum -14.0.
WARNING:root:Episode 6980, Reward Sum -17.0.
WARNING:root:Episode 6990, Reward Sum -6.0.
WARNING:root:evaluating on 5 episodes with mean reward -11.0.
WARNING:root:Episode 7000, Reward Sum -7.0.
WARNING:root:Episode 7010, Reward Sum -10.0.
WARNING:root:Episode 7020, Reward Sum -8.0.
WARNING:root:Episode 7030, Reward Sum -7.0.
WARNING:root:Episode 7040, Reward Sum -10.0.
WARNING:root:Episode 7050, Reward Sum -13.0.
WARNING:root:Episode 7060, Reward Sum -12.0.
WARNING:root:Episode 7070, Reward Sum -11.0.
WARNING:root:Episode 7080, Reward Sum -7.0.
WARNING:root:Episode 7090, Reward Sum -9.0.
WARNING:root:evaluating on 5 episodes with mean reward -9.4.
WARNING:root:Episode 7100, Reward Sum -9.0.
WARNING:root:Episode 7110, Reward Sum -6.0.
WARNING:root:Episode 7120, Reward Sum -10.0.
WARNING:root:Episode 7130, Reward Sum -13.0.
WARNING:root:Episode 7140, Reward Sum -11.0.
WARNING:root:Episode 7150, Reward Sum -11.0.
WARNING:root:Episode 7160, Reward Sum -9.0.
WARNING:root:Episode 7170, Reward Sum -9.0.
WARNING:root:Episode 7180, Reward Sum -10.0.
WARNING:root:Episode 7190, Reward Sum -10.0.
WARNING:root:evaluating on 5 episodes with mean reward -9.6.
WARNING:root:Episode 7200, Reward Sum -14.0.
WARNING:root:Episode 7210, Reward Sum -11.0.
WARNING:root:Episode 7220, Reward Sum -4.0.
WARNING:root:Episode 7230, Reward Sum -15.0.
WARNING:root:Episode 7240, Reward Sum -11.0.
WARNING:root:Episode 7250, Reward Sum -8.0.
WARNING:root:Episode 7260, Reward Sum -13.0.
WARNING:root:Episode 7270, Reward Sum -12.0.
WARNING:root:Episode 7280, Reward Sum -7.0.
WARNING:root:Episode 7290, Reward Sum -4.0.
WARNING:root:evaluating on 5 episodes with mean reward -10.6.
WARNING:root:Episode 7300, Reward Sum -11.0.
WARNING:root:Episode 7310, Reward Sum -12.0.
WARNING:root:Episode 7320, Reward Sum -11.0.
WARNING:root:Episode 7330, Reward Sum -7.0.
WARNING:root:Episode 7340, Reward Sum -1.0.
WARNING:root:Episode 7350, Reward Sum -13.0.
WARNING:root:Episode 7360, Reward Sum -12.0.
WARNING:root:Episode 7370, Reward Sum -5.0.
WARNING:root:Episode 7380, Reward Sum -6.0.
WARNING:root:Episode 7390, Reward Sum -9.0.
WARNING:root:evaluating on 5 episodes with mean reward -9.4.
WARNING:root:Episode 7400, Reward Sum -14.0.
WARNING:root:Episode 7410, Reward Sum -9.0.
WARNING:root:Episode 7420, Reward Sum -12.0.
WARNING:root:Episode 7430, Reward Sum -13.0.
WARNING:root:Episode 7440, Reward Sum -9.0.
WARNING:root:Episode 7450, Reward Sum -14.0.
WARNING:root:Episode 7460, Reward Sum -8.0.
WARNING:root:Episode 7470, Reward Sum -15.0.
WARNING:root:Episode 7480, Reward Sum -10.0.
WARNING:root:Episode 7490, Reward Sum -12.0.
WARNING:root:evaluating on 5 episodes with mean reward -10.0.
WARNING:root:Episode 7500, Reward Sum -13.0.
WARNING:root:Episode 7510, Reward Sum -9.0.
WARNING:root:Episode 7520, Reward Sum -11.0.
WARNING:root:Episode 7530, Reward Sum -11.0.
WARNING:root:Episode 7540, Reward Sum -15.0.
WARNING:root:Episode 7550, Reward Sum -8.0.
WARNING:root:Episode 7560, Reward Sum 2.0.
WARNING:root:Episode 7570, Reward Sum -12.0.
WARNING:root:Episode 7580, Reward Sum -4.0.
WARNING:root:Episode 7590, Reward Sum -6.0.
WARNING:root:evaluating on 5 episodes with mean reward -11.4.
WARNING:root:Episode 7600, Reward Sum -11.0.
WARNING:root:Episode 7610, Reward Sum -5.0.
WARNING:root:Episode 7620, Reward Sum -9.0.
WARNING:root:Episode 7630, Reward Sum -12.0.
WARNING:root:Episode 7640, Reward Sum -9.0.
WARNING:root:Episode 7650, Reward Sum -11.0.
WARNING:root:Episode 7660, Reward Sum -7.0.
WARNING:root:Episode 7670, Reward Sum -11.0.
WARNING:root:Episode 7680, Reward Sum -7.0.
WARNING:root:Episode 7690, Reward Sum -7.0.
WARNING:root:evaluating on 5 episodes with mean reward -11.6.
WARNING:root:Episode 7700, Reward Sum -10.0.
WARNING:root:Episode 7710, Reward Sum -5.0.
WARNING:root:Episode 7720, Reward Sum -11.0.
WARNING:root:Episode 7730, Reward Sum -10.0.
WARNING:root:Episode 7740, Reward Sum -10.0.
WARNING:root:Episode 7750, Reward Sum -6.0.
WARNING:root:Episode 7760, Reward Sum -12.0.
WARNING:root:Episode 7770, Reward Sum -12.0.
WARNING:root:Episode 7780, Reward Sum -15.0.
WARNING:root:Episode 7790, Reward Sum -12.0.
WARNING:root:evaluating on 5 episodes with mean reward -11.4.
WARNING:root:Episode 7800, Reward Sum -11.0.
WARNING:root:Episode 7810, Reward Sum -3.0.
WARNING:root:Episode 7820, Reward Sum -7.0.
WARNING:root:Episode 7830, Reward Sum -6.0.
WARNING:root:Episode 7840, Reward Sum -11.0.
WARNING:root:Episode 7850, Reward Sum -8.0.
WARNING:root:Episode 7860, Reward Sum -8.0.
WARNING:root:Episode 7870, Reward Sum -5.0.
WARNING:root:Episode 7880, Reward Sum -12.0.
WARNING:root:Episode 7890, Reward Sum -11.0.
WARNING:root:evaluating on 5 episodes with mean reward -9.8.
WARNING:root:Episode 7900, Reward Sum -10.0.
WARNING:root:Episode 7910, Reward Sum -15.0.
WARNING:root:Episode 7920, Reward Sum -13.0.
WARNING:root:Episode 7930, Reward Sum -11.0.
WARNING:root:Episode 7940, Reward Sum -3.0.
WARNING:root:Episode 7950, Reward Sum -4.0.
WARNING:root:Episode 7960, Reward Sum -12.0.
WARNING:root:Episode 7970, Reward Sum -5.0.
WARNING:root:Episode 7980, Reward Sum -5.0.
WARNING:root:Episode 7990, Reward Sum -5.0.
WARNING:root:evaluating on 5 episodes with mean reward -9.6.
WARNING:root:Episode 8000, Reward Sum -11.0.
WARNING:root:Episode 8010, Reward Sum -10.0.
WARNING:root:Episode 8020, Reward Sum -13.0.
WARNING:root:Episode 8030, Reward Sum -12.0.
WARNING:root:Episode 8040, Reward Sum -10.0.
WARNING:root:Episode 8050, Reward Sum -12.0.
WARNING:root:Episode 8060, Reward Sum -7.0.
WARNING:root:Episode 8070, Reward Sum -9.0.
WARNING:root:Episode 8080, Reward Sum -4.0.
WARNING:root:Episode 8090, Reward Sum -13.0.
WARNING:root:evaluating on 5 episodes with mean reward -11.2.
WARNING:root:Episode 8100, Reward Sum -6.0.
WARNING:root:Episode 8110, Reward Sum -10.0.
WARNING:root:Episode 8120, Reward Sum -9.0.
WARNING:root:Episode 8130, Reward Sum -5.0.
WARNING:root:Episode 8140, Reward Sum -6.0.
WARNING:root:Episode 8150, Reward Sum -9.0.
WARNING:root:Episode 8160, Reward Sum -9.0.
WARNING:root:Episode 8170, Reward Sum -7.0.
WARNING:root:Episode 8180, Reward Sum -10.0.
WARNING:root:Episode 8190, Reward Sum -11.0.
WARNING:root:evaluating on 5 episodes with mean reward -9.4.
WARNING:root:Episode 8200, Reward Sum -14.0.
WARNING:root:Episode 8210, Reward Sum -12.0.
WARNING:root:Episode 8220, Reward Sum -5.0.
WARNING:root:Episode 8230, Reward Sum -12.0.
WARNING:root:Episode 8240, Reward Sum -5.0.
WARNING:root:Episode 8250, Reward Sum -1.0.
WARNING:root:Episode 8260, Reward Sum -7.0.
WARNING:root:Episode 8270, Reward Sum -7.0.
WARNING:root:Episode 8280, Reward Sum -14.0.
WARNING:root:Episode 8290, Reward Sum -10.0.
WARNING:root:evaluating on 5 episodes with mean reward -10.0.
WARNING:root:Episode 8300, Reward Sum -11.0.
WARNING:root:Episode 8310, Reward Sum -8.0.
WARNING:root:Episode 8320, Reward Sum -14.0.
WARNING:root:Episode 8330, Reward Sum -5.0.
WARNING:root:Episode 8340, Reward Sum -6.0.
WARNING:root:Episode 8350, Reward Sum -5.0.
WARNING:root:Episode 8360, Reward Sum -7.0.
WARNING:root:Episode 8370, Reward Sum -8.0.
WARNING:root:Episode 8380, Reward Sum -11.0.
WARNING:root:Episode 8390, Reward Sum -5.0.
WARNING:root:evaluating on 5 episodes with mean reward -12.0.
WARNING:root:Episode 8400, Reward Sum -5.0.
WARNING:root:Episode 8410, Reward Sum -4.0.
WARNING:root:Episode 8420, Reward Sum -7.0.
WARNING:root:Episode 8430, Reward Sum -9.0.
WARNING:root:Episode 8440, Reward Sum -9.0.
WARNING:root:Episode 8450, Reward Sum -11.0.
WARNING:root:Episode 8460, Reward Sum -5.0.
WARNING:root:Episode 8470, Reward Sum -8.0.
WARNING:root:Episode 8480, Reward Sum -10.0.
WARNING:root:Episode 8490, Reward Sum -17.0.
WARNING:root:evaluating on 5 episodes with mean reward -10.0.
WARNING:root:Episode 8500, Reward Sum -7.0.
WARNING:root:Episode 8510, Reward Sum -11.0.
WARNING:root:Episode 8520, Reward Sum -14.0.
WARNING:root:Episode 8530, Reward Sum -8.0.
WARNING:root:Episode 8540, Reward Sum -11.0.
WARNING:root:Episode 8550, Reward Sum -8.0.
WARNING:root:Episode 8560, Reward Sum -13.0.
WARNING:root:Episode 8570, Reward Sum -14.0.
WARNING:root:Episode 8580, Reward Sum -13.0.
WARNING:root:Episode 8590, Reward Sum -9.0.
WARNING:root:evaluating on 5 episodes with mean reward -14.2.
WARNING:root:Episode 8600, Reward Sum -9.0.
WARNING:root:Episode 8610, Reward Sum -8.0.
WARNING:root:Episode 8620, Reward Sum -7.0.
WARNING:root:Episode 8630, Reward Sum -4.0.
WARNING:root:Episode 8640, Reward Sum -11.0.
WARNING:root:Episode 8650, Reward Sum -9.0.
WARNING:root:Episode 8660, Reward Sum -12.0.
WARNING:root:Episode 8670, Reward Sum -8.0.
WARNING:root:Episode 8680, Reward Sum -2.0.
WARNING:root:Episode 8690, Reward Sum -11.0.
WARNING:root:evaluating on 5 episodes with mean reward -7.6.
WARNING:root:Episode 8700, Reward Sum -2.0.
WARNING:root:Episode 8710, Reward Sum -11.0.
WARNING:root:Episode 8720, Reward Sum -15.0.
WARNING:root:Episode 8730, Reward Sum -11.0.
WARNING:root:Episode 8740, Reward Sum -6.0.
WARNING:root:Episode 8750, Reward Sum -13.0.
WARNING:root:Episode 8760, Reward Sum -5.0.
WARNING:root:Episode 8770, Reward Sum -5.0.
WARNING:root:Episode 8780, Reward Sum -9.0.
WARNING:root:Episode 8790, Reward Sum -12.0.
WARNING:root:evaluating on 5 episodes with mean reward -9.8.
WARNING:root:Episode 8800, Reward Sum -6.0.
WARNING:root:Episode 8810, Reward Sum -6.0.
WARNING:root:Episode 8820, Reward Sum -14.0.
WARNING:root:Episode 8830, Reward Sum -9.0.
WARNING:root:Episode 8840, Reward Sum -10.0.
WARNING:root:Episode 8850, Reward Sum -7.0.
WARNING:root:Episode 8860, Reward Sum -12.0.
WARNING:root:Episode 8870, Reward Sum -7.0.
WARNING:root:Episode 8880, Reward Sum -5.0.
WARNING:root:Episode 8890, Reward Sum -12.0.
WARNING:root:evaluating on 5 episodes with mean reward -9.8.
WARNING:root:Episode 8900, Reward Sum -9.0.
WARNING:root:Episode 8910, Reward Sum -3.0.
WARNING:root:Episode 8920, Reward Sum -14.0.
WARNING:root:Episode 8930, Reward Sum -1.0.
WARNING:root:Episode 8940, Reward Sum -7.0.
WARNING:root:Episode 8950, Reward Sum -8.0.
WARNING:root:Episode 8960, Reward Sum -15.0.
WARNING:root:Episode 8970, Reward Sum -5.0.
WARNING:root:Episode 8980, Reward Sum -8.0.
WARNING:root:Episode 8990, Reward Sum -8.0.
WARNING:root:evaluating on 5 episodes with mean reward -9.0.
WARNING:root:Episode 9000, Reward Sum -4.0.
WARNING:root:Episode 9010, Reward Sum -1.0.
WARNING:root:Episode 9020, Reward Sum -10.0.
WARNING:root:Episode 9030, Reward Sum -8.0.
WARNING:root:Episode 9040, Reward Sum -11.0.
WARNING:root:Episode 9050, Reward Sum -4.0.
WARNING:root:Episode 9060, Reward Sum -6.0.
WARNING:root:Episode 9070, Reward Sum -8.0.
WARNING:root:Episode 9080, Reward Sum -8.0.
WARNING:root:Episode 9090, Reward Sum -9.0.
WARNING:root:evaluating on 5 episodes with mean reward -6.4.
WARNING:root:Episode 9100, Reward Sum -6.0.
WARNING:root:Episode 9110, Reward Sum -8.0.
WARNING:root:Episode 9120, Reward Sum -6.0.
WARNING:root:Episode 9130, Reward Sum -9.0.
WARNING:root:Episode 9140, Reward Sum -7.0.
WARNING:root:Episode 9150, Reward Sum -11.0.
WARNING:root:Episode 9160, Reward Sum -12.0.
WARNING:root:Episode 9170, Reward Sum -11.0.
WARNING:root:Episode 9180, Reward Sum -10.0.
WARNING:root:Episode 9190, Reward Sum -4.0.
WARNING:root:evaluating on 5 episodes with mean reward -11.0.
WARNING:root:Episode 9200, Reward Sum -10.0.
WARNING:root:Episode 9210, Reward Sum -10.0.
WARNING:root:Episode 9220, Reward Sum -13.0.
WARNING:root:Episode 9230, Reward Sum -10.0.
WARNING:root:Episode 9240, Reward Sum -7.0.
WARNING:root:Episode 9250, Reward Sum -13.0.
WARNING:root:Episode 9260, Reward Sum -7.0.
WARNING:root:Episode 9270, Reward Sum -10.0.
WARNING:root:Episode 9280, Reward Sum -13.0.
WARNING:root:Episode 9290, Reward Sum -9.0.
WARNING:root:evaluating on 5 episodes with mean reward -10.8.
WARNING:root:Episode 9300, Reward Sum -9.0.
WARNING:root:Episode 9310, Reward Sum -5.0.
WARNING:root:Episode 9320, Reward Sum -8.0.
WARNING:root:Episode 9330, Reward Sum -13.0.
WARNING:root:Episode 9340, Reward Sum -11.0.
WARNING:root:Episode 9350, Reward Sum -3.0.
WARNING:root:Episode 9360, Reward Sum -14.0.
WARNING:root:Episode 9370, Reward Sum -3.0.
WARNING:root:Episode 9380, Reward Sum -4.0.
WARNING:root:Episode 9390, Reward Sum -11.0.
WARNING:root:evaluating on 5 episodes with mean reward -12.8.
WARNING:root:Episode 9400, Reward Sum -10.0.
WARNING:root:Episode 9410, Reward Sum -14.0.
WARNING:root:Episode 9420, Reward Sum -8.0.
WARNING:root:Episode 9430, Reward Sum -8.0.
WARNING:root:Episode 9440, Reward Sum -7.0.
WARNING:root:Episode 9450, Reward Sum -4.0.
WARNING:root:Episode 9460, Reward Sum -12.0.
WARNING:root:Episode 9470, Reward Sum -8.0.
WARNING:root:Episode 9480, Reward Sum -6.0.
WARNING:root:Episode 9490, Reward Sum -10.0.
WARNING:root:evaluating on 5 episodes with mean reward -7.8.
WARNING:root:Episode 9500, Reward Sum -4.0.
WARNING:root:Episode 9510, Reward Sum -4.0.
WARNING:root:Episode 9520, Reward Sum -12.0.
WARNING:root:Episode 9530, Reward Sum -1.0.
WARNING:root:Episode 9540, Reward Sum -5.0.
WARNING:root:Episode 9550, Reward Sum -7.0.
WARNING:root:Episode 9560, Reward Sum -13.0.
WARNING:root:Episode 9570, Reward Sum -11.0.
WARNING:root:Episode 9580, Reward Sum -14.0.
WARNING:root:Episode 9590, Reward Sum -8.0.
WARNING:root:evaluating on 5 episodes with mean reward -9.0.
WARNING:root:Episode 9600, Reward Sum -7.0.
WARNING:root:Episode 9610, Reward Sum -8.0.
WARNING:root:Episode 9620, Reward Sum -9.0.
WARNING:root:Episode 9630, Reward Sum -9.0.
WARNING:root:Episode 9640, Reward Sum -14.0.
WARNING:root:Episode 9650, Reward Sum -9.0.
WARNING:root:Episode 9660, Reward Sum 1.0.
WARNING:root:Episode 9670, Reward Sum -9.0.
WARNING:root:Episode 9680, Reward Sum -14.0.
WARNING:root:Episode 9690, Reward Sum -10.0.
WARNING:root:evaluating on 5 episodes with mean reward -10.2.
WARNING:root:Episode 9700, Reward Sum -6.0.
WARNING:root:Episode 9710, Reward Sum -14.0.
WARNING:root:Episode 9720, Reward Sum -9.0.
WARNING:root:Episode 9730, Reward Sum -4.0.
WARNING:root:Episode 9740, Reward Sum -18.0.
WARNING:root:Episode 9750, Reward Sum -8.0.
WARNING:root:Episode 9760, Reward Sum -12.0.
WARNING:root:Episode 9770, Reward Sum -12.0.
WARNING:root:Episode 9780, Reward Sum -9.0.
WARNING:root:Episode 9790, Reward Sum -9.0.
WARNING:root:evaluating on 5 episodes with mean reward -8.0.
WARNING:root:Episode 9800, Reward Sum -11.0.
WARNING:root:Episode 9810, Reward Sum -9.0.
WARNING:root:Episode 9820, Reward Sum -12.0.
WARNING:root:Episode 9830, Reward Sum -5.0.
WARNING:root:Episode 9840, Reward Sum -8.0.
WARNING:root:Episode 9850, Reward Sum -11.0.
WARNING:root:Episode 9860, Reward Sum -11.0.
WARNING:root:Episode 9870, Reward Sum -9.0.
WARNING:root:Episode 9880, Reward Sum -11.0.
WARNING:root:Episode 9890, Reward Sum -10.0.
WARNING:root:evaluating on 5 episodes with mean reward -8.0.
WARNING:root:Episode 9900, Reward Sum -8.0.
WARNING:root:Episode 9910, Reward Sum -2.0.
WARNING:root:Episode 9920, Reward Sum -6.0.
WARNING:root:Episode 9930, Reward Sum -8.0.
WARNING:root:Episode 9940, Reward Sum -5.0.
WARNING:root:Episode 9950, Reward Sum -11.0.
WARNING:root:Episode 9960, Reward Sum -11.0.
WARNING:root:Episode 9970, Reward Sum -4.0.
WARNING:root:Episode 9980, Reward Sum -6.0.
WARNING:root:Episode 9990, Reward Sum -10.0.
WARNING:root:evaluating on 5 episodes with mean reward -10.0.
