WARNING:root:DQN trained on CartPole-continous
WARNING:root:{'LEARNING_RATE': 0.001, 'ACTOR_LR': 0.001, 'CRITIC_LR': 0.001, 'GAMMA': 0.99, 'TAU': 0.001, 'MEMORY_SIZE': 1000000, 'MEMORY_WARMUP_SIZE': 50000, 'BATCH_SIZE': 128, 'REWARD_SCALE': 0.1, 'NOISE': 0.05, 'LEARN_FREQ': 5, 'TRAIN_EPISODE': 5000}
WARNING:root:Episode 0, step 28 Reward Sum 28.0.
WARNING:root:Episode 10, step 10 Reward Sum 10.0.
WARNING:root:Episode 20, step 8 Reward Sum 8.0.
WARNING:root:Episode 30, step 7 Reward Sum 7.0.
WARNING:root:Episode 40, step 6 Reward Sum 6.0.
WARNING:root:Episode 50, step 6 Reward Sum 6.0.
WARNING:root:Episode 60, step 6 Reward Sum 6.0.
WARNING:root:Episode 70, step 6 Reward Sum 6.0.
WARNING:root:Episode 80, step 6 Reward Sum 6.0.
WARNING:root:Episode 90, step 6 Reward Sum 6.0.
WARNING:root:DQN trained on CartPole-continous
WARNING:root:{'LEARNING_RATE': 0.001, 'ACTOR_LR': 0.001, 'CRITIC_LR': 0.001, 'GAMMA': 0.99, 'TAU': 0.001, 'MEMORY_SIZE': 1000000, 'MEMORY_WARMUP_SIZE': 50000, 'BATCH_SIZE': 128, 'REWARD_SCALE': 0.1, 'NOISE': 0.05, 'LEARN_FREQ': 5, 'TRAIN_EPISODE': 5000}
WARNING:root:Episode 0, step 33 Reward Sum 33.0.
WARNING:root:Episode 10, step 10 Reward Sum 10.0.
WARNING:root:Episode 20, step 8 Reward Sum 8.0.
WARNING:root:Episode 30, step 7 Reward Sum 7.0.
WARNING:root:Episode 40, step 7 Reward Sum 7.0.
WARNING:root:Episode 50, step 6 Reward Sum 6.0.
WARNING:root:Episode 60, step 6 Reward Sum 6.0.
WARNING:root:Episode 70, step 6 Reward Sum 6.0.
WARNING:root:Episode 80, step 6 Reward Sum 6.0.
WARNING:root:Episode 90, step 6 Reward Sum 6.0.
WARNING:root:evaluating on 5 episodes with mean reward 6.0.
WARNING:root:Episode 100, step 6 Reward Sum 6.0.
WARNING:root:Episode 110, step 6 Reward Sum 6.0.
WARNING:root:Episode 120, step 6 Reward Sum 6.0.
WARNING:root:Episode 130, step 6 Reward Sum 6.0.
WARNING:root:Episode 140, step 5 Reward Sum 5.0.
WARNING:root:Episode 150, step 6 Reward Sum 6.0.
WARNING:root:Episode 160, step 6 Reward Sum 6.0.
WARNING:root:Episode 170, step 7 Reward Sum 7.0.
WARNING:root:Episode 180, step 7 Reward Sum 7.0.
WARNING:root:Episode 190, step 5 Reward Sum 5.0.
WARNING:root:evaluating on 5 episodes with mean reward 6.0.
WARNING:root:Episode 200, step 6 Reward Sum 6.0.
WARNING:root:Episode 210, step 6 Reward Sum 6.0.
WARNING:root:Episode 220, step 6 Reward Sum 6.0.
WARNING:root:Episode 230, step 6 Reward Sum 6.0.
WARNING:root:Episode 240, step 5 Reward Sum 5.0.
WARNING:root:Episode 250, step 6 Reward Sum 6.0.
WARNING:root:Episode 260, step 6 Reward Sum 6.0.
WARNING:root:Episode 270, step 6 Reward Sum 6.0.
WARNING:root:Episode 280, step 6 Reward Sum 6.0.
WARNING:root:Episode 290, step 5 Reward Sum 5.0.
WARNING:root:evaluating on 5 episodes with mean reward 6.0.
WARNING:root:Episode 300, step 6 Reward Sum 6.0.
WARNING:root:Episode 310, step 6 Reward Sum 6.0.
WARNING:root:Episode 320, step 6 Reward Sum 6.0.
WARNING:root:Episode 330, step 6 Reward Sum 6.0.
WARNING:root:Episode 340, step 6 Reward Sum 6.0.
WARNING:root:Episode 350, step 6 Reward Sum 6.0.
WARNING:root:Episode 360, step 6 Reward Sum 6.0.
WARNING:root:Episode 370, step 6 Reward Sum 6.0.
WARNING:root:Episode 380, step 6 Reward Sum 6.0.
WARNING:root:Episode 390, step 6 Reward Sum 6.0.
WARNING:root:evaluating on 5 episodes with mean reward 6.0.
WARNING:root:Episode 400, step 6 Reward Sum 6.0.
WARNING:root:Episode 410, step 6 Reward Sum 6.0.
WARNING:root:Episode 420, step 6 Reward Sum 6.0.
WARNING:root:Episode 430, step 6 Reward Sum 6.0.
WARNING:root:Episode 440, step 6 Reward Sum 6.0.
WARNING:root:Episode 450, step 5 Reward Sum 5.0.
WARNING:root:Episode 460, step 6 Reward Sum 6.0.
WARNING:root:Episode 470, step 6 Reward Sum 6.0.
WARNING:root:Episode 480, step 6 Reward Sum 6.0.
WARNING:root:Episode 490, step 5 Reward Sum 5.0.
WARNING:root:evaluating on 5 episodes with mean reward 5.8.
WARNING:root:Episode 500, step 6 Reward Sum 6.0.
WARNING:root:Episode 510, step 5 Reward Sum 5.0.
WARNING:root:Episode 520, step 6 Reward Sum 6.0.
WARNING:root:Episode 530, step 6 Reward Sum 6.0.
WARNING:root:Episode 540, step 6 Reward Sum 6.0.
WARNING:root:Episode 550, step 6 Reward Sum 6.0.
WARNING:root:Episode 560, step 5 Reward Sum 5.0.
WARNING:root:Episode 570, step 6 Reward Sum 6.0.
WARNING:root:Episode 580, step 5 Reward Sum 5.0.
WARNING:root:Episode 590, step 5 Reward Sum 5.0.
WARNING:root:evaluating on 5 episodes with mean reward 5.6.
WARNING:root:Episode 600, step 6 Reward Sum 6.0.
WARNING:root:Episode 610, step 6 Reward Sum 6.0.
WARNING:root:Episode 620, step 6 Reward Sum 6.0.
WARNING:root:Episode 630, step 7 Reward Sum 7.0.
WARNING:root:Episode 640, step 6 Reward Sum 6.0.
WARNING:root:Episode 650, step 6 Reward Sum 6.0.
WARNING:root:Episode 660, step 6 Reward Sum 6.0.
WARNING:root:Episode 670, step 6 Reward Sum 6.0.
WARNING:root:Episode 680, step 5 Reward Sum 5.0.
WARNING:root:Episode 690, step 6 Reward Sum 6.0.
WARNING:root:evaluating on 5 episodes with mean reward 5.8.
WARNING:root:Episode 700, step 6 Reward Sum 6.0.
WARNING:root:Episode 710, step 6 Reward Sum 6.0.
WARNING:root:Episode 720, step 5 Reward Sum 5.0.
WARNING:root:Episode 730, step 6 Reward Sum 6.0.
WARNING:root:Episode 740, step 6 Reward Sum 6.0.
WARNING:root:Episode 750, step 6 Reward Sum 6.0.
WARNING:root:Episode 760, step 7 Reward Sum 7.0.
WARNING:root:Episode 770, step 6 Reward Sum 6.0.
WARNING:root:Episode 780, step 6 Reward Sum 6.0.
WARNING:root:Episode 790, step 5 Reward Sum 5.0.
WARNING:root:evaluating on 5 episodes with mean reward 5.8.
WARNING:root:Episode 800, step 6 Reward Sum 6.0.
WARNING:root:Episode 810, step 6 Reward Sum 6.0.
WARNING:root:Episode 820, step 5 Reward Sum 5.0.
WARNING:root:Episode 830, step 5 Reward Sum 5.0.
WARNING:root:Episode 840, step 7 Reward Sum 7.0.
WARNING:root:Episode 850, step 6 Reward Sum 6.0.
WARNING:root:Episode 860, step 6 Reward Sum 6.0.
WARNING:root:Episode 870, step 6 Reward Sum 6.0.
WARNING:root:Episode 880, step 6 Reward Sum 6.0.
WARNING:root:Episode 890, step 5 Reward Sum 5.0.
WARNING:root:evaluating on 5 episodes with mean reward 6.0.
WARNING:root:Episode 900, step 6 Reward Sum 6.0.
WARNING:root:Episode 910, step 6 Reward Sum 6.0.
WARNING:root:Episode 920, step 6 Reward Sum 6.0.
WARNING:root:Episode 930, step 6 Reward Sum 6.0.
WARNING:root:Episode 940, step 5 Reward Sum 5.0.
WARNING:root:Episode 950, step 5 Reward Sum 5.0.
WARNING:root:Episode 960, step 6 Reward Sum 6.0.
WARNING:root:Episode 970, step 6 Reward Sum 6.0.
WARNING:root:Episode 980, step 6 Reward Sum 6.0.
WARNING:root:Episode 990, step 5 Reward Sum 5.0.
WARNING:root:evaluating on 5 episodes with mean reward 6.0.
WARNING:root:Episode 1000, step 6 Reward Sum 6.0.
WARNING:root:Episode 1010, step 5 Reward Sum 5.0.
WARNING:root:Episode 1020, step 5 Reward Sum 5.0.
WARNING:root:Episode 1030, step 5 Reward Sum 5.0.
WARNING:root:Episode 1040, step 6 Reward Sum 6.0.
WARNING:root:Episode 1050, step 6 Reward Sum 6.0.
WARNING:root:Episode 1060, step 5 Reward Sum 5.0.
WARNING:root:Episode 1070, step 6 Reward Sum 6.0.
WARNING:root:Episode 1080, step 6 Reward Sum 6.0.
WARNING:root:Episode 1090, step 6 Reward Sum 6.0.
WARNING:root:evaluating on 5 episodes with mean reward 6.0.
WARNING:root:Episode 1100, step 6 Reward Sum 6.0.
WARNING:root:Episode 1110, step 6 Reward Sum 6.0.
WARNING:root:Episode 1120, step 5 Reward Sum 5.0.
WARNING:root:Episode 1130, step 6 Reward Sum 6.0.
WARNING:root:Episode 1140, step 6 Reward Sum 6.0.
WARNING:root:Episode 1150, step 6 Reward Sum 6.0.
WARNING:root:Episode 1160, step 7 Reward Sum 7.0.
WARNING:root:Episode 1170, step 6 Reward Sum 6.0.
WARNING:root:Episode 1180, step 6 Reward Sum 6.0.
WARNING:root:Episode 1190, step 6 Reward Sum 6.0.
WARNING:root:evaluating on 5 episodes with mean reward 6.0.
WARNING:root:Episode 1200, step 6 Reward Sum 6.0.
WARNING:root:Episode 1210, step 7 Reward Sum 7.0.
WARNING:root:Episode 1220, step 6 Reward Sum 6.0.
WARNING:root:Episode 1230, step 6 Reward Sum 6.0.
WARNING:root:Episode 1240, step 5 Reward Sum 5.0.
WARNING:root:Episode 1250, step 6 Reward Sum 6.0.
WARNING:root:Episode 1260, step 6 Reward Sum 6.0.
WARNING:root:Episode 1270, step 6 Reward Sum 6.0.
WARNING:root:Episode 1280, step 6 Reward Sum 6.0.
WARNING:root:Episode 1290, step 6 Reward Sum 6.0.
WARNING:root:evaluating on 5 episodes with mean reward 6.0.
WARNING:root:Episode 1300, step 6 Reward Sum 6.0.
WARNING:root:Episode 1310, step 6 Reward Sum 6.0.
WARNING:root:Episode 1320, step 6 Reward Sum 6.0.
WARNING:root:Episode 1330, step 6 Reward Sum 6.0.
WARNING:root:Episode 1340, step 6 Reward Sum 6.0.
WARNING:root:Episode 1350, step 6 Reward Sum 6.0.
WARNING:root:Episode 1360, step 6 Reward Sum 6.0.
WARNING:root:Episode 1370, step 6 Reward Sum 6.0.
WARNING:root:Episode 1380, step 6 Reward Sum 6.0.
WARNING:root:Episode 1390, step 6 Reward Sum 6.0.
WARNING:root:evaluating on 5 episodes with mean reward 5.8.
WARNING:root:Episode 1400, step 6 Reward Sum 6.0.
WARNING:root:Episode 1410, step 6 Reward Sum 6.0.
WARNING:root:Episode 1420, step 7 Reward Sum 7.0.
WARNING:root:Episode 1430, step 6 Reward Sum 6.0.
WARNING:root:Episode 1440, step 6 Reward Sum 6.0.
WARNING:root:Episode 1450, step 6 Reward Sum 6.0.
WARNING:root:Episode 1460, step 6 Reward Sum 6.0.
WARNING:root:Episode 1470, step 6 Reward Sum 6.0.
WARNING:root:Episode 1480, step 5 Reward Sum 5.0.
WARNING:root:Episode 1490, step 6 Reward Sum 6.0.
WARNING:root:evaluating on 5 episodes with mean reward 6.0.
WARNING:root:Episode 1500, step 6 Reward Sum 6.0.
WARNING:root:Episode 1510, step 6 Reward Sum 6.0.
WARNING:root:Episode 1520, step 6 Reward Sum 6.0.
WARNING:root:Episode 1530, step 6 Reward Sum 6.0.
WARNING:root:Episode 1540, step 6 Reward Sum 6.0.
WARNING:root:Episode 1550, step 6 Reward Sum 6.0.
WARNING:root:Episode 1560, step 6 Reward Sum 6.0.
WARNING:root:Episode 1570, step 5 Reward Sum 5.0.
WARNING:root:Episode 1580, step 6 Reward Sum 6.0.
WARNING:root:Episode 1590, step 6 Reward Sum 6.0.
WARNING:root:evaluating on 5 episodes with mean reward 5.4.
WARNING:root:Episode 1600, step 6 Reward Sum 6.0.
WARNING:root:Episode 1610, step 6 Reward Sum 6.0.
WARNING:root:Episode 1620, step 5 Reward Sum 5.0.
WARNING:root:Episode 1630, step 6 Reward Sum 6.0.
WARNING:root:Episode 1640, step 6 Reward Sum 6.0.
WARNING:root:Episode 1650, step 6 Reward Sum 6.0.
WARNING:root:Episode 1660, step 5 Reward Sum 5.0.
WARNING:root:Episode 1670, step 6 Reward Sum 6.0.
WARNING:root:Episode 1680, step 6 Reward Sum 6.0.
WARNING:root:Episode 1690, step 6 Reward Sum 6.0.
WARNING:root:evaluating on 5 episodes with mean reward 5.8.
WARNING:root:Episode 1700, step 7 Reward Sum 7.0.
WARNING:root:Episode 1710, step 6 Reward Sum 6.0.
WARNING:root:Episode 1720, step 6 Reward Sum 6.0.
WARNING:root:Episode 1730, step 7 Reward Sum 7.0.
WARNING:root:Episode 1740, step 6 Reward Sum 6.0.
WARNING:root:Episode 1750, step 5 Reward Sum 5.0.
WARNING:root:Episode 1760, step 5 Reward Sum 5.0.
WARNING:root:Episode 1770, step 6 Reward Sum 6.0.
WARNING:root:Episode 1780, step 6 Reward Sum 6.0.
WARNING:root:Episode 1790, step 6 Reward Sum 6.0.
WARNING:root:evaluating on 5 episodes with mean reward 5.8.
WARNING:root:Episode 1800, step 6 Reward Sum 6.0.
WARNING:root:Episode 1810, step 6 Reward Sum 6.0.
WARNING:root:Episode 1820, step 6 Reward Sum 6.0.
WARNING:root:Episode 1830, step 5 Reward Sum 5.0.
WARNING:root:Episode 1840, step 7 Reward Sum 7.0.
WARNING:root:Episode 1850, step 6 Reward Sum 6.0.
WARNING:root:Episode 1860, step 6 Reward Sum 6.0.
WARNING:root:Episode 1870, step 7 Reward Sum 7.0.
WARNING:root:Episode 1880, step 6 Reward Sum 6.0.
WARNING:root:Episode 1890, step 6 Reward Sum 6.0.
WARNING:root:evaluating on 5 episodes with mean reward 6.0.
WARNING:root:Episode 1900, step 6 Reward Sum 6.0.
WARNING:root:Episode 1910, step 6 Reward Sum 6.0.
WARNING:root:Episode 1920, step 6 Reward Sum 6.0.
WARNING:root:Episode 1930, step 6 Reward Sum 6.0.
WARNING:root:Episode 1940, step 6 Reward Sum 6.0.
WARNING:root:Episode 1950, step 6 Reward Sum 6.0.
WARNING:root:Episode 1960, step 6 Reward Sum 6.0.
WARNING:root:Episode 1970, step 6 Reward Sum 6.0.
WARNING:root:DQN trained on Pendulum-v0
WARNING:root:{'LEARNING_RATE': 0.001, 'ACTOR_LR': 0.001, 'CRITIC_LR': 0.001, 'GAMMA': 0.99, 'TAU': 0.001, 'MEMORY_SIZE': 1000000, 'MEMORY_WARMUP_SIZE': 5000, 'BATCH_SIZE': 128, 'REWARD_SCALE': 0.1, 'NOISE': 0.05, 'LEARN_FREQ': 5, 'TRAIN_EPISODE': 1000}
WARNING:root:Episode 0, step 200 Reward Sum -1546.2170489278083.
WARNING:root:Episode 10, step 200 Reward Sum -1624.3232464599735.
WARNING:root:Episode 20, step 200 Reward Sum -1513.2992799659.
WARNING:root:DQN trained on CartPole-continous
WARNING:root:{'LEARNING_RATE': 0.001, 'ACTOR_LR': 0.001, 'CRITIC_LR': 0.001, 'GAMMA': 0.99, 'TAU': 0.001, 'MEMORY_SIZE': 1000000, 'MEMORY_WARMUP_SIZE': 5000, 'BATCH_SIZE': 128, 'REWARD_SCALE': 0.1, 'NOISE': 0.05, 'LEARN_FREQ': 5, 'TRAIN_EPISODE': 1000}
WARNING:root:Episode 0, step 56 Reward Sum 56.0.
WARNING:root:Episode 10, step 9 Reward Sum 9.0.
WARNING:root:Episode 20, step 7 Reward Sum 7.0.
WARNING:root:Episode 30, step 6 Reward Sum 6.0.
WARNING:root:Episode 40, step 7 Reward Sum 7.0.
WARNING:root:Episode 50, step 6 Reward Sum 6.0.
WARNING:root:Episode 60, step 6 Reward Sum 6.0.
WARNING:root:Episode 70, step 6 Reward Sum 6.0.
WARNING:root:Episode 80, step 6 Reward Sum 6.0.
WARNING:root:Episode 90, step 6 Reward Sum 6.0.
