WARNING:root:DQN trained on Quadrotor
WARNING:root:{'ACTOR_LR': 0.001, 'CRITIC_LR': 0.001, 'GAMMA': 0.95, 'TAU': 0.5, 'MEMORY_SIZE': 1000000, 'MEMORY_WARMUP_SIZE': 5000, 'BATCH_SIZE': 128, 'REWARD_SCALE': 0.1, 'NOISE': 0.05, 'LEARN_FREQ': 5, 'TRAIN_EPISODE': 10000}
WARNING:root:Episode 0, step 121 Reward Sum -326.79537336704954.
WARNING:root:Episode 10, step 141 Reward Sum -201.65259104290303.
WARNING:root:Episode 20, step 117 Reward Sum -440.1124017473651.
WARNING:root:Episode 30, step 135 Reward Sum -262.8447800243213.
WARNING:root:Episode 40, step 127 Reward Sum -320.76797340963515.
WARNING:root:Episode 50, step 129 Reward Sum -329.9880250010661.
WARNING:root:Episode 60, step 105 Reward Sum -520.3579341973342.
WARNING:root:Episode 70, step 136 Reward Sum -253.99221036371628.
WARNING:root:Episode 80, step 119 Reward Sum -403.56555765397127.
WARNING:root:Episode 90, step 127 Reward Sum -330.6120695281588.
WARNING:root:evaluating on 5 episodes with mean reward -299.2800396143899.
WARNING:root:Episode 100, step 120 Reward Sum -424.07546438668635.
WARNING:root:Episode 110, step 128 Reward Sum -363.4755363650295.
WARNING:root:Episode 120, step 117 Reward Sum -432.6231915456459.
WARNING:root:Episode 130, step 145 Reward Sum -143.79933604899307.
WARNING:root:Episode 140, step 143 Reward Sum -130.72425340821354.
WARNING:root:Episode 150, step 127 Reward Sum -307.6630157741844.
WARNING:root:Episode 160, step 134 Reward Sum -210.19740917264804.
WARNING:root:Episode 170, step 130 Reward Sum -267.3797119314588.
WARNING:root:Episode 180, step 110 Reward Sum -475.218746335676.
WARNING:root:Episode 190, step 136 Reward Sum -197.71313754673852.
WARNING:root:evaluating on 5 episodes with mean reward -394.6183854878301.
WARNING:root:Episode 200, step 124 Reward Sum -391.5623922338583.
WARNING:root:Episode 210, step 123 Reward Sum -346.7335019474762.
WARNING:root:Episode 220, step 131 Reward Sum -220.1614817468545.
WARNING:root:Episode 230, step 108 Reward Sum -499.1563289564564.
WARNING:root:Episode 240, step 142 Reward Sum -147.46208067429768.
WARNING:root:Episode 250, step 110 Reward Sum -404.85700455807074.
WARNING:root:Episode 260, step 110 Reward Sum -481.9319591404536.
WARNING:root:Episode 270, step 144 Reward Sum -147.05081261187394.
WARNING:root:Episode 280, step 107 Reward Sum -479.6617176854925.
WARNING:root:Episode 290, step 122 Reward Sum -366.2623843209277.
WARNING:root:evaluating on 5 episodes with mean reward -352.5335299918107.
WARNING:root:Episode 300, step 110 Reward Sum -452.1261559041242.
WARNING:root:Episode 310, step 115 Reward Sum -433.70164426392023.
WARNING:root:Episode 320, step 104 Reward Sum -522.8471971066654.
WARNING:root:Episode 330, step 117 Reward Sum -476.2903353740759.
WARNING:root:Episode 340, step 130 Reward Sum -315.0329634141687.
WARNING:root:Episode 350, step 138 Reward Sum -204.04216910339366.
WARNING:root:Episode 360, step 132 Reward Sum -295.4359174348079.
WARNING:root:Episode 370, step 108 Reward Sum -504.136130207404.
WARNING:root:Episode 380, step 114 Reward Sum -408.92656452692336.
WARNING:root:Episode 390, step 110 Reward Sum -430.4549906277344.
WARNING:root:evaluating on 5 episodes with mean reward -399.4956866728272.
WARNING:root:Episode 400, step 112 Reward Sum -455.40154889384786.
WARNING:root:Episode 410, step 117 Reward Sum -440.9780027374216.
WARNING:root:Episode 420, step 138 Reward Sum -244.08737600532538.
WARNING:root:Episode 430, step 137 Reward Sum -167.8810108996992.
WARNING:root:Episode 440, step 117 Reward Sum -465.1107093632903.
WARNING:root:Episode 450, step 115 Reward Sum -386.6021831697026.
WARNING:root:Episode 460, step 104 Reward Sum -486.38791192614286.
WARNING:root:Episode 470, step 129 Reward Sum -291.7184210521353.
WARNING:root:Episode 480, step 110 Reward Sum -480.1121588180781.
WARNING:root:Episode 490, step 105 Reward Sum -498.42632789086997.
WARNING:root:evaluating on 5 episodes with mean reward -332.9577124750991.
WARNING:root:Episode 500, step 105 Reward Sum -537.6802027173935.
WARNING:root:Episode 510, step 121 Reward Sum -339.4189685078958.
WARNING:root:Episode 520, step 109 Reward Sum -509.3308714874452.
WARNING:root:Episode 530, step 122 Reward Sum -336.47132319939.
WARNING:root:Episode 540, step 133 Reward Sum -347.83647015297777.
WARNING:root:Episode 550, step 129 Reward Sum -298.6250135758043.
WARNING:root:Episode 560, step 131 Reward Sum -278.18498425093134.
WARNING:root:Episode 570, step 125 Reward Sum -318.42100217045345.
WARNING:root:Episode 580, step 117 Reward Sum -468.45430373162196.
WARNING:root:Episode 590, step 139 Reward Sum -188.63401874507218.
WARNING:root:evaluating on 5 episodes with mean reward -317.3895923072888.
WARNING:root:Episode 600, step 111 Reward Sum -414.5914312225654.
WARNING:root:Episode 610, step 133 Reward Sum -248.05036284179556.
WARNING:root:Episode 620, step 118 Reward Sum -385.4640616280037.
WARNING:root:Episode 630, step 114 Reward Sum -458.1061423507795.
WARNING:root:Episode 640, step 128 Reward Sum -297.5858773883317.
WARNING:root:Episode 650, step 129 Reward Sum -315.5985472867502.
WARNING:root:Episode 660, step 132 Reward Sum -281.74855736251084.
WARNING:root:Episode 670, step 112 Reward Sum -443.28955642456503.
WARNING:root:Episode 680, step 118 Reward Sum -428.4977226236509.
WARNING:root:Episode 690, step 127 Reward Sum -355.4752545134913.
WARNING:root:evaluating on 5 episodes with mean reward -432.31598696875983.
WARNING:root:Episode 700, step 113 Reward Sum -439.4059498044535.
WARNING:root:Episode 710, step 132 Reward Sum -242.91618733627453.
WARNING:root:Episode 720, step 137 Reward Sum -212.02564501920637.
WARNING:root:Episode 730, step 137 Reward Sum -213.40362153599796.
WARNING:root:Episode 740, step 127 Reward Sum -308.36351543822065.
WARNING:root:Episode 750, step 142 Reward Sum -166.31517458551986.
WARNING:root:Episode 760, step 129 Reward Sum -281.72778328340263.
WARNING:root:Episode 770, step 118 Reward Sum -400.08688955782753.
WARNING:root:Episode 780, step 140 Reward Sum -220.7253366584098.
WARNING:root:Episode 790, step 133 Reward Sum -241.2928660891477.
WARNING:root:evaluating on 5 episodes with mean reward -342.3556999080421.
WARNING:root:Episode 800, step 104 Reward Sum -506.5129178432969.
WARNING:root:Episode 810, step 104 Reward Sum -515.1283157071116.
WARNING:root:Episode 820, step 129 Reward Sum -343.8691067134283.
WARNING:root:Episode 830, step 136 Reward Sum -265.5814302187394.
WARNING:root:Episode 840, step 130 Reward Sum -266.8829683142204.
WARNING:root:Episode 850, step 110 Reward Sum -437.96859655776717.
WARNING:root:Episode 860, step 131 Reward Sum -242.23503483121766.
WARNING:root:Episode 870, step 103 Reward Sum -545.7082548634667.
WARNING:root:Episode 880, step 112 Reward Sum -469.5604992282438.
WARNING:root:Episode 890, step 119 Reward Sum -436.1423739588979.
WARNING:root:evaluating on 5 episodes with mean reward -361.1093748706729.
WARNING:root:Episode 900, step 135 Reward Sum -252.6091679951061.
WARNING:root:Episode 910, step 111 Reward Sum -427.7583965606545.
WARNING:root:Episode 920, step 116 Reward Sum -442.5526709424603.
WARNING:root:Episode 930, step 121 Reward Sum -337.6847792627852.
WARNING:root:Episode 940, step 143 Reward Sum -170.75933374232818.
WARNING:root:Episode 950, step 125 Reward Sum -311.1372865452663.
WARNING:root:Episode 960, step 141 Reward Sum -176.533796510657.
WARNING:root:Episode 970, step 141 Reward Sum -181.62933094741976.
WARNING:root:Episode 980, step 141 Reward Sum -141.60617424829243.
WARNING:root:Episode 990, step 140 Reward Sum -149.99766986979503.
WARNING:root:evaluating on 5 episodes with mean reward -403.8765843563973.
WARNING:root:Episode 1000, step 104 Reward Sum -511.824436732976.
WARNING:root:Episode 1010, step 110 Reward Sum -490.2219827928634.
WARNING:root:Episode 1020, step 116 Reward Sum -446.458034864433.
WARNING:root:Episode 1030, step 137 Reward Sum -230.85810250536028.
WARNING:root:Episode 1040, step 126 Reward Sum -402.4683364879147.
WARNING:root:Episode 1050, step 105 Reward Sum -554.6334174067789.
WARNING:root:Episode 1060, step 135 Reward Sum -232.06566864075594.
WARNING:root:Episode 1070, step 116 Reward Sum -398.55101046010685.
WARNING:root:Episode 1080, step 116 Reward Sum -471.6492391186271.
WARNING:root:Episode 1090, step 130 Reward Sum -232.9076861998727.
WARNING:root:evaluating on 5 episodes with mean reward -321.7080490698533.
WARNING:root:Episode 1100, step 116 Reward Sum -467.5123446070636.
WARNING:root:Episode 1110, step 109 Reward Sum -461.001708921936.
WARNING:root:Episode 1120, step 143 Reward Sum -175.21423611827473.
WARNING:root:Episode 1130, step 108 Reward Sum -468.98029248520186.
WARNING:root:Episode 1140, step 119 Reward Sum -448.78208982807115.
WARNING:root:Episode 1150, step 122 Reward Sum -350.091205842195.
WARNING:root:Episode 1160, step 107 Reward Sum -464.0734542485964.
WARNING:root:Episode 1170, step 105 Reward Sum -498.8337338048112.
WARNING:root:Episode 1180, step 129 Reward Sum -322.6543639692367.
WARNING:root:Episode 1190, step 103 Reward Sum -522.9380215487862.
WARNING:root:evaluating on 5 episodes with mean reward -374.5045267724662.
WARNING:root:Episode 1200, step 122 Reward Sum -391.8936627287436.
WARNING:root:Episode 1210, step 106 Reward Sum -472.8992098829161.
WARNING:root:Episode 1220, step 144 Reward Sum -173.871576885229.
WARNING:root:Episode 1230, step 117 Reward Sum -411.11838242712287.
WARNING:root:Episode 1240, step 114 Reward Sum -396.3546560021858.
WARNING:root:Episode 1250, step 129 Reward Sum -353.9695278382805.
WARNING:root:Episode 1260, step 122 Reward Sum -365.40849249765824.
WARNING:root:Episode 1270, step 125 Reward Sum -385.1271788682599.
WARNING:root:Episode 1280, step 124 Reward Sum -307.5885016208388.
WARNING:root:Episode 1290, step 117 Reward Sum -429.90121371988306.
WARNING:root:evaluating on 5 episodes with mean reward -465.62926081693666.
WARNING:root:Episode 1300, step 122 Reward Sum -413.76735479748794.
WARNING:root:Episode 1310, step 134 Reward Sum -238.90686632223827.
WARNING:root:Episode 1320, step 127 Reward Sum -297.28758628671267.
WARNING:root:Episode 1330, step 114 Reward Sum -482.75066799741353.
WARNING:root:Episode 1340, step 114 Reward Sum -438.245750576061.
WARNING:root:Episode 1350, step 114 Reward Sum -434.87290377793505.
WARNING:root:Episode 1360, step 105 Reward Sum -475.7706029807954.
WARNING:root:Episode 1370, step 142 Reward Sum -178.95967060452233.
WARNING:root:Episode 1380, step 106 Reward Sum -475.34880748037926.
WARNING:root:Episode 1390, step 114 Reward Sum -438.04146212705837.
WARNING:root:evaluating on 5 episodes with mean reward -452.4413191591715.
WARNING:root:Episode 1400, step 135 Reward Sum -208.72783533483855.
WARNING:root:Episode 1410, step 114 Reward Sum -390.3145606942474.
WARNING:root:Episode 1420, step 123 Reward Sum -334.2887643573977.
WARNING:root:Episode 1430, step 127 Reward Sum -305.830489271663.
WARNING:root:Episode 1440, step 130 Reward Sum -299.4189652596185.
WARNING:root:Episode 1450, step 140 Reward Sum -230.32280397302443.
WARNING:root:Episode 1460, step 104 Reward Sum -475.28512299405304.
WARNING:root:Episode 1470, step 106 Reward Sum -517.5931252563261.
WARNING:root:Episode 1480, step 121 Reward Sum -365.4929075088025.
WARNING:root:Episode 1490, step 105 Reward Sum -488.24769532761513.
WARNING:root:evaluating on 5 episodes with mean reward -339.139272084419.
WARNING:root:Episode 1500, step 128 Reward Sum -303.1970039294092.
WARNING:root:Episode 1510, step 107 Reward Sum -479.2540158140376.
WARNING:root:Episode 1520, step 141 Reward Sum -151.01156083150707.
WARNING:root:Episode 1530, step 112 Reward Sum -425.3943420435026.
WARNING:root:Episode 1540, step 107 Reward Sum -508.1743034431744.
WARNING:root:Episode 1550, step 119 Reward Sum -422.2876026191459.
WARNING:root:Episode 1560, step 125 Reward Sum -364.71771470782943.
WARNING:root:Episode 1570, step 131 Reward Sum -289.8436711014748.
WARNING:root:Episode 1580, step 111 Reward Sum -455.7498253142656.
WARNING:root:Episode 1590, step 107 Reward Sum -502.09576781059286.
WARNING:root:evaluating on 5 episodes with mean reward -363.4961885585777.
WARNING:root:Episode 1600, step 139 Reward Sum -156.74567749154397.
WARNING:root:Episode 1610, step 126 Reward Sum -321.74819553969184.
WARNING:root:Episode 1620, step 133 Reward Sum -244.09103540730484.
WARNING:root:Episode 1630, step 116 Reward Sum -413.50762911958043.
WARNING:root:Episode 1640, step 107 Reward Sum -487.6398175564147.
WARNING:root:Episode 1650, step 118 Reward Sum -434.3299382974776.
WARNING:root:Episode 1660, step 117 Reward Sum -409.7596456272144.
WARNING:root:Episode 1670, step 127 Reward Sum -330.2133991615174.
WARNING:root:Episode 1680, step 136 Reward Sum -264.25645644028094.
WARNING:root:Episode 1690, step 123 Reward Sum -313.5200348393862.
WARNING:root:evaluating on 5 episodes with mean reward -379.52347033447813.
WARNING:root:Episode 1700, step 119 Reward Sum -379.81585206235144.
WARNING:root:Episode 1710, step 137 Reward Sum -206.38211689310657.
WARNING:root:Episode 1720, step 128 Reward Sum -294.09486980156913.
WARNING:root:Episode 1730, step 135 Reward Sum -241.97847831077274.
WARNING:root:Episode 1740, step 105 Reward Sum -506.81860665981196.
WARNING:root:Episode 1750, step 121 Reward Sum -389.1288211576364.
WARNING:root:Episode 1760, step 116 Reward Sum -400.4727646146712.
WARNING:root:Episode 1770, step 125 Reward Sum -346.7798793686147.
WARNING:root:Episode 1780, step 118 Reward Sum -380.2003410079882.
WARNING:root:Episode 1790, step 127 Reward Sum -302.25691445614285.
WARNING:root:evaluating on 5 episodes with mean reward -378.96305258825424.
WARNING:root:Episode 1800, step 141 Reward Sum -205.87230706770185.
WARNING:root:Episode 1810, step 104 Reward Sum -459.3581878978513.
WARNING:root:Episode 1820, step 113 Reward Sum -395.51534349022825.
WARNING:root:Episode 1830, step 125 Reward Sum -351.3913075728086.
WARNING:root:Episode 1840, step 116 Reward Sum -406.33785483036735.
WARNING:root:Episode 1850, step 117 Reward Sum -383.68936717140235.
WARNING:root:Episode 1860, step 104 Reward Sum -496.81402313746565.
WARNING:root:Episode 1870, step 124 Reward Sum -327.2103967132417.
WARNING:root:Episode 1880, step 125 Reward Sum -382.5162776669914.
WARNING:root:Episode 1890, step 124 Reward Sum -366.6877020914665.
WARNING:root:evaluating on 5 episodes with mean reward -257.02074958616447.
WARNING:root:Episode 1900, step 116 Reward Sum -459.31714967309244.
WARNING:root:Episode 1910, step 112 Reward Sum -449.55988185436405.
WARNING:root:Episode 1920, step 111 Reward Sum -441.78050912198216.
WARNING:root:Episode 1930, step 125 Reward Sum -346.2386163099083.
WARNING:root:Episode 1940, step 125 Reward Sum -346.1798416276276.
WARNING:root:Episode 1950, step 123 Reward Sum -295.90542770838516.
WARNING:root:Episode 1960, step 112 Reward Sum -432.646572334407.
WARNING:root:Episode 1970, step 127 Reward Sum -321.66566514624367.
WARNING:root:Episode 1980, step 132 Reward Sum -259.7427285217109.
WARNING:root:Episode 1990, step 124 Reward Sum -341.7755328152339.
WARNING:root:evaluating on 5 episodes with mean reward -425.68851004341366.
WARNING:root:Episode 2000, step 107 Reward Sum -468.77233181700046.
WARNING:root:Episode 2010, step 105 Reward Sum -496.18782053683793.
WARNING:root:Episode 2020, step 108 Reward Sum -477.6445078511714.
WARNING:root:Episode 2030, step 138 Reward Sum -243.80813500322216.
WARNING:root:Episode 2040, step 125 Reward Sum -333.40229885322174.
WARNING:root:Episode 2050, step 136 Reward Sum -186.7388022471593.
WARNING:root:Episode 2060, step 108 Reward Sum -433.93146374319264.
WARNING:root:Episode 2070, step 113 Reward Sum -446.21152362855713.
WARNING:root:Episode 2080, step 125 Reward Sum -321.0636575140643.
WARNING:root:Episode 2090, step 141 Reward Sum -180.2570647992906.
WARNING:root:evaluating on 5 episodes with mean reward -291.09608901551263.
WARNING:root:Episode 2100, step 125 Reward Sum -409.51686806054295.
WARNING:root:Episode 2110, step 126 Reward Sum -316.4468960514807.
WARNING:root:Episode 2120, step 105 Reward Sum -493.03781202531593.
WARNING:root:Episode 2130, step 126 Reward Sum -295.9506220118976.
WARNING:root:Episode 2140, step 107 Reward Sum -482.99710674625004.
WARNING:root:Episode 2150, step 110 Reward Sum -430.7042229607897.
WARNING:root:Episode 2160, step 105 Reward Sum -478.58378067770497.
WARNING:root:Episode 2170, step 142 Reward Sum -172.6954963716459.
WARNING:root:Episode 2180, step 116 Reward Sum -359.3286985904053.
WARNING:root:Episode 2190, step 115 Reward Sum -385.13355461022246.
WARNING:root:evaluating on 5 episodes with mean reward -423.4781507847.
WARNING:root:Episode 2200, step 125 Reward Sum -342.7181600225663.
WARNING:root:Episode 2210, step 116 Reward Sum -430.2647428982398.
WARNING:root:Episode 2220, step 107 Reward Sum -447.46473040206655.
WARNING:root:Episode 2230, step 123 Reward Sum -373.28470598596516.
WARNING:root:Episode 2240, step 128 Reward Sum -289.6490793216907.
WARNING:root:Episode 2250, step 121 Reward Sum -377.2007905660401.
WARNING:root:Episode 2260, step 132 Reward Sum -239.44049223878818.
WARNING:root:Episode 2270, step 115 Reward Sum -412.4472982274996.
WARNING:root:Episode 2280, step 120 Reward Sum -348.61883749339324.
WARNING:root:Episode 2290, step 122 Reward Sum -418.37242720815055.
WARNING:root:evaluating on 5 episodes with mean reward -407.05303077011473.
WARNING:root:Episode 2300, step 106 Reward Sum -548.4170987065709.
WARNING:root:Episode 2310, step 144 Reward Sum -243.76092873827272.
WARNING:root:Episode 2320, step 118 Reward Sum -395.41371330750906.
WARNING:root:Episode 2330, step 131 Reward Sum -265.78149771190937.
WARNING:root:Episode 2340, step 121 Reward Sum -408.07854943326794.
WARNING:root:Episode 2350, step 139 Reward Sum -239.7011538427243.
WARNING:root:Episode 2360, step 135 Reward Sum -260.9150298347654.
WARNING:root:Episode 2370, step 140 Reward Sum -106.53764167236945.
WARNING:root:Episode 2380, step 122 Reward Sum -324.2780466698774.
WARNING:root:Episode 2390, step 117 Reward Sum -429.8407713672421.
WARNING:root:evaluating on 5 episodes with mean reward -305.9173796631534.
WARNING:root:Episode 2400, step 121 Reward Sum -330.8407806605742.
WARNING:root:Episode 2410, step 136 Reward Sum -181.85526567229397.
WARNING:root:Episode 2420, step 107 Reward Sum -481.82997348031813.
WARNING:root:Episode 2430, step 107 Reward Sum -482.23049638265496.
WARNING:root:Episode 2440, step 119 Reward Sum -342.5496685482813.
WARNING:root:Episode 2450, step 126 Reward Sum -333.90334872263696.
WARNING:root:Episode 2460, step 122 Reward Sum -400.06005022855953.
WARNING:root:Episode 2470, step 116 Reward Sum -444.6057573161852.
WARNING:root:Episode 2480, step 120 Reward Sum -367.18528003719615.
WARNING:root:Episode 2490, step 109 Reward Sum -444.4443957972881.
WARNING:root:evaluating on 5 episodes with mean reward -313.05452529648863.
WARNING:root:Episode 2500, step 125 Reward Sum -374.8595847091705.
WARNING:root:Episode 2510, step 135 Reward Sum -202.6732205052146.
WARNING:root:Episode 2520, step 106 Reward Sum -505.33768387082694.
WARNING:root:Episode 2530, step 133 Reward Sum -290.1112432830818.
WARNING:root:Episode 2540, step 112 Reward Sum -489.14576733571596.
WARNING:root:Episode 2550, step 118 Reward Sum -424.7835391172596.
WARNING:root:Episode 2560, step 137 Reward Sum -225.96451443621365.
WARNING:root:Episode 2570, step 128 Reward Sum -291.1506752190225.
WARNING:root:Episode 2580, step 143 Reward Sum -132.78686735879157.
WARNING:root:Episode 2590, step 138 Reward Sum -235.44023246799352.
WARNING:root:evaluating on 5 episodes with mean reward -375.3942456486549.
WARNING:root:Episode 2600, step 118 Reward Sum -388.45095867303843.
WARNING:root:Episode 2610, step 134 Reward Sum -212.60431686617693.
WARNING:root:Episode 2620, step 109 Reward Sum -499.49605267674167.
WARNING:root:Episode 2630, step 108 Reward Sum -476.9736563314756.
WARNING:root:Episode 2640, step 132 Reward Sum -303.87873520836337.
WARNING:root:Episode 2650, step 132 Reward Sum -271.4542128082371.
WARNING:root:Episode 2660, step 126 Reward Sum -324.5885987774046.
WARNING:root:Episode 2670, step 112 Reward Sum -466.32700185264855.
WARNING:root:Episode 2680, step 122 Reward Sum -362.5264850368929.
WARNING:root:Episode 2690, step 120 Reward Sum -422.28116596279693.
WARNING:root:evaluating on 5 episodes with mean reward -368.3254405452843.
WARNING:root:Episode 2700, step 131 Reward Sum -307.42870380136435.
WARNING:root:Episode 2710, step 138 Reward Sum -201.68106423440742.
WARNING:root:Episode 2720, step 130 Reward Sum -265.49153904229.
WARNING:root:Episode 2730, step 103 Reward Sum -529.1920077559823.
WARNING:root:Episode 2740, step 108 Reward Sum -454.56495057025603.
WARNING:root:Episode 2750, step 103 Reward Sum -531.33843806116.
WARNING:root:Episode 2760, step 105 Reward Sum -491.29850713478675.
WARNING:root:Episode 2770, step 120 Reward Sum -368.66291334582587.
WARNING:root:Episode 2780, step 140 Reward Sum -153.94198499530103.
WARNING:root:Episode 2790, step 116 Reward Sum -407.44131947281033.
WARNING:root:evaluating on 5 episodes with mean reward -353.5553574370316.
WARNING:root:Episode 2800, step 131 Reward Sum -278.3819052291827.
WARNING:root:Episode 2810, step 106 Reward Sum -489.2460922518951.
WARNING:root:Episode 2820, step 129 Reward Sum -274.1495927857015.
WARNING:root:Episode 2830, step 110 Reward Sum -481.31582528220366.
WARNING:root:Episode 2840, step 129 Reward Sum -332.52611958418936.
WARNING:root:Episode 2850, step 112 Reward Sum -441.9401075186998.
WARNING:root:Episode 2860, step 140 Reward Sum -180.4412967248627.
WARNING:root:Episode 2870, step 121 Reward Sum -325.7157294077029.
WARNING:root:Episode 2880, step 109 Reward Sum -498.26631925024776.
WARNING:root:Episode 2890, step 136 Reward Sum -229.51614578116124.
WARNING:root:evaluating on 5 episodes with mean reward -397.2564758220557.
WARNING:root:Episode 2900, step 131 Reward Sum -261.5586552099504.
WARNING:root:Episode 2910, step 141 Reward Sum -140.65432588682773.
WARNING:root:Episode 2920, step 116 Reward Sum -438.1449490876836.
WARNING:root:Episode 2930, step 114 Reward Sum -446.8827835476789.
WARNING:root:Episode 2940, step 126 Reward Sum -305.8245035455324.
WARNING:root:Episode 2950, step 131 Reward Sum -276.80321001526823.
WARNING:root:Episode 2960, step 114 Reward Sum -442.0966771510225.
WARNING:root:Episode 2970, step 115 Reward Sum -439.88984879525634.
WARNING:root:Episode 2980, step 136 Reward Sum -207.96589028237395.
WARNING:root:Episode 2990, step 139 Reward Sum -216.50836268928148.
WARNING:root:evaluating on 5 episodes with mean reward -324.1410990926121.
WARNING:root:Episode 3000, step 115 Reward Sum -384.2934113027714.
WARNING:root:Episode 3010, step 117 Reward Sum -376.6855895220448.
WARNING:root:Episode 3020, step 121 Reward Sum -344.1557854695744.
WARNING:root:Episode 3030, step 114 Reward Sum -387.016990055704.
WARNING:root:Episode 3040, step 135 Reward Sum -233.18533433739776.
WARNING:root:Episode 3050, step 104 Reward Sum -479.79741713007814.
WARNING:root:Episode 3060, step 124 Reward Sum -328.20317484315945.
WARNING:root:Episode 3070, step 137 Reward Sum -207.65085581133363.
WARNING:root:Episode 3080, step 135 Reward Sum -157.388937094436.
WARNING:root:Episode 3090, step 142 Reward Sum -189.87055880362522.
WARNING:root:evaluating on 5 episodes with mean reward -380.0431677783304.
WARNING:root:Episode 3100, step 135 Reward Sum -244.21461693776038.
WARNING:root:Episode 3110, step 118 Reward Sum -397.14512782169663.
WARNING:root:Episode 3120, step 128 Reward Sum -292.1493912603129.
WARNING:root:Episode 3130, step 129 Reward Sum -281.60469536332454.
WARNING:root:Episode 3140, step 117 Reward Sum -393.2514289937905.
WARNING:root:Episode 3150, step 122 Reward Sum -334.7951448196314.
WARNING:root:Episode 3160, step 137 Reward Sum -251.23143411687286.
WARNING:root:Episode 3170, step 110 Reward Sum -452.5543218471364.
WARNING:root:Episode 3180, step 105 Reward Sum -485.3235135672083.
WARNING:root:Episode 3190, step 120 Reward Sum -386.6887618829359.
WARNING:root:evaluating on 5 episodes with mean reward -339.8630994637626.
WARNING:root:Episode 3200, step 111 Reward Sum -437.4915695094609.
WARNING:root:Episode 3210, step 117 Reward Sum -415.5533184121573.
WARNING:root:Episode 3220, step 123 Reward Sum -369.0512380077422.
WARNING:root:Episode 3230, step 114 Reward Sum -454.16865853885935.
WARNING:root:Episode 3240, step 119 Reward Sum -432.5461409181716.
WARNING:root:Episode 3250, step 114 Reward Sum -438.57523779406324.
WARNING:root:Episode 3260, step 137 Reward Sum -241.39896615904237.
WARNING:root:Episode 3270, step 140 Reward Sum -214.92703304871716.
WARNING:root:Episode 3280, step 120 Reward Sum -421.57769204977154.
WARNING:root:Episode 3290, step 124 Reward Sum -367.8114423117038.
WARNING:root:evaluating on 5 episodes with mean reward -339.78686525316124.
WARNING:root:Episode 3300, step 134 Reward Sum -203.11624416321973.
WARNING:root:Episode 3310, step 127 Reward Sum -296.47135665149625.
WARNING:root:Episode 3320, step 114 Reward Sum -425.9899899700058.
WARNING:root:Episode 3330, step 112 Reward Sum -443.964676547844.
WARNING:root:Episode 3340, step 113 Reward Sum -446.00493492009224.
WARNING:root:Episode 3350, step 142 Reward Sum -158.99841865621917.
WARNING:root:Episode 3360, step 108 Reward Sum -457.5907996179903.
WARNING:root:Episode 3370, step 130 Reward Sum -250.59073785503858.
WARNING:root:Episode 3380, step 117 Reward Sum -357.15099260836064.
WARNING:root:Episode 3390, step 138 Reward Sum -195.20498520590814.
WARNING:root:evaluating on 5 episodes with mean reward -378.43077812851254.
WARNING:root:Episode 3400, step 124 Reward Sum -298.2680519863254.
WARNING:root:Episode 3410, step 121 Reward Sum -360.5923232633425.
WARNING:root:Episode 3420, step 112 Reward Sum -427.2181383504916.
WARNING:root:Episode 3430, step 125 Reward Sum -338.2883626180082.
WARNING:root:Episode 3440, step 142 Reward Sum -160.67532183605164.
WARNING:root:Episode 3450, step 107 Reward Sum -452.510943941552.
WARNING:root:Episode 3460, step 105 Reward Sum -502.9980267206212.
WARNING:root:Episode 3470, step 141 Reward Sum -175.55898290794102.
WARNING:root:Episode 3480, step 103 Reward Sum -518.6043621741222.
WARNING:root:Episode 3490, step 135 Reward Sum -220.0255275105542.
WARNING:root:evaluating on 5 episodes with mean reward -393.5276744503088.
WARNING:root:Episode 3500, step 127 Reward Sum -350.4659482917107.
WARNING:root:Episode 3510, step 119 Reward Sum -430.0053246846305.
WARNING:root:Episode 3520, step 140 Reward Sum -231.2285833852308.
WARNING:root:Episode 3530, step 134 Reward Sum -226.77205430066883.
WARNING:root:Episode 3540, step 121 Reward Sum -379.1436533457071.
WARNING:root:Episode 3550, step 131 Reward Sum -312.450693367525.
WARNING:root:Episode 3560, step 120 Reward Sum -403.3019415234981.
WARNING:root:Episode 3570, step 107 Reward Sum -514.6685334082924.
WARNING:root:Episode 3580, step 127 Reward Sum -355.37002307171764.
WARNING:root:Episode 3590, step 131 Reward Sum -256.53275637595436.
WARNING:root:evaluating on 5 episodes with mean reward -361.5931338679902.
WARNING:root:Episode 3600, step 120 Reward Sum -432.02582559697976.
WARNING:root:Episode 3610, step 137 Reward Sum -192.75089190589716.
WARNING:root:Episode 3620, step 108 Reward Sum -510.84894747890297.
WARNING:root:Episode 3630, step 124 Reward Sum -326.04922712794206.
WARNING:root:Episode 3640, step 109 Reward Sum -520.5044219480853.
WARNING:root:Episode 3650, step 115 Reward Sum -427.4764496000213.
WARNING:root:Episode 3660, step 107 Reward Sum -527.1431622338147.
WARNING:root:Episode 3670, step 132 Reward Sum -203.262119099079.
WARNING:root:Episode 3680, step 103 Reward Sum -518.2220303879434.
WARNING:root:Episode 3690, step 134 Reward Sum -194.95601218062922.
WARNING:root:evaluating on 5 episodes with mean reward -242.92838085242389.
WARNING:root:Episode 3700, step 117 Reward Sum -422.68196781211685.
WARNING:root:Episode 3710, step 139 Reward Sum -134.69135049162284.
WARNING:root:Episode 3720, step 132 Reward Sum -273.9240171868801.
WARNING:root:Episode 3730, step 105 Reward Sum -507.9732614153429.
WARNING:root:Episode 3740, step 115 Reward Sum -410.7459073611914.
WARNING:root:Episode 3750, step 134 Reward Sum -198.7267666023094.
WARNING:root:Episode 3760, step 117 Reward Sum -399.4392840285211.
WARNING:root:Episode 3770, step 139 Reward Sum -216.22325791144684.
WARNING:root:Episode 3780, step 106 Reward Sum -497.9559274063771.
WARNING:root:Episode 3790, step 132 Reward Sum -230.37785164514028.
WARNING:root:evaluating on 5 episodes with mean reward -404.0543151024726.
WARNING:root:Episode 3800, step 115 Reward Sum -440.57002966356174.
WARNING:root:Episode 3810, step 140 Reward Sum -242.0879742959499.
WARNING:root:Episode 3820, step 125 Reward Sum -321.4078215806294.
WARNING:root:Episode 3830, step 136 Reward Sum -202.22409706260495.
WARNING:root:Episode 3840, step 108 Reward Sum -463.0450297230434.
WARNING:root:Episode 3850, step 103 Reward Sum -463.72903785649635.
WARNING:root:Episode 3860, step 103 Reward Sum -500.4953517949307.
WARNING:root:Episode 3870, step 105 Reward Sum -516.0876112370206.
WARNING:root:Episode 3880, step 137 Reward Sum -171.6432064517826.
WARNING:root:Episode 3890, step 118 Reward Sum -417.4922766926372.
WARNING:root:evaluating on 5 episodes with mean reward -354.58923548581913.
WARNING:root:Episode 3900, step 126 Reward Sum -305.27211628472804.
WARNING:root:Episode 3910, step 120 Reward Sum -361.64313788097246.
WARNING:root:Episode 3920, step 134 Reward Sum -233.2685677026339.
WARNING:root:Episode 3930, step 142 Reward Sum -109.78405329874433.
WARNING:root:Episode 3940, step 143 Reward Sum -105.75982417863955.
WARNING:root:Episode 3950, step 118 Reward Sum -362.7427706136975.
WARNING:root:Episode 3960, step 133 Reward Sum -286.8618736362265.
WARNING:root:Episode 3970, step 127 Reward Sum -281.5938184439257.
WARNING:root:Episode 3980, step 125 Reward Sum -284.9577431101779.
WARNING:root:Episode 3990, step 133 Reward Sum -284.39082309062934.
WARNING:root:evaluating on 5 episodes with mean reward -442.37210115494355.
WARNING:root:Episode 4000, step 122 Reward Sum -338.85079273426726.
WARNING:root:Episode 4010, step 138 Reward Sum -203.63446978500554.
WARNING:root:Episode 4020, step 105 Reward Sum -498.6751420267053.
WARNING:root:Episode 4030, step 121 Reward Sum -394.6968751103299.
WARNING:root:Episode 4040, step 125 Reward Sum -314.9668850675268.
WARNING:root:Episode 4050, step 120 Reward Sum -347.10396527753096.
WARNING:root:Episode 4060, step 133 Reward Sum -311.4488638382027.
WARNING:root:Episode 4070, step 105 Reward Sum -483.3461459314068.
WARNING:root:Episode 4080, step 110 Reward Sum -471.28050353763985.
WARNING:root:Episode 4090, step 120 Reward Sum -390.51614648174643.
WARNING:root:evaluating on 5 episodes with mean reward -418.6610153149808.
WARNING:root:Episode 4100, step 107 Reward Sum -503.37110449414973.
WARNING:root:Episode 4110, step 113 Reward Sum -443.0690765417908.
WARNING:root:Episode 4120, step 109 Reward Sum -458.28938965866564.
WARNING:root:Episode 4130, step 130 Reward Sum -302.0143065069602.
WARNING:root:Episode 4140, step 116 Reward Sum -371.0667773561792.
WARNING:root:Episode 4150, step 116 Reward Sum -439.4763533515591.
WARNING:root:Episode 4160, step 140 Reward Sum -155.28137642738122.
WARNING:root:Episode 4170, step 124 Reward Sum -361.8027777759507.
WARNING:root:Episode 4180, step 127 Reward Sum -341.16436707808396.
WARNING:root:Episode 4190, step 128 Reward Sum -304.1956219499841.
WARNING:root:evaluating on 5 episodes with mean reward -396.90679182079316.
WARNING:root:Episode 4200, step 120 Reward Sum -365.10143827508006.
WARNING:root:Episode 4210, step 120 Reward Sum -310.41780210916716.
WARNING:root:Episode 4220, step 107 Reward Sum -488.80436406144196.
WARNING:root:Episode 4230, step 127 Reward Sum -303.8829924299679.
WARNING:root:Episode 4240, step 115 Reward Sum -409.8113383361421.
WARNING:root:Episode 4250, step 137 Reward Sum -229.2999208054132.
WARNING:root:Episode 4260, step 124 Reward Sum -345.5394738886895.
WARNING:root:Episode 4270, step 102 Reward Sum -482.5390808609938.
WARNING:root:Episode 4280, step 105 Reward Sum -503.47312390969466.
WARNING:root:Episode 4290, step 107 Reward Sum -444.77908041928674.
WARNING:root:evaluating on 5 episodes with mean reward -386.180736185359.
WARNING:root:Episode 4300, step 107 Reward Sum -481.8974657551847.
WARNING:root:Episode 4310, step 130 Reward Sum -291.3261306860435.
WARNING:root:Episode 4320, step 106 Reward Sum -480.57189057183786.
WARNING:root:Episode 4330, step 121 Reward Sum -367.701433837791.
WARNING:root:Episode 4340, step 143 Reward Sum -150.85341069675175.
WARNING:root:Episode 4350, step 138 Reward Sum -251.12348908116982.
WARNING:root:Episode 4360, step 130 Reward Sum -287.39412070264467.
WARNING:root:Episode 4370, step 113 Reward Sum -468.02375731454305.
WARNING:root:Episode 4380, step 112 Reward Sum -487.2040655782465.
WARNING:root:Episode 4390, step 114 Reward Sum -391.38041064406787.
WARNING:root:evaluating on 5 episodes with mean reward -409.8506460127884.
WARNING:root:Episode 4400, step 114 Reward Sum -415.326328653338.
WARNING:root:Episode 4410, step 103 Reward Sum -510.82618231532683.
WARNING:root:Episode 4420, step 114 Reward Sum -449.0714962311967.
WARNING:root:Episode 4430, step 141 Reward Sum -204.76615991773193.
WARNING:root:Episode 4440, step 128 Reward Sum -247.43232792819416.
WARNING:root:Episode 4450, step 104 Reward Sum -525.105043159872.
WARNING:root:Episode 4460, step 109 Reward Sum -468.8028081642935.
WARNING:root:Episode 4470, step 117 Reward Sum -430.574915559079.
WARNING:root:Episode 4480, step 138 Reward Sum -181.79932450747918.
WARNING:root:Episode 4490, step 137 Reward Sum -188.5890113034012.
WARNING:root:evaluating on 5 episodes with mean reward -317.12336085262547.
WARNING:root:Episode 4500, step 118 Reward Sum -389.03131318714924.
WARNING:root:Episode 4510, step 115 Reward Sum -432.2311595205158.
WARNING:root:Episode 4520, step 109 Reward Sum -445.61103390522226.
WARNING:root:Episode 4530, step 136 Reward Sum -191.70761353572814.
WARNING:root:Episode 4540, step 111 Reward Sum -505.7113227473655.
WARNING:root:Episode 4550, step 139 Reward Sum -181.48582182340851.
WARNING:root:Episode 4560, step 129 Reward Sum -301.73307044789163.
WARNING:root:Episode 4570, step 105 Reward Sum -483.81253681242265.
WARNING:root:Episode 4580, step 129 Reward Sum -288.55072540840007.
WARNING:root:Episode 4590, step 104 Reward Sum -496.1670938941934.
WARNING:root:evaluating on 5 episodes with mean reward -388.39847135405114.
WARNING:root:Episode 4600, step 106 Reward Sum -512.3658315905515.
WARNING:root:Episode 4610, step 115 Reward Sum -445.764985759183.
WARNING:root:Episode 4620, step 123 Reward Sum -377.0223345319954.
WARNING:root:Episode 4630, step 119 Reward Sum -391.62248573536397.
WARNING:root:Episode 4640, step 124 Reward Sum -326.1689669214582.
WARNING:root:Episode 4650, step 116 Reward Sum -442.07806636414335.
WARNING:root:Episode 4660, step 104 Reward Sum -484.60775066888374.
WARNING:root:Episode 4670, step 108 Reward Sum -453.2654662919814.
WARNING:root:Episode 4680, step 134 Reward Sum -272.1000003957083.
WARNING:root:Episode 4690, step 139 Reward Sum -215.03608551894456.
WARNING:root:evaluating on 5 episodes with mean reward -384.2956961287004.
WARNING:root:Episode 4700, step 133 Reward Sum -233.52740777667478.
WARNING:root:Episode 4710, step 124 Reward Sum -368.6237267483455.
WARNING:root:Episode 4720, step 102 Reward Sum -474.2750136388564.
WARNING:root:Episode 4730, step 142 Reward Sum -211.42281085177947.
WARNING:root:Episode 4740, step 131 Reward Sum -280.76626951583097.
WARNING:root:Episode 4750, step 135 Reward Sum -229.74131842999287.
WARNING:root:Episode 4760, step 125 Reward Sum -252.8519626746641.
WARNING:root:Episode 4770, step 113 Reward Sum -447.48520225769346.
WARNING:root:Episode 4780, step 130 Reward Sum -289.44117966313763.
WARNING:root:Episode 4790, step 129 Reward Sum -316.9867461100449.
WARNING:root:evaluating on 5 episodes with mean reward -406.7556366086501.
WARNING:root:Episode 4800, step 103 Reward Sum -523.7517678810248.
WARNING:root:Episode 4810, step 134 Reward Sum -248.36812226329863.
WARNING:root:Episode 4820, step 112 Reward Sum -472.17850719035715.
WARNING:root:Episode 4830, step 104 Reward Sum -471.3192323582439.
WARNING:root:Episode 4840, step 106 Reward Sum -483.24651995065807.
WARNING:root:Episode 4850, step 116 Reward Sum -409.1125007818324.
WARNING:root:Episode 4860, step 111 Reward Sum -470.14141905052287.
WARNING:root:Episode 4870, step 119 Reward Sum -371.6747945607608.
WARNING:root:Episode 4880, step 125 Reward Sum -279.4677941074224.
WARNING:root:Episode 4890, step 113 Reward Sum -415.48768176838945.
WARNING:root:evaluating on 5 episodes with mean reward -311.68304574859957.
WARNING:root:Episode 4900, step 137 Reward Sum -214.64560488099477.
WARNING:root:Episode 4910, step 134 Reward Sum -311.12840723508685.
WARNING:root:Episode 4920, step 119 Reward Sum -376.735459064106.
WARNING:root:Episode 4930, step 132 Reward Sum -210.64561146089096.
WARNING:root:Episode 4940, step 109 Reward Sum -485.99746530141266.
WARNING:root:Episode 4950, step 110 Reward Sum -452.96781360473267.
WARNING:root:Episode 4960, step 127 Reward Sum -293.34592267663953.
WARNING:root:Episode 4970, step 118 Reward Sum -397.6432751704111.
WARNING:root:Episode 4980, step 116 Reward Sum -433.4054629268137.
WARNING:root:Episode 4990, step 134 Reward Sum -221.50185525340575.
WARNING:root:evaluating on 5 episodes with mean reward -417.97007105469055.
WARNING:root:Episode 5000, step 138 Reward Sum -203.2308119946999.
WARNING:root:Episode 5010, step 129 Reward Sum -341.81558263717756.
WARNING:root:Episode 5020, step 134 Reward Sum -240.22103131301495.
WARNING:root:Episode 5030, step 106 Reward Sum -427.272708735132.
WARNING:root:Episode 5040, step 137 Reward Sum -259.3593827614044.
WARNING:root:Episode 5050, step 123 Reward Sum -411.7713973704329.
WARNING:root:Episode 5060, step 142 Reward Sum -113.16424811803869.
WARNING:root:Episode 5070, step 105 Reward Sum -486.03495539185326.
WARNING:root:Episode 5080, step 116 Reward Sum -418.0644024278859.
WARNING:root:Episode 5090, step 129 Reward Sum -282.07577649111494.
WARNING:root:evaluating on 5 episodes with mean reward -396.575137699269.
WARNING:root:Episode 5100, step 124 Reward Sum -380.87674794856775.
WARNING:root:Episode 5110, step 134 Reward Sum -234.45931289271186.
WARNING:root:Episode 5120, step 128 Reward Sum -283.28352085276083.
WARNING:root:Episode 5130, step 110 Reward Sum -447.1720686450992.
WARNING:root:Episode 5140, step 119 Reward Sum -365.9294548699817.
WARNING:root:Episode 5150, step 137 Reward Sum -144.5337381724984.
WARNING:root:Episode 5160, step 119 Reward Sum -409.5664794703987.
WARNING:root:Episode 5170, step 123 Reward Sum -346.54574522480533.
WARNING:root:Episode 5180, step 121 Reward Sum -393.2635096168142.
WARNING:root:Episode 5190, step 136 Reward Sum -237.2027858134504.
WARNING:root:evaluating on 5 episodes with mean reward -333.39123393697383.
WARNING:root:Episode 5200, step 103 Reward Sum -510.9052554455818.
WARNING:root:Episode 5210, step 131 Reward Sum -256.3417883011039.
WARNING:root:Episode 5220, step 129 Reward Sum -267.6668252524767.
WARNING:root:Episode 5230, step 137 Reward Sum -220.52517883657285.
WARNING:root:Episode 5240, step 130 Reward Sum -249.68726688260472.
WARNING:root:Episode 5250, step 124 Reward Sum -324.24202904489124.
WARNING:root:Episode 5260, step 114 Reward Sum -442.30665876887497.
WARNING:root:Episode 5270, step 114 Reward Sum -423.55153706596445.
WARNING:root:Episode 5280, step 134 Reward Sum -205.0579110352071.
WARNING:root:Episode 5290, step 126 Reward Sum -343.17294154603115.
WARNING:root:evaluating on 5 episodes with mean reward -426.7753502354186.
WARNING:root:Episode 5300, step 135 Reward Sum -238.54719053337675.
WARNING:root:Episode 5310, step 130 Reward Sum -254.4621596940209.
WARNING:root:Episode 5320, step 128 Reward Sum -289.84652727825664.
WARNING:root:Episode 5330, step 140 Reward Sum -179.16163016086847.
WARNING:root:Episode 5340, step 108 Reward Sum -476.6944807913579.
WARNING:root:Episode 5350, step 144 Reward Sum -109.91552625658461.
WARNING:root:Episode 5360, step 113 Reward Sum -447.5048797086229.
WARNING:root:Episode 5370, step 105 Reward Sum -490.24876476485736.
WARNING:root:Episode 5380, step 121 Reward Sum -382.4345001161811.
WARNING:root:Episode 5390, step 122 Reward Sum -355.32945514573146.
WARNING:root:evaluating on 5 episodes with mean reward -305.04115980303254.
WARNING:root:Episode 5400, step 116 Reward Sum -419.38987956956214.
WARNING:root:Episode 5410, step 112 Reward Sum -482.3657536023214.
WARNING:root:Episode 5420, step 134 Reward Sum -212.61331734652578.
WARNING:root:Episode 5430, step 132 Reward Sum -289.70881913539495.
WARNING:root:Episode 5440, step 110 Reward Sum -483.1995719071965.
WARNING:root:Episode 5450, step 115 Reward Sum -431.3672394399872.
WARNING:root:Episode 5460, step 105 Reward Sum -509.25132863597236.
WARNING:root:Episode 5470, step 115 Reward Sum -396.40051013251065.
WARNING:root:Episode 5480, step 115 Reward Sum -406.3813288367586.
WARNING:root:Episode 5490, step 135 Reward Sum -241.9274297630861.
WARNING:root:evaluating on 5 episodes with mean reward -296.1957526508704.
WARNING:root:Episode 5500, step 109 Reward Sum -452.2797840683706.
WARNING:root:Episode 5510, step 134 Reward Sum -251.9852801959564.
WARNING:root:Episode 5520, step 105 Reward Sum -505.4468984839178.
WARNING:root:Episode 5530, step 103 Reward Sum -507.4990094763611.
WARNING:root:Episode 5540, step 141 Reward Sum -216.0192639013879.
WARNING:root:Episode 5550, step 124 Reward Sum -304.4778130305724.
WARNING:root:Episode 5560, step 138 Reward Sum -221.13025768056409.
WARNING:root:Episode 5570, step 127 Reward Sum -319.64951318524777.
WARNING:root:Episode 5580, step 129 Reward Sum -356.5999213467407.
WARNING:root:Episode 5590, step 121 Reward Sum -369.08460215684585.
WARNING:root:evaluating on 5 episodes with mean reward -348.6413489098729.
WARNING:root:Episode 5600, step 142 Reward Sum -163.2127890729772.
WARNING:root:Episode 5610, step 140 Reward Sum -179.07094607329924.
WARNING:root:Episode 5620, step 105 Reward Sum -504.8090477021233.
WARNING:root:Episode 5630, step 113 Reward Sum -448.9598563467602.
WARNING:root:Episode 5640, step 104 Reward Sum -517.4126844428772.
WARNING:root:Episode 5650, step 137 Reward Sum -213.84637558183033.
WARNING:root:Episode 5660, step 109 Reward Sum -471.0961308459207.
WARNING:root:Episode 5670, step 139 Reward Sum -185.43540533727324.
WARNING:root:Episode 5680, step 123 Reward Sum -363.7520322153151.
WARNING:root:Episode 5690, step 137 Reward Sum -160.54755300424753.
WARNING:root:evaluating on 5 episodes with mean reward -296.32006060465017.
WARNING:root:Episode 5700, step 118 Reward Sum -391.3293703357061.
WARNING:root:Episode 5710, step 124 Reward Sum -301.7168811329059.
WARNING:root:Episode 5720, step 105 Reward Sum -495.2096088671134.
WARNING:root:Episode 5730, step 124 Reward Sum -360.8424501739859.
WARNING:root:Episode 5740, step 105 Reward Sum -518.6882512136351.
WARNING:root:Episode 5750, step 118 Reward Sum -400.30569450673266.
WARNING:root:Episode 5760, step 115 Reward Sum -368.1578690658066.
WARNING:root:Episode 5770, step 136 Reward Sum -189.53620145677206.
WARNING:root:Episode 5780, step 120 Reward Sum -385.1413597927207.
WARNING:root:Episode 5790, step 116 Reward Sum -389.96111191845733.
WARNING:root:evaluating on 5 episodes with mean reward -294.37822204256116.
WARNING:root:Episode 5800, step 123 Reward Sum -354.9053267340018.
WARNING:root:Episode 5810, step 112 Reward Sum -436.2265489359237.
WARNING:root:Episode 5820, step 121 Reward Sum -413.26945838277436.
WARNING:root:Episode 5830, step 119 Reward Sum -365.2671171339104.
WARNING:root:Episode 5840, step 126 Reward Sum -308.89413028131406.
WARNING:root:Episode 5850, step 137 Reward Sum -199.3014544522741.
WARNING:root:Episode 5860, step 121 Reward Sum -343.55580186345816.
WARNING:root:Episode 5870, step 132 Reward Sum -256.47589683668076.
WARNING:root:Episode 5880, step 107 Reward Sum -451.63991730655886.
WARNING:root:Episode 5890, step 117 Reward Sum -436.9070105454619.
WARNING:root:evaluating on 5 episodes with mean reward -356.86704610436857.
WARNING:root:Episode 5900, step 113 Reward Sum -426.43426315719256.
WARNING:root:Episode 5910, step 117 Reward Sum -408.64746148242136.
WARNING:root:Episode 5920, step 126 Reward Sum -307.2276381286971.
WARNING:root:Episode 5930, step 115 Reward Sum -396.0481116853779.
WARNING:root:Episode 5940, step 122 Reward Sum -398.7446153909767.
WARNING:root:Episode 5950, step 133 Reward Sum -190.81243544361567.
WARNING:root:Episode 5960, step 126 Reward Sum -346.8847744562802.
WARNING:root:Episode 5970, step 107 Reward Sum -488.0293976148225.
WARNING:root:Episode 5980, step 111 Reward Sum -477.3570616721466.
WARNING:root:Episode 5990, step 137 Reward Sum -216.56228137644396.
WARNING:root:evaluating on 5 episodes with mean reward -359.9972709587747.
WARNING:root:Episode 6000, step 104 Reward Sum -503.67564616544604.
WARNING:root:Episode 6010, step 109 Reward Sum -440.19523183831257.
WARNING:root:Episode 6020, step 119 Reward Sum -360.11692304444097.
WARNING:root:Episode 6030, step 121 Reward Sum -354.37700360333616.
WARNING:root:Episode 6040, step 108 Reward Sum -485.90345746816894.
WARNING:root:Episode 6050, step 111 Reward Sum -417.59227695360664.
WARNING:root:Episode 6060, step 128 Reward Sum -243.15936908663437.
WARNING:root:Episode 6070, step 108 Reward Sum -501.35573135430315.
WARNING:root:Episode 6080, step 104 Reward Sum -444.2975982213097.
WARNING:root:Episode 6090, step 123 Reward Sum -384.63351079377657.
WARNING:root:evaluating on 5 episodes with mean reward -360.42148977101294.
WARNING:root:Episode 6100, step 129 Reward Sum -245.2897237998943.
WARNING:root:Episode 6110, step 117 Reward Sum -409.5291448907718.
WARNING:root:Episode 6120, step 110 Reward Sum -425.3615795661935.
WARNING:root:Episode 6130, step 104 Reward Sum -526.5575828388869.
WARNING:root:Episode 6140, step 129 Reward Sum -294.9086172822806.
WARNING:root:Episode 6150, step 115 Reward Sum -409.0152755931742.
WARNING:root:Episode 6160, step 107 Reward Sum -460.6138315264405.
WARNING:root:Episode 6170, step 128 Reward Sum -296.3115516663429.
WARNING:root:Episode 6180, step 126 Reward Sum -317.20206108005993.
WARNING:root:Episode 6190, step 122 Reward Sum -307.33579575987676.
WARNING:root:evaluating on 5 episodes with mean reward -375.2914752839396.
WARNING:root:Episode 6200, step 112 Reward Sum -454.3191239196587.
WARNING:root:Episode 6210, step 142 Reward Sum -195.94902116221834.
WARNING:root:Episode 6220, step 135 Reward Sum -224.52084492136362.
WARNING:root:Episode 6230, step 105 Reward Sum -503.3050934352388.
WARNING:root:Episode 6240, step 136 Reward Sum -265.2419479939464.
WARNING:root:Episode 6250, step 116 Reward Sum -405.20398914245175.
WARNING:root:Episode 6260, step 118 Reward Sum -404.0244337097931.
WARNING:root:Episode 6270, step 129 Reward Sum -308.1653635575883.
WARNING:root:Episode 6280, step 118 Reward Sum -409.53781224729954.
WARNING:root:Episode 6290, step 108 Reward Sum -467.95024532199426.
WARNING:root:evaluating on 5 episodes with mean reward -410.08214576342317.
WARNING:root:Episode 6300, step 128 Reward Sum -348.03932539671433.
WARNING:root:Episode 6310, step 123 Reward Sum -362.92122036275305.
WARNING:root:Episode 6320, step 108 Reward Sum -451.9364921257127.
WARNING:root:Episode 6330, step 141 Reward Sum -171.26710019218083.
WARNING:root:Episode 6340, step 117 Reward Sum -400.29659688216526.
WARNING:root:Episode 6350, step 135 Reward Sum -262.9659248181605.
WARNING:root:Episode 6360, step 131 Reward Sum -233.04937855498062.
WARNING:root:Episode 6370, step 125 Reward Sum -322.52348411675894.
WARNING:root:Episode 6380, step 117 Reward Sum -377.0321762274323.
WARNING:root:Episode 6390, step 110 Reward Sum -439.78583464386764.
WARNING:root:evaluating on 5 episodes with mean reward -319.25709147856503.
WARNING:root:Episode 6400, step 120 Reward Sum -349.7890404163327.
WARNING:root:Episode 6410, step 108 Reward Sum -425.39272113510054.
WARNING:root:Episode 6420, step 127 Reward Sum -314.80374790528407.
WARNING:root:Episode 6430, step 117 Reward Sum -426.8337714494442.
WARNING:root:Episode 6440, step 110 Reward Sum -432.79568040433685.
WARNING:root:Episode 6450, step 138 Reward Sum -212.73285354196577.
WARNING:root:Episode 6460, step 106 Reward Sum -513.0323036482451.
WARNING:root:Episode 6470, step 133 Reward Sum -269.66720566892786.
WARNING:root:Episode 6480, step 120 Reward Sum -350.90088027817217.
WARNING:root:Episode 6490, step 116 Reward Sum -422.99398070083566.
WARNING:root:evaluating on 5 episodes with mean reward -271.3130319482779.
WARNING:root:Episode 6500, step 137 Reward Sum -229.43334599858176.
WARNING:root:Episode 6510, step 121 Reward Sum -392.43254788668645.
WARNING:root:Episode 6520, step 140 Reward Sum -176.24489339628934.
WARNING:root:Episode 6530, step 142 Reward Sum -167.80235222117875.
WARNING:root:Episode 6540, step 133 Reward Sum -283.58129750783877.
WARNING:root:Episode 6550, step 112 Reward Sum -394.4169088245684.
WARNING:root:Episode 6560, step 127 Reward Sum -327.05848829594555.
WARNING:root:Episode 6570, step 133 Reward Sum -209.87740414741737.
WARNING:root:Episode 6580, step 110 Reward Sum -400.65932105157316.
WARNING:root:Episode 6590, step 102 Reward Sum -499.4475015576175.
WARNING:root:evaluating on 5 episodes with mean reward -240.61730318564554.
WARNING:root:Episode 6600, step 128 Reward Sum -234.97403276022962.
WARNING:root:Episode 6610, step 109 Reward Sum -475.23005816108423.
WARNING:root:Episode 6620, step 137 Reward Sum -216.87781740527882.
WARNING:root:Episode 6630, step 119 Reward Sum -350.6288482652794.
WARNING:root:Episode 6640, step 105 Reward Sum -481.53121237013085.
WARNING:root:Episode 6650, step 127 Reward Sum -295.4273272159515.
WARNING:root:Episode 6660, step 115 Reward Sum -417.90028361996633.
WARNING:root:Episode 6670, step 136 Reward Sum -232.82464111065332.
WARNING:root:Episode 6680, step 140 Reward Sum -219.63256729346685.
WARNING:root:Episode 6690, step 122 Reward Sum -345.1844580532888.
WARNING:root:evaluating on 5 episodes with mean reward -421.84958963190275.
WARNING:root:Episode 6700, step 135 Reward Sum -230.36599723770317.
WARNING:root:Episode 6710, step 138 Reward Sum -181.76347436274975.
WARNING:root:Episode 6720, step 117 Reward Sum -351.22290877761844.
WARNING:root:Episode 6730, step 115 Reward Sum -454.40418621718885.
WARNING:root:Episode 6740, step 139 Reward Sum -186.91635976279633.
WARNING:root:Episode 6750, step 109 Reward Sum -434.0225316439077.
WARNING:root:Episode 6760, step 129 Reward Sum -328.6568580275537.
WARNING:root:Episode 6770, step 103 Reward Sum -469.64957057884453.
WARNING:root:Episode 6780, step 130 Reward Sum -272.26745366611186.
WARNING:root:Episode 6790, step 111 Reward Sum -452.39205097836356.
WARNING:root:evaluating on 5 episodes with mean reward -347.82036077686223.
WARNING:root:Episode 6800, step 135 Reward Sum -261.21119379757073.
WARNING:root:Episode 6810, step 108 Reward Sum -484.21811454720904.
WARNING:root:Episode 6820, step 139 Reward Sum -205.42832847322464.
WARNING:root:Episode 6830, step 113 Reward Sum -461.8221330639443.
WARNING:root:Episode 6840, step 125 Reward Sum -375.7975766119353.
WARNING:root:Episode 6850, step 141 Reward Sum -231.28240988588206.
WARNING:root:Episode 6860, step 136 Reward Sum -250.29069012345352.
WARNING:root:Episode 6870, step 134 Reward Sum -267.99714839587.
WARNING:root:Episode 6880, step 134 Reward Sum -300.60951768943954.
WARNING:root:Episode 6890, step 138 Reward Sum -213.2993254505393.
WARNING:root:evaluating on 5 episodes with mean reward -366.43738749126965.
WARNING:root:Episode 6900, step 121 Reward Sum -438.701615756967.
WARNING:root:Episode 6910, step 134 Reward Sum -258.2364325631139.
WARNING:root:Episode 6920, step 121 Reward Sum -343.07252298528135.
WARNING:root:Episode 6930, step 127 Reward Sum -320.8917181724851.
WARNING:root:Episode 6940, step 113 Reward Sum -468.8544504055095.
WARNING:root:Episode 6950, step 124 Reward Sum -405.50535066727275.
WARNING:root:Episode 6960, step 129 Reward Sum -286.9048267432789.
WARNING:root:Episode 6970, step 119 Reward Sum -373.4204848163335.
WARNING:root:Episode 6980, step 112 Reward Sum -481.33081348891625.
WARNING:root:Episode 6990, step 140 Reward Sum -171.29545609323324.
WARNING:root:evaluating on 5 episodes with mean reward -415.62022409874936.
WARNING:root:Episode 7000, step 110 Reward Sum -464.0937099124467.
WARNING:root:Episode 7010, step 120 Reward Sum -433.77334420492554.
WARNING:root:Episode 7020, step 130 Reward Sum -268.7673096048792.
WARNING:root:Episode 7030, step 112 Reward Sum -472.3426435215772.
WARNING:root:Episode 7040, step 130 Reward Sum -245.48240529590382.
WARNING:root:Episode 7050, step 118 Reward Sum -394.3109553434965.
WARNING:root:Episode 7060, step 116 Reward Sum -389.60453922259217.
WARNING:root:Episode 7070, step 116 Reward Sum -370.98831511658807.
WARNING:root:Episode 7080, step 134 Reward Sum -238.50625186336117.
WARNING:root:Episode 7090, step 140 Reward Sum -190.6729802224333.
WARNING:root:evaluating on 5 episodes with mean reward -319.3648910371855.
WARNING:root:Episode 7100, step 111 Reward Sum -421.80115470603295.
WARNING:root:Episode 7110, step 129 Reward Sum -344.0758480052931.
WARNING:root:Episode 7120, step 103 Reward Sum -516.295560488116.
WARNING:root:Episode 7130, step 137 Reward Sum -159.8970064160563.
WARNING:root:Episode 7140, step 117 Reward Sum -436.5174434708001.
WARNING:root:Episode 7150, step 117 Reward Sum -420.4647785115774.
WARNING:root:Episode 7160, step 108 Reward Sum -452.60077735276906.
WARNING:root:Episode 7170, step 141 Reward Sum -203.99137955139253.
WARNING:root:Episode 7180, step 110 Reward Sum -413.19194748372547.
WARNING:root:Episode 7190, step 126 Reward Sum -317.0809148313059.
WARNING:root:evaluating on 5 episodes with mean reward -306.8070275040768.
WARNING:root:Episode 7200, step 104 Reward Sum -513.3173760292773.
WARNING:root:Episode 7210, step 124 Reward Sum -339.60334658831266.
WARNING:root:Episode 7220, step 124 Reward Sum -303.6263412061845.
WARNING:root:Episode 7230, step 112 Reward Sum -474.96769333511634.
WARNING:root:Episode 7240, step 111 Reward Sum -434.08107068951944.
WARNING:root:Episode 7250, step 111 Reward Sum -412.43778621071124.
WARNING:root:Episode 7260, step 132 Reward Sum -260.18040600313003.
WARNING:root:Episode 7270, step 104 Reward Sum -484.8428622366245.
WARNING:root:Episode 7280, step 129 Reward Sum -339.6648825197007.
WARNING:root:Episode 7290, step 105 Reward Sum -469.89319493138646.
WARNING:root:evaluating on 5 episodes with mean reward -340.67029847463357.
WARNING:root:Episode 7300, step 140 Reward Sum -230.08497632353536.
WARNING:root:Episode 7310, step 108 Reward Sum -503.2366366672827.
WARNING:root:Episode 7320, step 126 Reward Sum -308.61858249824905.
WARNING:root:Episode 7330, step 117 Reward Sum -443.7409306951278.
WARNING:root:Episode 7340, step 139 Reward Sum -186.72242630058105.
WARNING:root:Episode 7350, step 119 Reward Sum -386.239080675087.
WARNING:root:Episode 7360, step 103 Reward Sum -487.71625921495814.
WARNING:root:Episode 7370, step 120 Reward Sum -361.19123439848676.
WARNING:root:Episode 7380, step 133 Reward Sum -226.6654416146942.
WARNING:root:Episode 7390, step 142 Reward Sum -159.0615874990148.
WARNING:root:evaluating on 5 episodes with mean reward -321.97674460877624.
WARNING:root:Episode 7400, step 130 Reward Sum -280.3246679970674.
WARNING:root:Episode 7410, step 118 Reward Sum -363.37709386271206.
WARNING:root:Episode 7420, step 119 Reward Sum -377.6285703378262.
WARNING:root:Episode 7430, step 130 Reward Sum -279.5822026905825.
WARNING:root:Episode 7440, step 118 Reward Sum -391.70630854417135.
WARNING:root:Episode 7450, step 121 Reward Sum -387.6221209529352.
WARNING:root:Episode 7460, step 105 Reward Sum -486.72252735827385.
WARNING:root:Episode 7470, step 139 Reward Sum -196.2254468799429.
WARNING:root:Episode 7480, step 109 Reward Sum -468.4020311509223.
WARNING:root:Episode 7490, step 107 Reward Sum -456.85351588277905.
WARNING:root:evaluating on 5 episodes with mean reward -298.27239889785915.
WARNING:root:Episode 7500, step 142 Reward Sum -148.45999828308237.
WARNING:root:Episode 7510, step 118 Reward Sum -417.53572740181403.
WARNING:root:Episode 7520, step 106 Reward Sum -481.28635740781186.
WARNING:root:Episode 7530, step 117 Reward Sum -463.5499722914447.
WARNING:root:Episode 7540, step 141 Reward Sum -145.43418781147108.
WARNING:root:Episode 7550, step 110 Reward Sum -416.27891301854277.
WARNING:root:Episode 7560, step 111 Reward Sum -452.70640805593047.
WARNING:root:Episode 7570, step 131 Reward Sum -309.1214434434614.
WARNING:root:Episode 7580, step 128 Reward Sum -338.05374975855534.
WARNING:root:Episode 7590, step 112 Reward Sum -404.2916284510941.
WARNING:root:evaluating on 5 episodes with mean reward -390.4790409004054.
WARNING:root:Episode 7600, step 108 Reward Sum -501.9474172624126.
WARNING:root:Episode 7610, step 121 Reward Sum -330.1619416763331.
WARNING:root:Episode 7620, step 126 Reward Sum -323.5378979023392.
WARNING:root:Episode 7630, step 112 Reward Sum -488.53537727644016.
WARNING:root:Episode 7640, step 133 Reward Sum -324.37269879873605.
WARNING:root:Episode 7650, step 109 Reward Sum -452.28847777029563.
WARNING:root:Episode 7660, step 119 Reward Sum -430.77366204672717.
WARNING:root:Episode 7670, step 106 Reward Sum -472.1378424461699.
WARNING:root:Episode 7680, step 104 Reward Sum -470.8224248946775.
WARNING:root:Episode 7690, step 139 Reward Sum -255.3084925106198.
WARNING:root:evaluating on 5 episodes with mean reward -327.04222955581974.
WARNING:root:Episode 7700, step 105 Reward Sum -472.037570561486.
WARNING:root:Episode 7710, step 115 Reward Sum -386.06659763563107.
WARNING:root:Episode 7720, step 104 Reward Sum -447.1027008466458.
WARNING:root:Episode 7730, step 104 Reward Sum -484.52655466417184.
WARNING:root:Episode 7740, step 113 Reward Sum -451.43987311884365.
WARNING:root:Episode 7750, step 143 Reward Sum -193.54860928798098.
WARNING:root:Episode 7760, step 126 Reward Sum -349.75238169645456.
WARNING:root:Episode 7770, step 114 Reward Sum -429.37686393728694.
WARNING:root:Episode 7780, step 118 Reward Sum -408.68410856568374.
WARNING:root:Episode 7790, step 137 Reward Sum -141.81190266668642.
WARNING:root:evaluating on 5 episodes with mean reward -348.4093843360482.
WARNING:root:Episode 7800, step 140 Reward Sum -117.15036413674852.
WARNING:root:Episode 7810, step 140 Reward Sum -224.90918590479274.
WARNING:root:Episode 7820, step 106 Reward Sum -475.51125070219626.
WARNING:root:Episode 7830, step 133 Reward Sum -283.4604025629532.
WARNING:root:Episode 7840, step 108 Reward Sum -456.6022974146407.
WARNING:root:Episode 7850, step 120 Reward Sum -407.168589444965.
WARNING:root:Episode 7860, step 136 Reward Sum -186.49700244274132.
WARNING:root:Episode 7870, step 106 Reward Sum -483.99403660272526.
WARNING:root:Episode 7880, step 125 Reward Sum -348.03361957228935.
WARNING:root:Episode 7890, step 104 Reward Sum -516.5668948882936.
WARNING:root:evaluating on 5 episodes with mean reward -333.38327426584226.
WARNING:root:Episode 7900, step 105 Reward Sum -514.019050524155.
WARNING:root:Episode 7910, step 139 Reward Sum -222.28743520994902.
WARNING:root:Episode 7920, step 112 Reward Sum -399.0252456535655.
WARNING:root:Episode 7930, step 140 Reward Sum -210.87345396995758.
WARNING:root:Episode 7940, step 135 Reward Sum -239.54698955300856.
WARNING:root:Episode 7950, step 104 Reward Sum -465.5687278645907.
WARNING:root:Episode 7960, step 128 Reward Sum -275.3001018770208.
WARNING:root:Episode 7970, step 137 Reward Sum -198.81285796789092.
WARNING:root:Episode 7980, step 111 Reward Sum -433.9122875062687.
WARNING:root:Episode 7990, step 112 Reward Sum -516.6793196293406.
WARNING:root:evaluating on 5 episodes with mean reward -387.8391995104361.
WARNING:root:Episode 8000, step 114 Reward Sum -393.95602252176326.
WARNING:root:Episode 8010, step 141 Reward Sum -99.31360257187757.
WARNING:root:Episode 8020, step 114 Reward Sum -391.7619640198531.
WARNING:root:Episode 8030, step 136 Reward Sum -233.3484927752242.
WARNING:root:Episode 8040, step 112 Reward Sum -456.4490001880245.
WARNING:root:Episode 8050, step 140 Reward Sum -209.6852659644978.
WARNING:root:Episode 8060, step 127 Reward Sum -255.91540242384994.
WARNING:root:Episode 8070, step 138 Reward Sum -171.70679570149088.
WARNING:root:Episode 8080, step 138 Reward Sum -139.12261634481948.
WARNING:root:Episode 8090, step 139 Reward Sum -187.92972187982986.
WARNING:root:evaluating on 5 episodes with mean reward -402.92115704229894.
WARNING:root:Episode 8100, step 103 Reward Sum -532.7445137512124.
WARNING:root:Episode 8110, step 107 Reward Sum -451.4497582104345.
WARNING:root:Episode 8120, step 124 Reward Sum -331.8438769965708.
WARNING:root:Episode 8130, step 136 Reward Sum -170.5667518465285.
WARNING:root:Episode 8140, step 136 Reward Sum -236.53050929262668.
WARNING:root:Episode 8150, step 108 Reward Sum -453.1162507103431.
WARNING:root:Episode 8160, step 120 Reward Sum -327.7826301024515.
WARNING:root:Episode 8170, step 142 Reward Sum -126.39722782351286.
WARNING:root:Episode 8180, step 113 Reward Sum -419.03886725392124.
WARNING:root:Episode 8190, step 123 Reward Sum -289.14014586111773.
WARNING:root:evaluating on 5 episodes with mean reward -376.84247917526346.
WARNING:root:Episode 8200, step 134 Reward Sum -195.42244299057253.
WARNING:root:Episode 8210, step 119 Reward Sum -390.0842865297066.
WARNING:root:Episode 8220, step 126 Reward Sum -279.7752574093587.
WARNING:root:Episode 8230, step 111 Reward Sum -494.1354737574639.
WARNING:root:Episode 8240, step 131 Reward Sum -328.6250973211179.
WARNING:root:Episode 8250, step 108 Reward Sum -481.54825851773705.
WARNING:root:Episode 8260, step 115 Reward Sum -417.7200796393889.
WARNING:root:Episode 8270, step 142 Reward Sum -175.14039063142226.
WARNING:root:Episode 8280, step 126 Reward Sum -322.2963629406338.
WARNING:root:Episode 8290, step 104 Reward Sum -502.89275299230866.
WARNING:root:evaluating on 5 episodes with mean reward -322.0389927001079.
WARNING:root:Episode 8300, step 141 Reward Sum -164.94136050992367.
WARNING:root:Episode 8310, step 105 Reward Sum -486.8959383729429.
WARNING:root:Episode 8320, step 143 Reward Sum -162.17384612978753.
WARNING:root:Episode 8330, step 108 Reward Sum -517.1367219683799.
WARNING:root:Episode 8340, step 131 Reward Sum -258.3666163900017.
WARNING:root:Episode 8350, step 114 Reward Sum -428.2147825435574.
WARNING:root:Episode 8360, step 122 Reward Sum -341.5211737468782.
WARNING:root:Episode 8370, step 132 Reward Sum -301.4446045333371.
WARNING:root:Episode 8380, step 141 Reward Sum -229.63582426351869.
WARNING:root:Episode 8390, step 108 Reward Sum -457.0885061443039.
WARNING:root:evaluating on 5 episodes with mean reward -414.54750841276456.
WARNING:root:Episode 8400, step 105 Reward Sum -513.5981583060485.
WARNING:root:Episode 8410, step 111 Reward Sum -437.50113547649573.
WARNING:root:Episode 8420, step 118 Reward Sum -429.1432233738527.
WARNING:root:Episode 8430, step 133 Reward Sum -209.4420570227356.
WARNING:root:Episode 8440, step 127 Reward Sum -308.5924290625905.
WARNING:root:Episode 8450, step 109 Reward Sum -481.1196173252706.
WARNING:root:Episode 8460, step 110 Reward Sum -455.49074033384977.
WARNING:root:Episode 8470, step 129 Reward Sum -268.00518367033055.
WARNING:root:Episode 8480, step 132 Reward Sum -269.8202526083185.
WARNING:root:Episode 8490, step 103 Reward Sum -529.8443269290524.
WARNING:root:evaluating on 5 episodes with mean reward -372.07248709393036.
WARNING:root:Episode 8500, step 128 Reward Sum -300.5630223148472.
WARNING:root:Episode 8510, step 114 Reward Sum -405.5066894348858.
WARNING:root:Episode 8520, step 106 Reward Sum -478.0674004847443.
WARNING:root:Episode 8530, step 112 Reward Sum -469.6010389930564.
WARNING:root:Episode 8540, step 111 Reward Sum -453.1079409596478.
WARNING:root:Episode 8550, step 141 Reward Sum -115.21552699859828.
WARNING:root:Episode 8560, step 104 Reward Sum -493.0579273573993.
WARNING:root:Episode 8570, step 105 Reward Sum -487.9422833848012.
WARNING:root:Episode 8580, step 123 Reward Sum -335.28010476233146.
WARNING:root:Episode 8590, step 127 Reward Sum -298.5281632490273.
WARNING:root:evaluating on 5 episodes with mean reward -323.3403057623993.
WARNING:root:Episode 8600, step 109 Reward Sum -483.56297925965254.
WARNING:root:Episode 8610, step 118 Reward Sum -423.10135427875207.
WARNING:root:Episode 8620, step 141 Reward Sum -161.93807195960534.
WARNING:root:Episode 8630, step 142 Reward Sum -155.47801238741232.
WARNING:root:Episode 8640, step 119 Reward Sum -413.08581855399285.
WARNING:root:Episode 8650, step 135 Reward Sum -188.84752018675678.
WARNING:root:Episode 8660, step 104 Reward Sum -499.826824740088.
WARNING:root:Episode 8670, step 139 Reward Sum -88.17677663203065.
WARNING:root:Episode 8680, step 119 Reward Sum -389.9502934228309.
WARNING:root:Episode 8690, step 108 Reward Sum -436.67444310499565.
WARNING:root:evaluating on 5 episodes with mean reward -311.3749753229532.
WARNING:root:Episode 8700, step 111 Reward Sum -418.3781053131239.
WARNING:root:Episode 8710, step 129 Reward Sum -224.67518448175375.
WARNING:root:Episode 8720, step 136 Reward Sum -244.1556654685562.
WARNING:root:Episode 8730, step 130 Reward Sum -282.5374389977834.
WARNING:root:Episode 8740, step 115 Reward Sum -415.8876239196139.
WARNING:root:Episode 8750, step 103 Reward Sum -490.8753289032993.
WARNING:root:Episode 8760, step 120 Reward Sum -398.48549274140254.
WARNING:root:Episode 8770, step 106 Reward Sum -500.31188179314927.
WARNING:root:Episode 8780, step 110 Reward Sum -479.6853532885957.
WARNING:root:Episode 8790, step 112 Reward Sum -439.62230943494353.
WARNING:root:evaluating on 5 episodes with mean reward -386.9747618375892.
WARNING:root:Episode 8800, step 136 Reward Sum -227.66701616565382.
WARNING:root:Episode 8810, step 102 Reward Sum -516.3135323859701.
WARNING:root:Episode 8820, step 117 Reward Sum -410.79748068706704.
WARNING:root:Episode 8830, step 119 Reward Sum -386.2475664267983.
WARNING:root:Episode 8840, step 104 Reward Sum -478.0206129979686.
WARNING:root:Episode 8850, step 113 Reward Sum -415.20845414054185.
WARNING:root:Episode 8860, step 118 Reward Sum -410.5680737583839.
WARNING:root:Episode 8870, step 143 Reward Sum -172.63993164364766.
WARNING:root:Episode 8880, step 116 Reward Sum -408.1274062270292.
WARNING:root:Episode 8890, step 135 Reward Sum -196.17544059436815.
WARNING:root:evaluating on 5 episodes with mean reward -358.64515967881766.
WARNING:root:Episode 8900, step 125 Reward Sum -309.60384822477477.
WARNING:root:Episode 8910, step 124 Reward Sum -304.52876601311374.
WARNING:root:Episode 8920, step 131 Reward Sum -296.92145943182294.
WARNING:root:Episode 8930, step 119 Reward Sum -362.0753903790089.
WARNING:root:Episode 8940, step 125 Reward Sum -320.54999126097755.
WARNING:root:Episode 8950, step 133 Reward Sum -249.1174027386583.
WARNING:root:Episode 8960, step 116 Reward Sum -384.13929771050044.
WARNING:root:Episode 8970, step 118 Reward Sum -394.97328580345516.
WARNING:root:Episode 8980, step 121 Reward Sum -330.53872468179213.
WARNING:root:Episode 8990, step 124 Reward Sum -312.8733978105172.
WARNING:root:evaluating on 5 episodes with mean reward -403.1912842943343.
WARNING:root:Episode 9000, step 136 Reward Sum -258.34461663916335.
WARNING:root:Episode 9010, step 111 Reward Sum -446.6381848212468.
WARNING:root:Episode 9020, step 139 Reward Sum -206.56531700708052.
WARNING:root:Episode 9030, step 107 Reward Sum -437.0834051017233.
WARNING:root:Episode 9040, step 116 Reward Sum -383.55310043902233.
WARNING:root:Episode 9050, step 134 Reward Sum -164.04401431820023.
WARNING:root:Episode 9060, step 109 Reward Sum -489.53187504438716.
WARNING:root:Episode 9070, step 124 Reward Sum -284.0936057331826.
WARNING:root:Episode 9080, step 136 Reward Sum -238.5777759697692.
WARNING:root:Episode 9090, step 108 Reward Sum -506.97335576227556.
WARNING:root:evaluating on 5 episodes with mean reward -345.7740462498231.
WARNING:root:Episode 9100, step 105 Reward Sum -492.43663415993205.
WARNING:root:Episode 9110, step 106 Reward Sum -508.0346149761783.
WARNING:root:Episode 9120, step 123 Reward Sum -343.7884769732036.
WARNING:root:Episode 9130, step 103 Reward Sum -497.41821783591.
WARNING:root:Episode 9140, step 113 Reward Sum -458.32301745075523.
WARNING:root:Episode 9150, step 124 Reward Sum -335.7580641274841.
WARNING:root:Episode 9160, step 141 Reward Sum -203.24988507379177.
WARNING:root:Episode 9170, step 124 Reward Sum -390.5488689819478.
WARNING:root:Episode 9180, step 139 Reward Sum -203.6658998341793.
WARNING:root:Episode 9190, step 134 Reward Sum -226.32730720824307.
WARNING:root:evaluating on 5 episodes with mean reward -443.56236277379486.
WARNING:root:Episode 9200, step 140 Reward Sum -170.1013159719682.
WARNING:root:Episode 9210, step 104 Reward Sum -490.3688142314576.
WARNING:root:Episode 9220, step 140 Reward Sum -174.61187764261837.
WARNING:root:Episode 9230, step 115 Reward Sum -441.8359602930218.
WARNING:root:Episode 9240, step 142 Reward Sum -142.22852806086607.
WARNING:root:Episode 9250, step 126 Reward Sum -322.14663947541135.
WARNING:root:Episode 9260, step 107 Reward Sum -456.23978472242175.
WARNING:root:Episode 9270, step 103 Reward Sum -472.26977221144074.
WARNING:root:Episode 9280, step 107 Reward Sum -484.8391265376313.
WARNING:root:Episode 9290, step 119 Reward Sum -401.6318119361925.
WARNING:root:evaluating on 5 episodes with mean reward -321.06156858341427.
WARNING:root:Episode 9300, step 127 Reward Sum -274.24502293057634.
WARNING:root:Episode 9310, step 139 Reward Sum -180.4198845815838.
WARNING:root:Episode 9320, step 109 Reward Sum -510.2958114309809.
WARNING:root:Episode 9330, step 118 Reward Sum -388.6753438123551.
WARNING:root:Episode 9340, step 114 Reward Sum -475.54199103654577.
WARNING:root:Episode 9350, step 103 Reward Sum -515.1012288677741.
WARNING:root:Episode 9360, step 126 Reward Sum -255.75808582103448.
WARNING:root:Episode 9370, step 111 Reward Sum -425.110319006426.
WARNING:root:Episode 9380, step 127 Reward Sum -315.14686700308687.
WARNING:root:Episode 9390, step 124 Reward Sum -344.5783394033598.
WARNING:root:evaluating on 5 episodes with mean reward -336.2455695916759.
WARNING:root:Episode 9400, step 119 Reward Sum -369.2687010404876.
WARNING:root:Episode 9410, step 108 Reward Sum -458.2604674932784.
WARNING:root:Episode 9420, step 142 Reward Sum -188.40167961702844.
WARNING:root:Episode 9430, step 139 Reward Sum -229.0544116373362.
WARNING:root:Episode 9440, step 108 Reward Sum -506.5970972990156.
WARNING:root:Episode 9450, step 141 Reward Sum -146.95460326332434.
WARNING:root:Episode 9460, step 132 Reward Sum -262.0370972175786.
WARNING:root:Episode 9470, step 125 Reward Sum -354.110405263415.
WARNING:root:Episode 9480, step 131 Reward Sum -238.41082730183672.
WARNING:root:Episode 9490, step 119 Reward Sum -361.7685839305293.
WARNING:root:evaluating on 5 episodes with mean reward -361.81243858618996.
WARNING:root:Episode 9500, step 126 Reward Sum -339.6162451651449.
WARNING:root:Episode 9510, step 121 Reward Sum -376.02954581082975.
WARNING:root:Episode 9520, step 105 Reward Sum -525.0080153614105.
WARNING:root:Episode 9530, step 135 Reward Sum -266.4601552855768.
WARNING:root:Episode 9540, step 115 Reward Sum -446.77474302751517.
WARNING:root:Episode 9550, step 118 Reward Sum -406.05483610314354.
WARNING:root:Episode 9560, step 131 Reward Sum -249.55398962982088.
WARNING:root:Episode 9570, step 135 Reward Sum -248.08422765958736.
WARNING:root:Episode 9580, step 119 Reward Sum -425.9705042409111.
WARNING:root:Episode 9590, step 136 Reward Sum -266.86414808118536.
WARNING:root:evaluating on 5 episodes with mean reward -361.2057232974973.
WARNING:root:Episode 9600, step 117 Reward Sum -454.59634633424366.
WARNING:root:Episode 9610, step 127 Reward Sum -301.321355643037.
WARNING:root:Episode 9620, step 140 Reward Sum -185.2043482026699.
WARNING:root:Episode 9630, step 138 Reward Sum -196.95699217537856.
WARNING:root:Episode 9640, step 135 Reward Sum -295.57647167293106.
WARNING:root:Episode 9650, step 104 Reward Sum -499.4269904672807.
WARNING:root:Episode 9660, step 136 Reward Sum -218.5832610456724.
WARNING:root:Episode 9670, step 140 Reward Sum -155.0435158653175.
WARNING:root:Episode 9680, step 106 Reward Sum -523.9103354667396.
WARNING:root:Episode 9690, step 138 Reward Sum -152.81769935627986.
WARNING:root:evaluating on 5 episodes with mean reward -438.81291527026167.
WARNING:root:Episode 9700, step 112 Reward Sum -419.0088441855337.
WARNING:root:Episode 9710, step 123 Reward Sum -355.9467685993851.
WARNING:root:Episode 9720, step 111 Reward Sum -482.39918030723777.
WARNING:root:Episode 9730, step 124 Reward Sum -299.6592843271141.
WARNING:root:Episode 9740, step 103 Reward Sum -468.1802149372808.
WARNING:root:Episode 9750, step 116 Reward Sum -460.6735366177716.
WARNING:root:Episode 9760, step 119 Reward Sum -395.1165968266358.
WARNING:root:Episode 9770, step 142 Reward Sum -175.420059215873.
WARNING:root:Episode 9780, step 108 Reward Sum -439.04668469108.
WARNING:root:Episode 9790, step 105 Reward Sum -535.2459432452964.
WARNING:root:evaluating on 5 episodes with mean reward -337.5585673304041.
WARNING:root:Episode 9800, step 115 Reward Sum -370.27561723010206.
WARNING:root:Episode 9810, step 122 Reward Sum -334.1139149451876.
WARNING:root:Episode 9820, step 119 Reward Sum -353.857593355865.
WARNING:root:Episode 9830, step 111 Reward Sum -444.99188264169595.
WARNING:root:Episode 9840, step 108 Reward Sum -454.8370844203148.
WARNING:root:Episode 9850, step 120 Reward Sum -374.26315467790033.
WARNING:root:Episode 9860, step 136 Reward Sum -224.853460924917.
WARNING:root:Episode 9870, step 131 Reward Sum -274.83513449691185.
WARNING:root:Episode 9880, step 124 Reward Sum -357.68278823395775.
WARNING:root:Episode 9890, step 141 Reward Sum -217.24628297878533.
WARNING:root:evaluating on 5 episodes with mean reward -298.7827360964158.
WARNING:root:Episode 9900, step 115 Reward Sum -435.73772589964653.
WARNING:root:Episode 9910, step 121 Reward Sum -409.2183866629512.
WARNING:root:Episode 9920, step 133 Reward Sum -243.00523728086577.
WARNING:root:Episode 9930, step 103 Reward Sum -539.279902098414.
WARNING:root:Episode 9940, step 135 Reward Sum -318.99978468476917.
WARNING:root:Episode 9950, step 110 Reward Sum -425.3314993003572.
WARNING:root:Episode 9960, step 137 Reward Sum -221.369630844885.
WARNING:root:Episode 9970, step 123 Reward Sum -371.9945015459709.
WARNING:root:Episode 9980, step 105 Reward Sum -542.2759388127072.
WARNING:root:Episode 9990, step 115 Reward Sum -395.926247717755.
WARNING:root:evaluating on 5 episodes with mean reward -328.81178973334653.
