WARNING:root:DQN trained on CartPole-v0
WARNING:root:{'LEARN_FREQ': 3, 'MEMORY_SIZE': 20000, 'MEMORY_WARMUP_SIZE': 300, 'BATCH_SIZE': 64, 'LEARNING_RATE': 0.001, 'GAMMA': 0.99, 'E_GREEDY': 0.1, 'E_GREEDY_DECREMENT': 1e-06, 'max_episode': 1000}
WARNING:root:train episode 1 : reward 9.0, steps 9
WARNING:root:evaluate 5 episodes : e_greedy 0.09968199999999969, reward 9.0
WARNING:root:train episode 2 : reward 9.0, steps 9
WARNING:root:train episode 3 : reward 9.0, steps 9
WARNING:root:train episode 4 : reward 9.0, steps 9
WARNING:root:train episode 5 : reward 9.0, steps 9
WARNING:root:train episode 6 : reward 10.0, steps 10
WARNING:root:train episode 7 : reward 10.0, steps 10
WARNING:root:train episode 8 : reward 10.0, steps 10
WARNING:root:train episode 9 : reward 8.0, steps 8
WARNING:root:train episode 10 : reward 10.0, steps 10
WARNING:root:train episode 11 : reward 11.0, steps 11
WARNING:root:train episode 12 : reward 11.0, steps 11
WARNING:root:train episode 13 : reward 13.0, steps 13
WARNING:root:train episode 14 : reward 13.0, steps 13
WARNING:root:train episode 15 : reward 11.0, steps 11
WARNING:root:train episode 16 : reward 12.0, steps 12
WARNING:root:train episode 17 : reward 10.0, steps 10
WARNING:root:train episode 18 : reward 11.0, steps 11
WARNING:root:train episode 19 : reward 10.0, steps 10
WARNING:root:train episode 20 : reward 8.0, steps 8
WARNING:root:train episode 21 : reward 9.0, steps 9
WARNING:root:train episode 22 : reward 8.0, steps 8
WARNING:root:train episode 23 : reward 11.0, steps 11
WARNING:root:train episode 24 : reward 9.0, steps 9
WARNING:root:train episode 25 : reward 10.0, steps 10
WARNING:root:train episode 26 : reward 9.0, steps 9
WARNING:root:train episode 27 : reward 10.0, steps 10
WARNING:root:train episode 28 : reward 12.0, steps 12
WARNING:root:train episode 29 : reward 9.0, steps 9
WARNING:root:train episode 30 : reward 12.0, steps 12
WARNING:root:train episode 31 : reward 11.0, steps 11
WARNING:root:train episode 32 : reward 14.0, steps 14
WARNING:root:train episode 33 : reward 8.0, steps 8
WARNING:root:train episode 34 : reward 10.0, steps 10
WARNING:root:train episode 35 : reward 10.0, steps 10
WARNING:root:train episode 36 : reward 11.0, steps 11
WARNING:root:train episode 37 : reward 10.0, steps 10
WARNING:root:train episode 38 : reward 8.0, steps 8
WARNING:root:train episode 39 : reward 9.0, steps 9
WARNING:root:train episode 40 : reward 10.0, steps 10
WARNING:root:train episode 41 : reward 10.0, steps 10
WARNING:root:train episode 42 : reward 10.0, steps 10
WARNING:root:train episode 43 : reward 8.0, steps 8
WARNING:root:train episode 44 : reward 10.0, steps 10
WARNING:root:train episode 45 : reward 10.0, steps 10
WARNING:root:train episode 46 : reward 10.0, steps 10
WARNING:root:train episode 47 : reward 9.0, steps 9
WARNING:root:train episode 48 : reward 10.0, steps 10
WARNING:root:train episode 49 : reward 10.0, steps 10
WARNING:root:train episode 50 : reward 9.0, steps 9
WARNING:root:train episode 51 : reward 10.0, steps 10
WARNING:root:evaluate 5 episodes : e_greedy 0.09918199999999919, reward 9.6
WARNING:root:train episode 52 : reward 9.0, steps 9
WARNING:root:train episode 53 : reward 10.0, steps 10
WARNING:root:train episode 54 : reward 11.0, steps 11
WARNING:root:train episode 55 : reward 12.0, steps 12
WARNING:root:train episode 56 : reward 11.0, steps 11
WARNING:root:train episode 57 : reward 10.0, steps 10
WARNING:root:train episode 58 : reward 12.0, steps 12
WARNING:root:train episode 59 : reward 9.0, steps 9
WARNING:root:train episode 60 : reward 9.0, steps 9
WARNING:root:train episode 61 : reward 9.0, steps 9
WARNING:root:train episode 62 : reward 9.0, steps 9
WARNING:root:train episode 63 : reward 8.0, steps 8
WARNING:root:train episode 64 : reward 14.0, steps 14
WARNING:root:train episode 65 : reward 13.0, steps 13
WARNING:root:train episode 66 : reward 9.0, steps 9
WARNING:root:train episode 67 : reward 10.0, steps 10
WARNING:root:train episode 68 : reward 9.0, steps 9
WARNING:root:train episode 69 : reward 9.0, steps 9
WARNING:root:train episode 70 : reward 8.0, steps 8
WARNING:root:train episode 71 : reward 9.0, steps 9
WARNING:root:train episode 72 : reward 9.0, steps 9
WARNING:root:train episode 73 : reward 8.0, steps 8
WARNING:root:train episode 74 : reward 10.0, steps 10
WARNING:root:train episode 75 : reward 10.0, steps 10
WARNING:root:train episode 76 : reward 25.0, steps 25
WARNING:root:train episode 77 : reward 9.0, steps 9
WARNING:root:train episode 78 : reward 19.0, steps 19
WARNING:root:train episode 79 : reward 9.0, steps 9
WARNING:root:train episode 80 : reward 9.0, steps 9
WARNING:root:train episode 81 : reward 12.0, steps 12
WARNING:root:train episode 82 : reward 8.0, steps 8
WARNING:root:train episode 83 : reward 8.0, steps 8
WARNING:root:train episode 84 : reward 9.0, steps 9
WARNING:root:train episode 85 : reward 10.0, steps 10
WARNING:root:train episode 86 : reward 10.0, steps 10
WARNING:root:train episode 87 : reward 10.0, steps 10
WARNING:root:train episode 88 : reward 11.0, steps 11
WARNING:root:train episode 89 : reward 8.0, steps 8
WARNING:root:train episode 90 : reward 10.0, steps 10
WARNING:root:train episode 91 : reward 9.0, steps 9
WARNING:root:train episode 92 : reward 10.0, steps 10
WARNING:root:train episode 93 : reward 10.0, steps 10
WARNING:root:train episode 94 : reward 9.0, steps 9
WARNING:root:train episode 95 : reward 12.0, steps 12
WARNING:root:train episode 96 : reward 10.0, steps 10
WARNING:root:train episode 97 : reward 8.0, steps 8
WARNING:root:train episode 98 : reward 8.0, steps 8
WARNING:root:train episode 99 : reward 10.0, steps 10
WARNING:root:train episode 100 : reward 11.0, steps 11
WARNING:root:train episode 101 : reward 11.0, steps 11
WARNING:root:evaluate 5 episodes : e_greedy 0.09866999999999868, reward 10.2
WARNING:root:train episode 102 : reward 8.0, steps 8
WARNING:root:train episode 103 : reward 10.0, steps 10
WARNING:root:train episode 104 : reward 10.0, steps 10
WARNING:root:train episode 105 : reward 10.0, steps 10
WARNING:root:train episode 106 : reward 10.0, steps 10
WARNING:root:train episode 107 : reward 9.0, steps 9
WARNING:root:train episode 108 : reward 9.0, steps 9
WARNING:root:train episode 109 : reward 11.0, steps 11
WARNING:root:train episode 110 : reward 12.0, steps 12
WARNING:root:train episode 111 : reward 10.0, steps 10
WARNING:root:train episode 112 : reward 11.0, steps 11
WARNING:root:train episode 113 : reward 11.0, steps 11
WARNING:root:train episode 114 : reward 9.0, steps 9
WARNING:root:train episode 115 : reward 10.0, steps 10
WARNING:root:train episode 116 : reward 10.0, steps 10
WARNING:root:train episode 117 : reward 9.0, steps 9
WARNING:root:train episode 118 : reward 11.0, steps 11
WARNING:root:train episode 119 : reward 10.0, steps 10
WARNING:root:train episode 120 : reward 9.0, steps 9
WARNING:root:train episode 121 : reward 12.0, steps 12
WARNING:root:train episode 122 : reward 12.0, steps 12
WARNING:root:train episode 123 : reward 10.0, steps 10
WARNING:root:train episode 124 : reward 11.0, steps 11
WARNING:root:train episode 125 : reward 9.0, steps 9
WARNING:root:train episode 126 : reward 10.0, steps 10
WARNING:root:train episode 127 : reward 8.0, steps 8
WARNING:root:train episode 128 : reward 8.0, steps 8
WARNING:root:train episode 129 : reward 10.0, steps 10
WARNING:root:train episode 130 : reward 9.0, steps 9
WARNING:root:train episode 131 : reward 9.0, steps 9
WARNING:root:train episode 132 : reward 10.0, steps 10
WARNING:root:train episode 133 : reward 10.0, steps 10
WARNING:root:train episode 134 : reward 8.0, steps 8
WARNING:root:train episode 135 : reward 9.0, steps 9
WARNING:root:train episode 136 : reward 10.0, steps 10
WARNING:root:train episode 137 : reward 8.0, steps 8
WARNING:root:train episode 138 : reward 10.0, steps 10
WARNING:root:train episode 139 : reward 10.0, steps 10
WARNING:root:train episode 140 : reward 12.0, steps 12
WARNING:root:train episode 141 : reward 10.0, steps 10
WARNING:root:train episode 142 : reward 10.0, steps 10
WARNING:root:train episode 143 : reward 12.0, steps 12
WARNING:root:train episode 144 : reward 10.0, steps 10
WARNING:root:train episode 145 : reward 10.0, steps 10
WARNING:root:train episode 146 : reward 11.0, steps 11
WARNING:root:train episode 147 : reward 10.0, steps 10
WARNING:root:train episode 148 : reward 8.0, steps 8
WARNING:root:train episode 149 : reward 10.0, steps 10
WARNING:root:train episode 150 : reward 10.0, steps 10
WARNING:root:train episode 151 : reward 11.0, steps 11
WARNING:root:evaluate 5 episodes : e_greedy 0.09817399999999818, reward 9.0
WARNING:root:train episode 152 : reward 9.0, steps 9
WARNING:root:train episode 153 : reward 10.0, steps 10
WARNING:root:train episode 154 : reward 8.0, steps 8
WARNING:root:train episode 155 : reward 9.0, steps 9
WARNING:root:train episode 156 : reward 9.0, steps 9
WARNING:root:train episode 157 : reward 10.0, steps 10
WARNING:root:train episode 158 : reward 8.0, steps 8
WARNING:root:train episode 159 : reward 9.0, steps 9
WARNING:root:train episode 160 : reward 10.0, steps 10
WARNING:root:train episode 161 : reward 10.0, steps 10
WARNING:root:train episode 162 : reward 10.0, steps 10
WARNING:root:train episode 163 : reward 9.0, steps 9
WARNING:root:train episode 164 : reward 10.0, steps 10
WARNING:root:train episode 165 : reward 10.0, steps 10
WARNING:root:train episode 166 : reward 10.0, steps 10
WARNING:root:train episode 167 : reward 10.0, steps 10
WARNING:root:train episode 168 : reward 9.0, steps 9
WARNING:root:train episode 169 : reward 9.0, steps 9
WARNING:root:train episode 170 : reward 10.0, steps 10
WARNING:root:train episode 171 : reward 10.0, steps 10
WARNING:root:train episode 172 : reward 9.0, steps 9
WARNING:root:train episode 173 : reward 9.0, steps 9
WARNING:root:train episode 174 : reward 10.0, steps 10
WARNING:root:train episode 175 : reward 9.0, steps 9
WARNING:root:train episode 176 : reward 9.0, steps 9
WARNING:root:train episode 177 : reward 10.0, steps 10
WARNING:root:train episode 178 : reward 12.0, steps 12
WARNING:root:train episode 179 : reward 9.0, steps 9
WARNING:root:train episode 180 : reward 11.0, steps 11
WARNING:root:train episode 181 : reward 10.0, steps 10
WARNING:root:train episode 182 : reward 12.0, steps 12
WARNING:root:train episode 183 : reward 11.0, steps 11
WARNING:root:train episode 184 : reward 10.0, steps 10
WARNING:root:train episode 185 : reward 9.0, steps 9
WARNING:root:train episode 186 : reward 9.0, steps 9
WARNING:root:train episode 187 : reward 10.0, steps 10
WARNING:root:train episode 188 : reward 11.0, steps 11
WARNING:root:train episode 189 : reward 10.0, steps 10
WARNING:root:train episode 190 : reward 10.0, steps 10
WARNING:root:train episode 191 : reward 9.0, steps 9
WARNING:root:train episode 192 : reward 10.0, steps 10
WARNING:root:train episode 193 : reward 9.0, steps 9
WARNING:root:train episode 194 : reward 11.0, steps 11
WARNING:root:train episode 195 : reward 11.0, steps 11
WARNING:root:train episode 196 : reward 9.0, steps 9
WARNING:root:train episode 197 : reward 10.0, steps 10
WARNING:root:train episode 198 : reward 10.0, steps 10
WARNING:root:train episode 199 : reward 9.0, steps 9
WARNING:root:train episode 200 : reward 11.0, steps 11
WARNING:root:train episode 201 : reward 11.0, steps 11
WARNING:root:evaluate 5 episodes : e_greedy 0.09768499999999769, reward 9.0
WARNING:root:train episode 202 : reward 9.0, steps 9
WARNING:root:train episode 203 : reward 11.0, steps 11
WARNING:root:train episode 204 : reward 9.0, steps 9
WARNING:root:train episode 205 : reward 9.0, steps 9
WARNING:root:train episode 206 : reward 10.0, steps 10
WARNING:root:train episode 207 : reward 9.0, steps 9
WARNING:root:train episode 208 : reward 9.0, steps 9
WARNING:root:train episode 209 : reward 9.0, steps 9
WARNING:root:train episode 210 : reward 9.0, steps 9
WARNING:root:train episode 211 : reward 13.0, steps 13
WARNING:root:train episode 212 : reward 12.0, steps 12
WARNING:root:train episode 213 : reward 11.0, steps 11
WARNING:root:train episode 214 : reward 9.0, steps 9
WARNING:root:train episode 215 : reward 9.0, steps 9
WARNING:root:train episode 216 : reward 8.0, steps 8
WARNING:root:train episode 217 : reward 10.0, steps 10
WARNING:root:train episode 218 : reward 12.0, steps 12
WARNING:root:train episode 219 : reward 10.0, steps 10
WARNING:root:train episode 220 : reward 9.0, steps 9
WARNING:root:train episode 221 : reward 9.0, steps 9
WARNING:root:train episode 222 : reward 10.0, steps 10
WARNING:root:train episode 223 : reward 9.0, steps 9
WARNING:root:train episode 224 : reward 13.0, steps 13
WARNING:root:train episode 225 : reward 10.0, steps 10
WARNING:root:train episode 226 : reward 11.0, steps 11
WARNING:root:train episode 227 : reward 10.0, steps 10
WARNING:root:train episode 228 : reward 10.0, steps 10
WARNING:root:train episode 229 : reward 9.0, steps 9
WARNING:root:train episode 230 : reward 10.0, steps 10
WARNING:root:train episode 231 : reward 11.0, steps 11
WARNING:root:train episode 232 : reward 11.0, steps 11
WARNING:root:train episode 233 : reward 9.0, steps 9
WARNING:root:train episode 234 : reward 8.0, steps 8
WARNING:root:train episode 235 : reward 10.0, steps 10
WARNING:root:train episode 236 : reward 9.0, steps 9
WARNING:root:train episode 237 : reward 10.0, steps 10
WARNING:root:train episode 238 : reward 10.0, steps 10
WARNING:root:train episode 239 : reward 9.0, steps 9
WARNING:root:train episode 240 : reward 9.0, steps 9
WARNING:root:train episode 241 : reward 11.0, steps 11
WARNING:root:train episode 242 : reward 8.0, steps 8
WARNING:root:train episode 243 : reward 10.0, steps 10
WARNING:root:train episode 244 : reward 13.0, steps 13
WARNING:root:train episode 245 : reward 11.0, steps 11
WARNING:root:train episode 246 : reward 8.0, steps 8
WARNING:root:train episode 247 : reward 9.0, steps 9
WARNING:root:train episode 248 : reward 11.0, steps 11
WARNING:root:train episode 249 : reward 17.0, steps 17
WARNING:root:train episode 250 : reward 12.0, steps 12
WARNING:root:train episode 251 : reward 12.0, steps 12
WARNING:root:evaluate 5 episodes : e_greedy 0.09717899999999718, reward 14.0
WARNING:root:train episode 252 : reward 12.0, steps 12
WARNING:root:train episode 253 : reward 12.0, steps 12
WARNING:root:train episode 254 : reward 26.0, steps 26
WARNING:root:train episode 255 : reward 20.0, steps 20
WARNING:root:train episode 256 : reward 12.0, steps 12
WARNING:root:train episode 257 : reward 22.0, steps 22
WARNING:root:train episode 258 : reward 16.0, steps 16
WARNING:root:train episode 259 : reward 14.0, steps 14
WARNING:root:train episode 260 : reward 10.0, steps 10
WARNING:root:train episode 261 : reward 9.0, steps 9
WARNING:root:train episode 262 : reward 28.0, steps 28
WARNING:root:train episode 263 : reward 14.0, steps 14
WARNING:root:train episode 264 : reward 28.0, steps 28
WARNING:root:train episode 265 : reward 14.0, steps 14
WARNING:root:train episode 266 : reward 37.0, steps 37
WARNING:root:train episode 267 : reward 39.0, steps 39
WARNING:root:train episode 268 : reward 37.0, steps 37
WARNING:root:train episode 269 : reward 19.0, steps 19
WARNING:root:train episode 270 : reward 15.0, steps 15
WARNING:root:train episode 271 : reward 16.0, steps 16
WARNING:root:train episode 272 : reward 20.0, steps 20
WARNING:root:train episode 273 : reward 28.0, steps 28
WARNING:root:train episode 274 : reward 10.0, steps 10
WARNING:root:train episode 275 : reward 36.0, steps 36
WARNING:root:train episode 276 : reward 19.0, steps 19
WARNING:root:train episode 277 : reward 13.0, steps 13
WARNING:root:train episode 278 : reward 25.0, steps 25
WARNING:root:train episode 279 : reward 17.0, steps 17
WARNING:root:train episode 280 : reward 16.0, steps 16
WARNING:root:train episode 281 : reward 17.0, steps 17
WARNING:root:train episode 282 : reward 30.0, steps 30
WARNING:root:train episode 283 : reward 21.0, steps 21
WARNING:root:train episode 284 : reward 23.0, steps 23
WARNING:root:train episode 285 : reward 21.0, steps 21
WARNING:root:train episode 286 : reward 63.0, steps 63
WARNING:root:train episode 287 : reward 15.0, steps 15
WARNING:root:train episode 288 : reward 35.0, steps 35
WARNING:root:train episode 289 : reward 22.0, steps 22
WARNING:root:train episode 290 : reward 18.0, steps 18
WARNING:root:train episode 291 : reward 41.0, steps 41
WARNING:root:train episode 292 : reward 82.0, steps 82
WARNING:root:train episode 293 : reward 30.0, steps 30
WARNING:root:train episode 294 : reward 72.0, steps 72
WARNING:root:train episode 295 : reward 16.0, steps 16
WARNING:root:train episode 296 : reward 24.0, steps 24
WARNING:root:train episode 297 : reward 68.0, steps 68
WARNING:root:train episode 298 : reward 18.0, steps 18
WARNING:root:train episode 299 : reward 25.0, steps 25
WARNING:root:train episode 300 : reward 61.0, steps 61
WARNING:root:train episode 301 : reward 83.0, steps 83
WARNING:root:evaluate 5 episodes : e_greedy 0.09580999999999582, reward 200.0
WARNING:root:train episode 302 : reward 108.0, steps 108
WARNING:root:train episode 303 : reward 67.0, steps 67
WARNING:root:train episode 304 : reward 200.0, steps 200
WARNING:root:train episode 305 : reward 200.0, steps 200
WARNING:root:train episode 306 : reward 200.0, steps 200
WARNING:root:train episode 307 : reward 200.0, steps 200
WARNING:root:train episode 308 : reward 200.0, steps 200
WARNING:root:train episode 309 : reward 200.0, steps 200
WARNING:root:train episode 310 : reward 200.0, steps 200
WARNING:root:train episode 311 : reward 200.0, steps 200
WARNING:root:train episode 312 : reward 200.0, steps 200
WARNING:root:train episode 313 : reward 192.0, steps 192
WARNING:root:train episode 314 : reward 200.0, steps 200
WARNING:root:train episode 315 : reward 196.0, steps 196
WARNING:root:train episode 316 : reward 185.0, steps 185
WARNING:root:train episode 317 : reward 195.0, steps 195
WARNING:root:train episode 318 : reward 200.0, steps 200
WARNING:root:train episode 319 : reward 200.0, steps 200
WARNING:root:train episode 320 : reward 200.0, steps 200
WARNING:root:train episode 321 : reward 197.0, steps 197
WARNING:root:train episode 322 : reward 153.0, steps 153
WARNING:root:train episode 323 : reward 189.0, steps 189
WARNING:root:train episode 324 : reward 176.0, steps 176
WARNING:root:train episode 325 : reward 200.0, steps 200
WARNING:root:train episode 326 : reward 200.0, steps 200
WARNING:root:train episode 327 : reward 175.0, steps 175
WARNING:root:train episode 328 : reward 200.0, steps 200
WARNING:root:train episode 329 : reward 200.0, steps 200
WARNING:root:train episode 330 : reward 172.0, steps 172
WARNING:root:train episode 331 : reward 200.0, steps 200
WARNING:root:train episode 332 : reward 147.0, steps 147
WARNING:root:train episode 333 : reward 200.0, steps 200
WARNING:root:train episode 334 : reward 186.0, steps 186
WARNING:root:train episode 335 : reward 191.0, steps 191
WARNING:root:train episode 336 : reward 141.0, steps 141
WARNING:root:train episode 337 : reward 179.0, steps 179
WARNING:root:train episode 338 : reward 192.0, steps 192
WARNING:root:train episode 339 : reward 200.0, steps 200
WARNING:root:train episode 340 : reward 185.0, steps 185
WARNING:root:train episode 341 : reward 177.0, steps 177
WARNING:root:train episode 342 : reward 182.0, steps 182
WARNING:root:train episode 343 : reward 163.0, steps 163
WARNING:root:train episode 344 : reward 169.0, steps 169
WARNING:root:train episode 345 : reward 200.0, steps 200
WARNING:root:train episode 346 : reward 188.0, steps 188
WARNING:root:train episode 347 : reward 200.0, steps 200
WARNING:root:train episode 348 : reward 162.0, steps 162
WARNING:root:train episode 349 : reward 140.0, steps 140
WARNING:root:train episode 350 : reward 181.0, steps 181
WARNING:root:train episode 351 : reward 159.0, steps 159
WARNING:root:evaluate 5 episodes : e_greedy 0.08666299999998667, reward 178.4
WARNING:root:train episode 352 : reward 182.0, steps 182
WARNING:root:train episode 353 : reward 156.0, steps 156
WARNING:root:train episode 354 : reward 150.0, steps 150
WARNING:root:train episode 355 : reward 177.0, steps 177
WARNING:root:train episode 356 : reward 200.0, steps 200
WARNING:root:train episode 357 : reward 200.0, steps 200
WARNING:root:train episode 358 : reward 157.0, steps 157
WARNING:root:train episode 359 : reward 175.0, steps 175
WARNING:root:train episode 360 : reward 119.0, steps 119
WARNING:root:train episode 361 : reward 163.0, steps 163
WARNING:root:train episode 362 : reward 170.0, steps 170
WARNING:root:train episode 363 : reward 195.0, steps 195
WARNING:root:train episode 364 : reward 178.0, steps 178
WARNING:root:train episode 365 : reward 171.0, steps 171
WARNING:root:train episode 366 : reward 151.0, steps 151
WARNING:root:train episode 367 : reward 200.0, steps 200
WARNING:root:train episode 368 : reward 169.0, steps 169
WARNING:root:train episode 369 : reward 160.0, steps 160
WARNING:root:train episode 370 : reward 190.0, steps 190
WARNING:root:train episode 371 : reward 142.0, steps 142
WARNING:root:train episode 372 : reward 167.0, steps 167
WARNING:root:train episode 373 : reward 182.0, steps 182
WARNING:root:train episode 374 : reward 165.0, steps 165
WARNING:root:train episode 375 : reward 200.0, steps 200
WARNING:root:train episode 376 : reward 193.0, steps 193
WARNING:root:train episode 377 : reward 200.0, steps 200
WARNING:root:train episode 378 : reward 180.0, steps 180
WARNING:root:train episode 379 : reward 200.0, steps 200
WARNING:root:train episode 380 : reward 174.0, steps 174
WARNING:root:train episode 381 : reward 200.0, steps 200
WARNING:root:train episode 382 : reward 200.0, steps 200
WARNING:root:train episode 383 : reward 200.0, steps 200
WARNING:root:train episode 384 : reward 192.0, steps 192
WARNING:root:train episode 385 : reward 170.0, steps 170
WARNING:root:train episode 386 : reward 200.0, steps 200
WARNING:root:train episode 387 : reward 158.0, steps 158
WARNING:root:train episode 388 : reward 200.0, steps 200
WARNING:root:train episode 389 : reward 152.0, steps 152
WARNING:root:train episode 390 : reward 150.0, steps 150
WARNING:root:train episode 391 : reward 154.0, steps 154
WARNING:root:train episode 392 : reward 178.0, steps 178
WARNING:root:train episode 393 : reward 200.0, steps 200
WARNING:root:train episode 394 : reward 195.0, steps 195
WARNING:root:train episode 395 : reward 188.0, steps 188
WARNING:root:train episode 396 : reward 200.0, steps 200
WARNING:root:train episode 397 : reward 192.0, steps 192
WARNING:root:train episode 398 : reward 200.0, steps 200
WARNING:root:train episode 399 : reward 200.0, steps 200
WARNING:root:train episode 400 : reward 200.0, steps 200
WARNING:root:train episode 401 : reward 200.0, steps 200
WARNING:root:evaluate 5 episodes : e_greedy 0.07766799999997767, reward 197.6
WARNING:root:train episode 402 : reward 200.0, steps 200
WARNING:root:train episode 403 : reward 200.0, steps 200
WARNING:root:train episode 404 : reward 200.0, steps 200
WARNING:root:train episode 405 : reward 200.0, steps 200
WARNING:root:train episode 406 : reward 200.0, steps 200
WARNING:root:train episode 407 : reward 200.0, steps 200
WARNING:root:train episode 408 : reward 200.0, steps 200
WARNING:root:train episode 409 : reward 200.0, steps 200
WARNING:root:train episode 410 : reward 153.0, steps 153
WARNING:root:train episode 411 : reward 200.0, steps 200
WARNING:root:train episode 412 : reward 200.0, steps 200
WARNING:root:train episode 413 : reward 200.0, steps 200
WARNING:root:train episode 414 : reward 200.0, steps 200
WARNING:root:train episode 415 : reward 200.0, steps 200
WARNING:root:train episode 416 : reward 200.0, steps 200
WARNING:root:train episode 417 : reward 200.0, steps 200
WARNING:root:train episode 418 : reward 200.0, steps 200
WARNING:root:train episode 419 : reward 200.0, steps 200
WARNING:root:train episode 420 : reward 195.0, steps 195
WARNING:root:train episode 421 : reward 200.0, steps 200
WARNING:root:train episode 422 : reward 190.0, steps 190
WARNING:root:train episode 423 : reward 200.0, steps 200
WARNING:root:train episode 424 : reward 200.0, steps 200
WARNING:root:train episode 425 : reward 200.0, steps 200
WARNING:root:train episode 426 : reward 156.0, steps 156
WARNING:root:train episode 427 : reward 200.0, steps 200
WARNING:root:train episode 428 : reward 183.0, steps 183
WARNING:root:train episode 429 : reward 200.0, steps 200
WARNING:root:train episode 430 : reward 187.0, steps 187
WARNING:root:train episode 431 : reward 158.0, steps 158
WARNING:root:train episode 432 : reward 200.0, steps 200
WARNING:root:train episode 433 : reward 200.0, steps 200
WARNING:root:train episode 434 : reward 186.0, steps 186
WARNING:root:train episode 435 : reward 200.0, steps 200
WARNING:root:train episode 436 : reward 200.0, steps 200
WARNING:root:train episode 437 : reward 180.0, steps 180
WARNING:root:train episode 438 : reward 154.0, steps 154
WARNING:root:train episode 439 : reward 111.0, steps 111
WARNING:root:train episode 440 : reward 148.0, steps 148
WARNING:root:train episode 441 : reward 167.0, steps 167
WARNING:root:train episode 442 : reward 156.0, steps 156
WARNING:root:train episode 443 : reward 150.0, steps 150
WARNING:root:train episode 444 : reward 165.0, steps 165
WARNING:root:train episode 445 : reward 181.0, steps 181
WARNING:root:train episode 446 : reward 200.0, steps 200
WARNING:root:train episode 447 : reward 200.0, steps 200
WARNING:root:train episode 448 : reward 191.0, steps 191
WARNING:root:train episode 449 : reward 200.0, steps 200
WARNING:root:train episode 450 : reward 200.0, steps 200
WARNING:root:train episode 451 : reward 198.0, steps 198
WARNING:root:evaluate 5 episodes : e_greedy 0.06825899999996826, reward 163.4
WARNING:root:train episode 452 : reward 200.0, steps 200
WARNING:root:train episode 453 : reward 190.0, steps 190
WARNING:root:train episode 454 : reward 200.0, steps 200
WARNING:root:train episode 455 : reward 173.0, steps 173
WARNING:root:train episode 456 : reward 200.0, steps 200
WARNING:root:train episode 457 : reward 166.0, steps 166
WARNING:root:train episode 458 : reward 167.0, steps 167
WARNING:root:train episode 459 : reward 130.0, steps 130
WARNING:root:train episode 460 : reward 200.0, steps 200
WARNING:root:train episode 461 : reward 200.0, steps 200
WARNING:root:train episode 462 : reward 200.0, steps 200
WARNING:root:train episode 463 : reward 171.0, steps 171
WARNING:root:train episode 464 : reward 165.0, steps 165
WARNING:root:train episode 465 : reward 200.0, steps 200
WARNING:root:train episode 466 : reward 191.0, steps 191
WARNING:root:train episode 467 : reward 200.0, steps 200
WARNING:root:train episode 468 : reward 171.0, steps 171
WARNING:root:train episode 469 : reward 183.0, steps 183
WARNING:root:train episode 470 : reward 200.0, steps 200
WARNING:root:train episode 471 : reward 200.0, steps 200
WARNING:root:train episode 472 : reward 181.0, steps 181
WARNING:root:train episode 473 : reward 145.0, steps 145
WARNING:root:train episode 474 : reward 149.0, steps 149
WARNING:root:train episode 475 : reward 142.0, steps 142
WARNING:root:train episode 476 : reward 151.0, steps 151
WARNING:root:train episode 477 : reward 130.0, steps 130
WARNING:root:train episode 478 : reward 132.0, steps 132
WARNING:root:train episode 479 : reward 144.0, steps 144
WARNING:root:train episode 480 : reward 167.0, steps 167
WARNING:root:train episode 481 : reward 146.0, steps 146
WARNING:root:train episode 482 : reward 142.0, steps 142
WARNING:root:train episode 483 : reward 147.0, steps 147
WARNING:root:train episode 484 : reward 153.0, steps 153
WARNING:root:train episode 485 : reward 144.0, steps 144
WARNING:root:train episode 486 : reward 155.0, steps 155
WARNING:root:train episode 487 : reward 155.0, steps 155
WARNING:root:train episode 488 : reward 149.0, steps 149
WARNING:root:train episode 489 : reward 143.0, steps 143
WARNING:root:train episode 490 : reward 171.0, steps 171
WARNING:root:train episode 491 : reward 142.0, steps 142
WARNING:root:train episode 492 : reward 149.0, steps 149
WARNING:root:train episode 493 : reward 125.0, steps 125
WARNING:root:train episode 494 : reward 128.0, steps 128
WARNING:root:train episode 495 : reward 140.0, steps 140
WARNING:root:train episode 496 : reward 134.0, steps 134
WARNING:root:train episode 497 : reward 139.0, steps 139
WARNING:root:train episode 498 : reward 153.0, steps 153
WARNING:root:train episode 499 : reward 141.0, steps 141
WARNING:root:train episode 500 : reward 149.0, steps 149
WARNING:root:train episode 501 : reward 149.0, steps 149
WARNING:root:evaluate 5 episodes : e_greedy 0.06015699999996016, reward 148.8
WARNING:root:train episode 502 : reward 147.0, steps 147
WARNING:root:train episode 503 : reward 167.0, steps 167
WARNING:root:train episode 504 : reward 200.0, steps 200
WARNING:root:train episode 505 : reward 175.0, steps 175
WARNING:root:train episode 506 : reward 196.0, steps 196
WARNING:root:train episode 507 : reward 143.0, steps 143
WARNING:root:train episode 508 : reward 123.0, steps 123
WARNING:root:train episode 509 : reward 188.0, steps 188
WARNING:root:train episode 510 : reward 160.0, steps 160
WARNING:root:train episode 511 : reward 174.0, steps 174
WARNING:root:train episode 512 : reward 161.0, steps 161
WARNING:root:train episode 513 : reward 121.0, steps 121
WARNING:root:train episode 514 : reward 124.0, steps 124
WARNING:root:train episode 515 : reward 143.0, steps 143
WARNING:root:train episode 516 : reward 120.0, steps 120
WARNING:root:train episode 517 : reward 156.0, steps 156
WARNING:root:train episode 518 : reward 144.0, steps 144
WARNING:root:train episode 519 : reward 149.0, steps 149
WARNING:root:train episode 520 : reward 173.0, steps 173
WARNING:root:train episode 521 : reward 200.0, steps 200
WARNING:root:train episode 522 : reward 200.0, steps 200
WARNING:root:train episode 523 : reward 195.0, steps 195
WARNING:root:train episode 524 : reward 200.0, steps 200
WARNING:root:train episode 525 : reward 200.0, steps 200
WARNING:root:train episode 526 : reward 200.0, steps 200
WARNING:root:train episode 527 : reward 157.0, steps 157
WARNING:root:train episode 528 : reward 200.0, steps 200
WARNING:root:train episode 529 : reward 190.0, steps 190
WARNING:root:train episode 530 : reward 200.0, steps 200
WARNING:root:train episode 531 : reward 177.0, steps 177
WARNING:root:train episode 532 : reward 154.0, steps 154
WARNING:root:train episode 533 : reward 180.0, steps 180
WARNING:root:train episode 534 : reward 174.0, steps 174
WARNING:root:train episode 535 : reward 151.0, steps 151
WARNING:root:train episode 536 : reward 200.0, steps 200
WARNING:root:train episode 537 : reward 139.0, steps 139
WARNING:root:train episode 538 : reward 145.0, steps 145
WARNING:root:train episode 539 : reward 149.0, steps 149
WARNING:root:train episode 540 : reward 166.0, steps 166
WARNING:root:train episode 541 : reward 173.0, steps 173
WARNING:root:train episode 542 : reward 181.0, steps 181
WARNING:root:train episode 543 : reward 182.0, steps 182
WARNING:root:train episode 544 : reward 172.0, steps 172
WARNING:root:train episode 545 : reward 157.0, steps 157
WARNING:root:train episode 546 : reward 190.0, steps 190
WARNING:root:train episode 547 : reward 150.0, steps 150
WARNING:root:train episode 548 : reward 200.0, steps 200
WARNING:root:train episode 549 : reward 200.0, steps 200
WARNING:root:train episode 550 : reward 200.0, steps 200
WARNING:root:train episode 551 : reward 200.0, steps 200
WARNING:root:evaluate 5 episodes : e_greedy 0.05161099999995161, reward 159.2
WARNING:root:train episode 552 : reward 200.0, steps 200
WARNING:root:train episode 553 : reward 150.0, steps 150
WARNING:root:train episode 554 : reward 200.0, steps 200
WARNING:root:train episode 555 : reward 200.0, steps 200
WARNING:root:train episode 556 : reward 163.0, steps 163
WARNING:root:train episode 557 : reward 200.0, steps 200
WARNING:root:train episode 558 : reward 138.0, steps 138
WARNING:root:train episode 559 : reward 200.0, steps 200
WARNING:root:train episode 560 : reward 156.0, steps 156
WARNING:root:train episode 561 : reward 200.0, steps 200
WARNING:root:train episode 562 : reward 200.0, steps 200
WARNING:root:train episode 563 : reward 183.0, steps 183
WARNING:root:train episode 564 : reward 200.0, steps 200
WARNING:root:train episode 565 : reward 152.0, steps 152
WARNING:root:train episode 566 : reward 200.0, steps 200
WARNING:root:train episode 567 : reward 162.0, steps 162
WARNING:root:train episode 568 : reward 200.0, steps 200
WARNING:root:train episode 569 : reward 187.0, steps 187
WARNING:root:train episode 570 : reward 200.0, steps 200
WARNING:root:train episode 571 : reward 200.0, steps 200
WARNING:root:train episode 572 : reward 200.0, steps 200
WARNING:root:train episode 573 : reward 200.0, steps 200
WARNING:root:train episode 574 : reward 200.0, steps 200
WARNING:root:train episode 575 : reward 169.0, steps 169
WARNING:root:train episode 576 : reward 155.0, steps 155
WARNING:root:train episode 577 : reward 175.0, steps 175
WARNING:root:train episode 578 : reward 157.0, steps 157
WARNING:root:train episode 579 : reward 165.0, steps 165
WARNING:root:train episode 580 : reward 177.0, steps 177
WARNING:root:train episode 581 : reward 166.0, steps 166
WARNING:root:train episode 582 : reward 145.0, steps 145
WARNING:root:train episode 583 : reward 161.0, steps 161
WARNING:root:train episode 584 : reward 132.0, steps 132
WARNING:root:train episode 585 : reward 147.0, steps 147
WARNING:root:train episode 586 : reward 152.0, steps 152
WARNING:root:train episode 587 : reward 135.0, steps 135
WARNING:root:train episode 588 : reward 132.0, steps 132
WARNING:root:train episode 589 : reward 141.0, steps 141
WARNING:root:train episode 590 : reward 154.0, steps 154
WARNING:root:train episode 591 : reward 132.0, steps 132
WARNING:root:train episode 592 : reward 137.0, steps 137
WARNING:root:train episode 593 : reward 130.0, steps 130
WARNING:root:train episode 594 : reward 150.0, steps 150
WARNING:root:train episode 595 : reward 147.0, steps 147
WARNING:root:train episode 596 : reward 136.0, steps 136
WARNING:root:train episode 597 : reward 123.0, steps 123
WARNING:root:train episode 598 : reward 138.0, steps 138
WARNING:root:train episode 599 : reward 135.0, steps 135
WARNING:root:train episode 600 : reward 145.0, steps 145
WARNING:root:train episode 601 : reward 157.0, steps 157
WARNING:root:evaluate 5 episodes : e_greedy 0.04332699999994333, reward 136.4
WARNING:root:train episode 602 : reward 150.0, steps 150
WARNING:root:train episode 603 : reward 130.0, steps 130
WARNING:root:train episode 604 : reward 162.0, steps 162
WARNING:root:train episode 605 : reward 158.0, steps 158
WARNING:root:train episode 606 : reward 132.0, steps 132
WARNING:root:train episode 607 : reward 200.0, steps 200
WARNING:root:train episode 608 : reward 157.0, steps 157
WARNING:root:train episode 609 : reward 200.0, steps 200
WARNING:root:train episode 610 : reward 200.0, steps 200
WARNING:root:train episode 611 : reward 164.0, steps 164
WARNING:root:train episode 612 : reward 200.0, steps 200
WARNING:root:train episode 613 : reward 195.0, steps 195
WARNING:root:train episode 614 : reward 116.0, steps 116
WARNING:root:train episode 615 : reward 32.0, steps 32
WARNING:root:train episode 616 : reward 125.0, steps 125
WARNING:root:train episode 617 : reward 139.0, steps 139
WARNING:root:train episode 618 : reward 140.0, steps 140
WARNING:root:train episode 619 : reward 123.0, steps 123
WARNING:root:train episode 620 : reward 125.0, steps 125
WARNING:root:train episode 621 : reward 137.0, steps 137
WARNING:root:train episode 622 : reward 123.0, steps 123
WARNING:root:train episode 623 : reward 124.0, steps 124
WARNING:root:train episode 624 : reward 134.0, steps 134
WARNING:root:train episode 625 : reward 129.0, steps 129
WARNING:root:train episode 626 : reward 122.0, steps 122
WARNING:root:train episode 627 : reward 126.0, steps 126
WARNING:root:train episode 628 : reward 129.0, steps 129
WARNING:root:train episode 629 : reward 163.0, steps 163
WARNING:root:train episode 630 : reward 148.0, steps 148
WARNING:root:train episode 631 : reward 200.0, steps 200
WARNING:root:train episode 632 : reward 193.0, steps 193
WARNING:root:train episode 633 : reward 156.0, steps 156
WARNING:root:train episode 634 : reward 200.0, steps 200
WARNING:root:train episode 635 : reward 152.0, steps 152
WARNING:root:train episode 636 : reward 151.0, steps 151
WARNING:root:train episode 637 : reward 148.0, steps 148
WARNING:root:train episode 638 : reward 149.0, steps 149
WARNING:root:train episode 639 : reward 143.0, steps 143
WARNING:root:train episode 640 : reward 168.0, steps 168
WARNING:root:train episode 641 : reward 185.0, steps 185
WARNING:root:train episode 642 : reward 136.0, steps 136
WARNING:root:train episode 643 : reward 86.0, steps 86
WARNING:root:train episode 644 : reward 96.0, steps 96
WARNING:root:train episode 645 : reward 97.0, steps 97
WARNING:root:train episode 646 : reward 103.0, steps 103
WARNING:root:train episode 647 : reward 103.0, steps 103
WARNING:root:train episode 648 : reward 111.0, steps 111
WARNING:root:train episode 649 : reward 118.0, steps 118
WARNING:root:train episode 650 : reward 116.0, steps 116
WARNING:root:train episode 651 : reward 148.0, steps 148
WARNING:root:evaluate 5 episodes : e_greedy 0.036184999999936185, reward 138.4
WARNING:root:train episode 652 : reward 122.0, steps 122
WARNING:root:train episode 653 : reward 200.0, steps 200
WARNING:root:train episode 654 : reward 200.0, steps 200
WARNING:root:train episode 655 : reward 200.0, steps 200
WARNING:root:train episode 656 : reward 200.0, steps 200
WARNING:root:train episode 657 : reward 112.0, steps 112
WARNING:root:train episode 658 : reward 139.0, steps 139
WARNING:root:train episode 659 : reward 153.0, steps 153
WARNING:root:train episode 660 : reward 181.0, steps 181
WARNING:root:train episode 661 : reward 200.0, steps 200
WARNING:root:train episode 662 : reward 160.0, steps 160
WARNING:root:train episode 663 : reward 200.0, steps 200
WARNING:root:train episode 664 : reward 116.0, steps 116
WARNING:root:train episode 665 : reward 174.0, steps 174
WARNING:root:train episode 666 : reward 187.0, steps 187
WARNING:root:train episode 667 : reward 153.0, steps 153
WARNING:root:train episode 668 : reward 173.0, steps 173
WARNING:root:train episode 669 : reward 119.0, steps 119
WARNING:root:train episode 670 : reward 152.0, steps 152
WARNING:root:train episode 671 : reward 200.0, steps 200
WARNING:root:train episode 672 : reward 125.0, steps 125
WARNING:root:train episode 673 : reward 124.0, steps 124
WARNING:root:train episode 674 : reward 170.0, steps 170
WARNING:root:train episode 675 : reward 115.0, steps 115
WARNING:root:train episode 676 : reward 128.0, steps 128
WARNING:root:train episode 677 : reward 200.0, steps 200
WARNING:root:train episode 678 : reward 159.0, steps 159
WARNING:root:train episode 679 : reward 200.0, steps 200
WARNING:root:train episode 680 : reward 162.0, steps 162
WARNING:root:train episode 681 : reward 119.0, steps 119
WARNING:root:train episode 682 : reward 180.0, steps 180
WARNING:root:train episode 683 : reward 187.0, steps 187
WARNING:root:train episode 684 : reward 173.0, steps 173
WARNING:root:train episode 685 : reward 135.0, steps 135
WARNING:root:train episode 686 : reward 134.0, steps 134
WARNING:root:train episode 687 : reward 185.0, steps 185
WARNING:root:train episode 688 : reward 200.0, steps 200
WARNING:root:train episode 689 : reward 170.0, steps 170
WARNING:root:train episode 690 : reward 182.0, steps 182
WARNING:root:train episode 691 : reward 200.0, steps 200
WARNING:root:train episode 692 : reward 200.0, steps 200
WARNING:root:train episode 693 : reward 142.0, steps 142
WARNING:root:train episode 694 : reward 116.0, steps 116
WARNING:root:train episode 695 : reward 200.0, steps 200
WARNING:root:train episode 696 : reward 135.0, steps 135
WARNING:root:train episode 697 : reward 184.0, steps 184
WARNING:root:train episode 698 : reward 115.0, steps 115
WARNING:root:train episode 699 : reward 125.0, steps 125
WARNING:root:train episode 700 : reward 124.0, steps 124
WARNING:root:train episode 701 : reward 148.0, steps 148
WARNING:root:evaluate 5 episodes : e_greedy 0.028106999999928106, reward 164.4
WARNING:root:train episode 702 : reward 190.0, steps 190
WARNING:root:train episode 703 : reward 199.0, steps 199
WARNING:root:train episode 704 : reward 169.0, steps 169
WARNING:root:train episode 705 : reward 200.0, steps 200
WARNING:root:train episode 706 : reward 200.0, steps 200
WARNING:root:train episode 707 : reward 200.0, steps 200
WARNING:root:train episode 708 : reward 200.0, steps 200
WARNING:root:train episode 709 : reward 200.0, steps 200
WARNING:root:train episode 710 : reward 200.0, steps 200
WARNING:root:train episode 711 : reward 170.0, steps 170
WARNING:root:train episode 712 : reward 200.0, steps 200
WARNING:root:train episode 713 : reward 200.0, steps 200
WARNING:root:train episode 714 : reward 200.0, steps 200
WARNING:root:train episode 715 : reward 200.0, steps 200
WARNING:root:train episode 716 : reward 200.0, steps 200
WARNING:root:train episode 717 : reward 198.0, steps 198
WARNING:root:train episode 718 : reward 181.0, steps 181
WARNING:root:train episode 719 : reward 200.0, steps 200
WARNING:root:train episode 720 : reward 200.0, steps 200
WARNING:root:train episode 721 : reward 200.0, steps 200
WARNING:root:train episode 722 : reward 200.0, steps 200
WARNING:root:train episode 723 : reward 200.0, steps 200
WARNING:root:train episode 724 : reward 200.0, steps 200
WARNING:root:train episode 725 : reward 186.0, steps 186
WARNING:root:train episode 726 : reward 200.0, steps 200
WARNING:root:train episode 727 : reward 200.0, steps 200
WARNING:root:train episode 728 : reward 200.0, steps 200
WARNING:root:train episode 729 : reward 200.0, steps 200
WARNING:root:train episode 730 : reward 145.0, steps 145
WARNING:root:train episode 731 : reward 192.0, steps 192
WARNING:root:train episode 732 : reward 155.0, steps 155
WARNING:root:train episode 733 : reward 186.0, steps 186
WARNING:root:train episode 734 : reward 111.0, steps 111
WARNING:root:train episode 735 : reward 117.0, steps 117
WARNING:root:train episode 736 : reward 120.0, steps 120
WARNING:root:train episode 737 : reward 106.0, steps 106
WARNING:root:train episode 738 : reward 116.0, steps 116
WARNING:root:train episode 739 : reward 200.0, steps 200
WARNING:root:train episode 740 : reward 200.0, steps 200
WARNING:root:train episode 741 : reward 200.0, steps 200
WARNING:root:train episode 742 : reward 200.0, steps 200
WARNING:root:train episode 743 : reward 200.0, steps 200
WARNING:root:train episode 744 : reward 200.0, steps 200
WARNING:root:train episode 745 : reward 200.0, steps 200
WARNING:root:train episode 746 : reward 200.0, steps 200
WARNING:root:train episode 747 : reward 200.0, steps 200
WARNING:root:train episode 748 : reward 200.0, steps 200
WARNING:root:train episode 749 : reward 200.0, steps 200
WARNING:root:train episode 750 : reward 200.0, steps 200
WARNING:root:train episode 751 : reward 200.0, steps 200
WARNING:root:evaluate 5 episodes : e_greedy 0.018765999999918764, reward 200.0
WARNING:root:train episode 752 : reward 200.0, steps 200
WARNING:root:train episode 753 : reward 200.0, steps 200
WARNING:root:train episode 754 : reward 200.0, steps 200
WARNING:root:train episode 755 : reward 200.0, steps 200
WARNING:root:train episode 756 : reward 200.0, steps 200
WARNING:root:train episode 757 : reward 200.0, steps 200
WARNING:root:train episode 758 : reward 200.0, steps 200
WARNING:root:train episode 759 : reward 200.0, steps 200
WARNING:root:train episode 760 : reward 200.0, steps 200
WARNING:root:train episode 761 : reward 200.0, steps 200
WARNING:root:train episode 762 : reward 200.0, steps 200
WARNING:root:train episode 763 : reward 200.0, steps 200
WARNING:root:train episode 764 : reward 200.0, steps 200
WARNING:root:train episode 765 : reward 200.0, steps 200
WARNING:root:train episode 766 : reward 200.0, steps 200
WARNING:root:train episode 767 : reward 200.0, steps 200
WARNING:root:train episode 768 : reward 200.0, steps 200
WARNING:root:train episode 769 : reward 200.0, steps 200
WARNING:root:train episode 770 : reward 200.0, steps 200
WARNING:root:train episode 771 : reward 200.0, steps 200
WARNING:root:train episode 772 : reward 200.0, steps 200
WARNING:root:train episode 773 : reward 200.0, steps 200
WARNING:root:train episode 774 : reward 200.0, steps 200
WARNING:root:train episode 775 : reward 200.0, steps 200
WARNING:root:train episode 776 : reward 200.0, steps 200
WARNING:root:train episode 777 : reward 200.0, steps 200
WARNING:root:train episode 778 : reward 200.0, steps 200
WARNING:root:train episode 779 : reward 200.0, steps 200
WARNING:root:train episode 780 : reward 200.0, steps 200
WARNING:root:train episode 781 : reward 132.0, steps 132
WARNING:root:train episode 782 : reward 178.0, steps 178
WARNING:root:train episode 783 : reward 119.0, steps 119
WARNING:root:train episode 784 : reward 168.0, steps 168
WARNING:root:train episode 785 : reward 200.0, steps 200
WARNING:root:train episode 786 : reward 200.0, steps 200
WARNING:root:train episode 787 : reward 200.0, steps 200
WARNING:root:train episode 788 : reward 151.0, steps 151
WARNING:root:train episode 789 : reward 200.0, steps 200
WARNING:root:train episode 790 : reward 200.0, steps 200
WARNING:root:train episode 791 : reward 200.0, steps 200
WARNING:root:train episode 792 : reward 200.0, steps 200
WARNING:root:train episode 793 : reward 200.0, steps 200
WARNING:root:train episode 794 : reward 200.0, steps 200
WARNING:root:train episode 795 : reward 200.0, steps 200
WARNING:root:train episode 796 : reward 200.0, steps 200
WARNING:root:train episode 797 : reward 200.0, steps 200
WARNING:root:train episode 798 : reward 200.0, steps 200
WARNING:root:train episode 799 : reward 200.0, steps 200
WARNING:root:train episode 800 : reward 200.0, steps 200
WARNING:root:train episode 801 : reward 200.0, steps 200
WARNING:root:evaluate 5 episodes : e_greedy 0.01, reward 200.0
WARNING:root:train episode 802 : reward 200.0, steps 200
WARNING:root:train episode 803 : reward 200.0, steps 200
WARNING:root:train episode 804 : reward 200.0, steps 200
WARNING:root:train episode 805 : reward 200.0, steps 200
WARNING:root:train episode 806 : reward 200.0, steps 200
WARNING:root:train episode 807 : reward 200.0, steps 200
WARNING:root:train episode 808 : reward 200.0, steps 200
WARNING:root:train episode 809 : reward 200.0, steps 200
WARNING:root:train episode 810 : reward 200.0, steps 200
WARNING:root:train episode 811 : reward 200.0, steps 200
WARNING:root:train episode 812 : reward 200.0, steps 200
WARNING:root:train episode 813 : reward 200.0, steps 200
WARNING:root:train episode 814 : reward 200.0, steps 200
WARNING:root:train episode 815 : reward 200.0, steps 200
WARNING:root:train episode 816 : reward 200.0, steps 200
WARNING:root:train episode 817 : reward 200.0, steps 200
WARNING:root:train episode 818 : reward 200.0, steps 200
WARNING:root:train episode 819 : reward 200.0, steps 200
WARNING:root:train episode 820 : reward 200.0, steps 200
WARNING:root:train episode 821 : reward 200.0, steps 200
WARNING:root:train episode 822 : reward 200.0, steps 200
WARNING:root:train episode 823 : reward 200.0, steps 200
WARNING:root:train episode 824 : reward 200.0, steps 200
WARNING:root:train episode 825 : reward 200.0, steps 200
WARNING:root:train episode 826 : reward 200.0, steps 200
WARNING:root:train episode 827 : reward 200.0, steps 200
WARNING:root:train episode 828 : reward 200.0, steps 200
WARNING:root:train episode 829 : reward 200.0, steps 200
WARNING:root:train episode 830 : reward 200.0, steps 200
WARNING:root:train episode 831 : reward 200.0, steps 200
WARNING:root:train episode 832 : reward 200.0, steps 200
WARNING:root:train episode 833 : reward 200.0, steps 200
WARNING:root:train episode 834 : reward 200.0, steps 200
WARNING:root:train episode 835 : reward 200.0, steps 200
WARNING:root:train episode 836 : reward 200.0, steps 200
WARNING:root:train episode 837 : reward 200.0, steps 200
WARNING:root:train episode 838 : reward 200.0, steps 200
WARNING:root:train episode 839 : reward 200.0, steps 200
WARNING:root:train episode 840 : reward 200.0, steps 200
WARNING:root:train episode 841 : reward 200.0, steps 200
WARNING:root:train episode 842 : reward 200.0, steps 200
WARNING:root:train episode 843 : reward 200.0, steps 200
WARNING:root:train episode 844 : reward 200.0, steps 200
WARNING:root:train episode 845 : reward 200.0, steps 200
WARNING:root:train episode 846 : reward 200.0, steps 200
WARNING:root:train episode 847 : reward 200.0, steps 200
WARNING:root:train episode 848 : reward 200.0, steps 200
WARNING:root:train episode 849 : reward 200.0, steps 200
WARNING:root:train episode 850 : reward 200.0, steps 200
WARNING:root:train episode 851 : reward 200.0, steps 200
WARNING:root:evaluate 5 episodes : e_greedy 0.01, reward 200.0
WARNING:root:train episode 852 : reward 200.0, steps 200
WARNING:root:train episode 853 : reward 200.0, steps 200
WARNING:root:train episode 854 : reward 200.0, steps 200
WARNING:root:train episode 855 : reward 200.0, steps 200
WARNING:root:train episode 856 : reward 193.0, steps 193
WARNING:root:train episode 857 : reward 200.0, steps 200
WARNING:root:train episode 858 : reward 178.0, steps 178
WARNING:root:train episode 859 : reward 200.0, steps 200
WARNING:root:train episode 860 : reward 200.0, steps 200
WARNING:root:train episode 861 : reward 200.0, steps 200
WARNING:root:train episode 862 : reward 200.0, steps 200
WARNING:root:train episode 863 : reward 200.0, steps 200
WARNING:root:train episode 864 : reward 200.0, steps 200
WARNING:root:train episode 865 : reward 200.0, steps 200
WARNING:root:train episode 866 : reward 200.0, steps 200
WARNING:root:train episode 867 : reward 147.0, steps 147
WARNING:root:train episode 868 : reward 196.0, steps 196
WARNING:root:train episode 869 : reward 200.0, steps 200
WARNING:root:train episode 870 : reward 200.0, steps 200
WARNING:root:train episode 871 : reward 200.0, steps 200
WARNING:root:train episode 872 : reward 200.0, steps 200
WARNING:root:train episode 873 : reward 200.0, steps 200
WARNING:root:train episode 874 : reward 166.0, steps 166
WARNING:root:train episode 875 : reward 200.0, steps 200
WARNING:root:train episode 876 : reward 172.0, steps 172
WARNING:root:train episode 877 : reward 200.0, steps 200
WARNING:root:train episode 878 : reward 200.0, steps 200
WARNING:root:train episode 879 : reward 200.0, steps 200
WARNING:root:train episode 880 : reward 200.0, steps 200
WARNING:root:train episode 881 : reward 200.0, steps 200
WARNING:root:train episode 882 : reward 186.0, steps 186
WARNING:root:train episode 883 : reward 200.0, steps 200
WARNING:root:train episode 884 : reward 200.0, steps 200
WARNING:root:train episode 885 : reward 200.0, steps 200
WARNING:root:train episode 886 : reward 200.0, steps 200
WARNING:root:train episode 887 : reward 200.0, steps 200
WARNING:root:train episode 888 : reward 200.0, steps 200
WARNING:root:train episode 889 : reward 200.0, steps 200
WARNING:root:train episode 890 : reward 200.0, steps 200
WARNING:root:train episode 891 : reward 200.0, steps 200
WARNING:root:train episode 892 : reward 191.0, steps 191
WARNING:root:train episode 893 : reward 200.0, steps 200
WARNING:root:train episode 894 : reward 200.0, steps 200
WARNING:root:train episode 895 : reward 200.0, steps 200
WARNING:root:train episode 896 : reward 154.0, steps 154
WARNING:root:train episode 897 : reward 154.0, steps 154
WARNING:root:train episode 898 : reward 154.0, steps 154
WARNING:root:train episode 899 : reward 145.0, steps 145
WARNING:root:train episode 900 : reward 200.0, steps 200
WARNING:root:train episode 901 : reward 200.0, steps 200
WARNING:root:evaluate 5 episodes : e_greedy 0.01, reward 200.0
WARNING:root:train episode 902 : reward 200.0, steps 200
WARNING:root:train episode 903 : reward 151.0, steps 151
WARNING:root:train episode 904 : reward 200.0, steps 200
WARNING:root:train episode 905 : reward 200.0, steps 200
WARNING:root:train episode 906 : reward 200.0, steps 200
WARNING:root:train episode 907 : reward 200.0, steps 200
WARNING:root:train episode 908 : reward 200.0, steps 200
WARNING:root:train episode 909 : reward 200.0, steps 200
WARNING:root:train episode 910 : reward 198.0, steps 198
WARNING:root:train episode 911 : reward 200.0, steps 200
WARNING:root:train episode 912 : reward 200.0, steps 200
WARNING:root:train episode 913 : reward 193.0, steps 193
WARNING:root:train episode 914 : reward 200.0, steps 200
WARNING:root:train episode 915 : reward 155.0, steps 155
WARNING:root:train episode 916 : reward 200.0, steps 200
WARNING:root:train episode 917 : reward 119.0, steps 119
WARNING:root:train episode 918 : reward 175.0, steps 175
WARNING:root:train episode 919 : reward 200.0, steps 200
WARNING:root:train episode 920 : reward 138.0, steps 138
WARNING:root:train episode 921 : reward 193.0, steps 193
WARNING:root:train episode 922 : reward 200.0, steps 200
WARNING:root:train episode 923 : reward 197.0, steps 197
WARNING:root:train episode 924 : reward 200.0, steps 200
WARNING:root:train episode 925 : reward 127.0, steps 127
WARNING:root:train episode 926 : reward 138.0, steps 138
WARNING:root:train episode 927 : reward 152.0, steps 152
WARNING:root:train episode 928 : reward 182.0, steps 182
WARNING:root:train episode 929 : reward 200.0, steps 200
WARNING:root:train episode 930 : reward 200.0, steps 200
WARNING:root:train episode 931 : reward 200.0, steps 200
WARNING:root:train episode 932 : reward 200.0, steps 200
WARNING:root:train episode 933 : reward 200.0, steps 200
WARNING:root:train episode 934 : reward 200.0, steps 200
WARNING:root:train episode 935 : reward 200.0, steps 200
WARNING:root:train episode 936 : reward 200.0, steps 200
WARNING:root:train episode 937 : reward 200.0, steps 200
WARNING:root:train episode 938 : reward 200.0, steps 200
WARNING:root:train episode 939 : reward 200.0, steps 200
WARNING:root:train episode 940 : reward 200.0, steps 200
WARNING:root:train episode 941 : reward 200.0, steps 200
WARNING:root:train episode 942 : reward 200.0, steps 200
WARNING:root:train episode 943 : reward 200.0, steps 200
WARNING:root:train episode 944 : reward 161.0, steps 161
WARNING:root:train episode 945 : reward 173.0, steps 173
WARNING:root:train episode 946 : reward 185.0, steps 185
WARNING:root:train episode 947 : reward 189.0, steps 189
WARNING:root:train episode 948 : reward 175.0, steps 175
WARNING:root:train episode 949 : reward 200.0, steps 200
WARNING:root:train episode 950 : reward 180.0, steps 180
WARNING:root:train episode 951 : reward 191.0, steps 191
WARNING:root:evaluate 5 episodes : e_greedy 0.01, reward 192.2
WARNING:root:train episode 952 : reward 186.0, steps 186
WARNING:root:train episode 953 : reward 200.0, steps 200
WARNING:root:train episode 954 : reward 197.0, steps 197
WARNING:root:train episode 955 : reward 200.0, steps 200
WARNING:root:train episode 956 : reward 200.0, steps 200
WARNING:root:train episode 957 : reward 200.0, steps 200
WARNING:root:train episode 958 : reward 200.0, steps 200
WARNING:root:train episode 959 : reward 200.0, steps 200
WARNING:root:train episode 960 : reward 200.0, steps 200
WARNING:root:train episode 961 : reward 200.0, steps 200
WARNING:root:train episode 962 : reward 200.0, steps 200
WARNING:root:train episode 963 : reward 200.0, steps 200
WARNING:root:train episode 964 : reward 200.0, steps 200
WARNING:root:train episode 965 : reward 200.0, steps 200
WARNING:root:train episode 966 : reward 191.0, steps 191
WARNING:root:train episode 967 : reward 200.0, steps 200
WARNING:root:train episode 968 : reward 196.0, steps 196
WARNING:root:train episode 969 : reward 200.0, steps 200
WARNING:root:train episode 970 : reward 200.0, steps 200
WARNING:root:train episode 971 : reward 200.0, steps 200
WARNING:root:train episode 972 : reward 200.0, steps 200
WARNING:root:train episode 973 : reward 200.0, steps 200
WARNING:root:train episode 974 : reward 200.0, steps 200
WARNING:root:train episode 975 : reward 200.0, steps 200
WARNING:root:train episode 976 : reward 200.0, steps 200
WARNING:root:train episode 977 : reward 200.0, steps 200
WARNING:root:train episode 978 : reward 200.0, steps 200
WARNING:root:train episode 979 : reward 200.0, steps 200
WARNING:root:train episode 980 : reward 200.0, steps 200
WARNING:root:train episode 981 : reward 81.0, steps 81
WARNING:root:train episode 982 : reward 57.0, steps 57
WARNING:root:train episode 983 : reward 101.0, steps 101
WARNING:root:train episode 984 : reward 122.0, steps 122
WARNING:root:train episode 985 : reward 105.0, steps 105
WARNING:root:train episode 986 : reward 40.0, steps 40
WARNING:root:train episode 987 : reward 105.0, steps 105
WARNING:root:train episode 988 : reward 41.0, steps 41
WARNING:root:train episode 989 : reward 91.0, steps 91
WARNING:root:train episode 990 : reward 81.0, steps 81
WARNING:root:train episode 991 : reward 200.0, steps 200
WARNING:root:train episode 992 : reward 200.0, steps 200
WARNING:root:train episode 993 : reward 200.0, steps 200
WARNING:root:train episode 994 : reward 200.0, steps 200
WARNING:root:train episode 995 : reward 200.0, steps 200
WARNING:root:train episode 996 : reward 200.0, steps 200
WARNING:root:train episode 997 : reward 200.0, steps 200
WARNING:root:train episode 998 : reward 200.0, steps 200
WARNING:root:train episode 999 : reward 200.0, steps 200
WARNING:root:train episode 1000 : reward 200.0, steps 200
