WARNING:root:DQN trained on MountainCar-v0
WARNING:root:{'LEARN_FREQ': 3, 'MEMORY_SIZE': 20000, 'MEMORY_WARMUP_SIZE': 300, 'BATCH_SIZE': 64, 'LEARNING_RATE': 0.001, 'GAMMA': 0.99, 'E_GREEDY': 0.1, 'E_GREEDY_DECREMENT': 1e-06, 'max_episode': 1000}
WARNING:root:train episode 1 : reward -200.0, steps 200
WARNING:root:evaluate 5 episodes : e_greedy 0.0993999999999994, reward -200.0
WARNING:root:train episode 2 : reward -200.0, steps 200
WARNING:root:train episode 3 : reward -200.0, steps 200
WARNING:root:train episode 4 : reward -200.0, steps 200
WARNING:root:train episode 5 : reward -200.0, steps 200
WARNING:root:train episode 6 : reward -200.0, steps 200
WARNING:root:train episode 7 : reward -200.0, steps 200
WARNING:root:train episode 8 : reward -200.0, steps 200
WARNING:root:train episode 9 : reward -200.0, steps 200
WARNING:root:train episode 10 : reward -200.0, steps 200
WARNING:root:train episode 11 : reward -200.0, steps 200
WARNING:root:train episode 12 : reward -200.0, steps 200
WARNING:root:train episode 13 : reward -200.0, steps 200
WARNING:root:train episode 14 : reward -161.0, steps 161
WARNING:root:train episode 15 : reward -200.0, steps 200
WARNING:root:train episode 16 : reward -189.0, steps 189
WARNING:root:train episode 17 : reward -200.0, steps 200
WARNING:root:train episode 18 : reward -200.0, steps 200
WARNING:root:train episode 19 : reward -200.0, steps 200
WARNING:root:train episode 20 : reward -200.0, steps 200
WARNING:root:train episode 21 : reward -200.0, steps 200
WARNING:root:train episode 22 : reward -200.0, steps 200
WARNING:root:train episode 23 : reward -175.0, steps 175
WARNING:root:train episode 24 : reward -200.0, steps 200
WARNING:root:train episode 25 : reward -200.0, steps 200
WARNING:root:train episode 26 : reward -188.0, steps 188
WARNING:root:train episode 27 : reward -200.0, steps 200
WARNING:root:train episode 28 : reward -200.0, steps 200
WARNING:root:train episode 29 : reward -200.0, steps 200
WARNING:root:train episode 30 : reward -200.0, steps 200
WARNING:root:train episode 31 : reward -200.0, steps 200
WARNING:root:train episode 32 : reward -200.0, steps 200
WARNING:root:train episode 33 : reward -194.0, steps 194
WARNING:root:train episode 34 : reward -200.0, steps 200
WARNING:root:train episode 35 : reward -200.0, steps 200
WARNING:root:train episode 36 : reward -200.0, steps 200
WARNING:root:train episode 37 : reward -200.0, steps 200
WARNING:root:train episode 38 : reward -127.0, steps 127
WARNING:root:train episode 39 : reward -200.0, steps 200
WARNING:root:train episode 40 : reward -141.0, steps 141
WARNING:root:train episode 41 : reward -200.0, steps 200
WARNING:root:train episode 42 : reward -200.0, steps 200
WARNING:root:train episode 43 : reward -184.0, steps 184
WARNING:root:train episode 44 : reward -200.0, steps 200
WARNING:root:train episode 45 : reward -200.0, steps 200
WARNING:root:train episode 46 : reward -200.0, steps 200
WARNING:root:train episode 47 : reward -200.0, steps 200
WARNING:root:train episode 48 : reward -200.0, steps 200
WARNING:root:train episode 49 : reward -198.0, steps 198
WARNING:root:train episode 50 : reward -200.0, steps 200
WARNING:root:train episode 51 : reward -200.0, steps 200
WARNING:root:evaluate 5 episodes : e_greedy 0.08964299999998965, reward -200.0
WARNING:root:train episode 52 : reward -144.0, steps 144
WARNING:root:train episode 53 : reward -165.0, steps 165
WARNING:root:train episode 54 : reward -200.0, steps 200
WARNING:root:train episode 55 : reward -200.0, steps 200
WARNING:root:train episode 56 : reward -200.0, steps 200
WARNING:root:train episode 57 : reward -142.0, steps 142
WARNING:root:train episode 58 : reward -200.0, steps 200
WARNING:root:train episode 59 : reward -200.0, steps 200
WARNING:root:train episode 60 : reward -146.0, steps 146
WARNING:root:train episode 61 : reward -200.0, steps 200
WARNING:root:train episode 62 : reward -195.0, steps 195
WARNING:root:train episode 63 : reward -200.0, steps 200
WARNING:root:train episode 64 : reward -200.0, steps 200
WARNING:root:train episode 65 : reward -200.0, steps 200
WARNING:root:train episode 66 : reward -200.0, steps 200
WARNING:root:train episode 67 : reward -200.0, steps 200
WARNING:root:train episode 68 : reward -200.0, steps 200
WARNING:root:train episode 69 : reward -200.0, steps 200
WARNING:root:train episode 70 : reward -200.0, steps 200
WARNING:root:train episode 71 : reward -134.0, steps 134
WARNING:root:train episode 72 : reward -200.0, steps 200
WARNING:root:train episode 73 : reward -200.0, steps 200
WARNING:root:train episode 74 : reward -200.0, steps 200
WARNING:root:train episode 75 : reward -200.0, steps 200
WARNING:root:train episode 76 : reward -200.0, steps 200
WARNING:root:train episode 77 : reward -200.0, steps 200
WARNING:root:train episode 78 : reward -200.0, steps 200
WARNING:root:train episode 79 : reward -200.0, steps 200
WARNING:root:train episode 80 : reward -166.0, steps 166
WARNING:root:train episode 81 : reward -179.0, steps 179
WARNING:root:train episode 82 : reward -150.0, steps 150
WARNING:root:train episode 83 : reward -185.0, steps 185
WARNING:root:train episode 84 : reward -196.0, steps 196
WARNING:root:train episode 85 : reward -200.0, steps 200
WARNING:root:train episode 86 : reward -130.0, steps 130
WARNING:root:train episode 87 : reward -200.0, steps 200
WARNING:root:train episode 88 : reward -200.0, steps 200
WARNING:root:train episode 89 : reward -200.0, steps 200
WARNING:root:train episode 90 : reward -158.0, steps 158
WARNING:root:train episode 91 : reward -200.0, steps 200
WARNING:root:train episode 92 : reward -200.0, steps 200
WARNING:root:train episode 93 : reward -200.0, steps 200
WARNING:root:train episode 94 : reward -200.0, steps 200
WARNING:root:train episode 95 : reward -147.0, steps 147
WARNING:root:train episode 96 : reward -197.0, steps 197
WARNING:root:train episode 97 : reward -116.0, steps 116
WARNING:root:train episode 98 : reward -154.0, steps 154
WARNING:root:train episode 99 : reward -200.0, steps 200
WARNING:root:train episode 100 : reward -200.0, steps 200
WARNING:root:train episode 101 : reward -200.0, steps 200
WARNING:root:evaluate 5 episodes : e_greedy 0.08033899999998034, reward -200.0
WARNING:root:train episode 102 : reward -200.0, steps 200
WARNING:root:train episode 103 : reward -200.0, steps 200
WARNING:root:train episode 104 : reward -200.0, steps 200
WARNING:root:train episode 105 : reward -121.0, steps 121
WARNING:root:train episode 106 : reward -200.0, steps 200
WARNING:root:train episode 107 : reward -185.0, steps 185
WARNING:root:train episode 108 : reward -200.0, steps 200
WARNING:root:train episode 109 : reward -200.0, steps 200
WARNING:root:train episode 110 : reward -200.0, steps 200
WARNING:root:train episode 111 : reward -200.0, steps 200
WARNING:root:train episode 112 : reward -200.0, steps 200
WARNING:root:train episode 113 : reward -200.0, steps 200
WARNING:root:train episode 114 : reward -200.0, steps 200
WARNING:root:train episode 115 : reward -200.0, steps 200
WARNING:root:train episode 116 : reward -200.0, steps 200
WARNING:root:train episode 117 : reward -200.0, steps 200
WARNING:root:train episode 118 : reward -165.0, steps 165
WARNING:root:train episode 119 : reward -121.0, steps 121
WARNING:root:train episode 120 : reward -200.0, steps 200
WARNING:root:train episode 121 : reward -200.0, steps 200
WARNING:root:train episode 122 : reward -89.0, steps 89
WARNING:root:train episode 123 : reward -200.0, steps 200
WARNING:root:train episode 124 : reward -200.0, steps 200
WARNING:root:train episode 125 : reward -118.0, steps 118
WARNING:root:train episode 126 : reward -200.0, steps 200
WARNING:root:train episode 127 : reward -200.0, steps 200
WARNING:root:train episode 128 : reward -200.0, steps 200
WARNING:root:train episode 129 : reward -200.0, steps 200
WARNING:root:train episode 130 : reward -200.0, steps 200
WARNING:root:train episode 131 : reward -118.0, steps 118
WARNING:root:train episode 132 : reward -200.0, steps 200
WARNING:root:train episode 133 : reward -200.0, steps 200
WARNING:root:train episode 134 : reward -200.0, steps 200
WARNING:root:train episode 135 : reward -200.0, steps 200
WARNING:root:train episode 136 : reward -200.0, steps 200
WARNING:root:train episode 137 : reward -195.0, steps 195
WARNING:root:train episode 138 : reward -173.0, steps 173
WARNING:root:train episode 139 : reward -200.0, steps 200
WARNING:root:train episode 140 : reward -200.0, steps 200
WARNING:root:train episode 141 : reward -200.0, steps 200
WARNING:root:train episode 142 : reward -185.0, steps 185
WARNING:root:train episode 143 : reward -187.0, steps 187
WARNING:root:train episode 144 : reward -200.0, steps 200
WARNING:root:train episode 145 : reward -200.0, steps 200
WARNING:root:train episode 146 : reward -200.0, steps 200
WARNING:root:train episode 147 : reward -200.0, steps 200
WARNING:root:train episode 148 : reward -200.0, steps 200
WARNING:root:train episode 149 : reward -200.0, steps 200
WARNING:root:train episode 150 : reward -180.0, steps 180
WARNING:root:train episode 151 : reward -200.0, steps 200
WARNING:root:evaluate 5 episodes : e_greedy 0.0709019999999709, reward -200.0
WARNING:root:train episode 152 : reward -200.0, steps 200
WARNING:root:train episode 153 : reward -200.0, steps 200
WARNING:root:train episode 154 : reward -200.0, steps 200
WARNING:root:train episode 155 : reward -200.0, steps 200
WARNING:root:train episode 156 : reward -200.0, steps 200
WARNING:root:train episode 157 : reward -146.0, steps 146
WARNING:root:train episode 158 : reward -182.0, steps 182
WARNING:root:train episode 159 : reward -188.0, steps 188
WARNING:root:train episode 160 : reward -200.0, steps 200
WARNING:root:train episode 161 : reward -200.0, steps 200
WARNING:root:train episode 162 : reward -200.0, steps 200
WARNING:root:train episode 163 : reward -168.0, steps 168
WARNING:root:train episode 164 : reward -200.0, steps 200
WARNING:root:train episode 165 : reward -200.0, steps 200
WARNING:root:train episode 166 : reward -200.0, steps 200
WARNING:root:train episode 167 : reward -200.0, steps 200
WARNING:root:train episode 168 : reward -137.0, steps 137
WARNING:root:train episode 169 : reward -189.0, steps 189
WARNING:root:train episode 170 : reward -200.0, steps 200
WARNING:root:train episode 171 : reward -200.0, steps 200
WARNING:root:train episode 172 : reward -141.0, steps 141
WARNING:root:train episode 173 : reward -125.0, steps 125
WARNING:root:train episode 174 : reward -200.0, steps 200
WARNING:root:train episode 175 : reward -200.0, steps 200
WARNING:root:train episode 176 : reward -169.0, steps 169
WARNING:root:train episode 177 : reward -113.0, steps 113
WARNING:root:train episode 178 : reward -200.0, steps 200
WARNING:root:train episode 179 : reward -200.0, steps 200
WARNING:root:train episode 180 : reward -200.0, steps 200
WARNING:root:train episode 181 : reward -124.0, steps 124
WARNING:root:train episode 182 : reward -200.0, steps 200
WARNING:root:train episode 183 : reward -135.0, steps 135
WARNING:root:train episode 184 : reward -105.0, steps 105
WARNING:root:train episode 185 : reward -137.0, steps 137
WARNING:root:train episode 186 : reward -200.0, steps 200
WARNING:root:train episode 187 : reward -200.0, steps 200
WARNING:root:train episode 188 : reward -200.0, steps 200
WARNING:root:train episode 189 : reward -200.0, steps 200
WARNING:root:train episode 190 : reward -138.0, steps 138
WARNING:root:train episode 191 : reward -113.0, steps 113
WARNING:root:train episode 192 : reward -200.0, steps 200
WARNING:root:train episode 193 : reward -200.0, steps 200
WARNING:root:train episode 194 : reward -200.0, steps 200
WARNING:root:train episode 195 : reward -112.0, steps 112
WARNING:root:train episode 196 : reward -200.0, steps 200
WARNING:root:train episode 197 : reward -200.0, steps 200
WARNING:root:train episode 198 : reward -200.0, steps 200
WARNING:root:train episode 199 : reward -200.0, steps 200
WARNING:root:train episode 200 : reward -200.0, steps 200
WARNING:root:train episode 201 : reward -119.0, steps 119
WARNING:root:evaluate 5 episodes : e_greedy 0.06196099999996196, reward -200.0
WARNING:root:train episode 202 : reward -200.0, steps 200
WARNING:root:train episode 203 : reward -108.0, steps 108
WARNING:root:train episode 204 : reward -200.0, steps 200
WARNING:root:train episode 205 : reward -200.0, steps 200
WARNING:root:train episode 206 : reward -192.0, steps 192
WARNING:root:train episode 207 : reward -185.0, steps 185
WARNING:root:train episode 208 : reward -127.0, steps 127
WARNING:root:train episode 209 : reward -200.0, steps 200
WARNING:root:train episode 210 : reward -200.0, steps 200
WARNING:root:train episode 211 : reward -200.0, steps 200
WARNING:root:train episode 212 : reward -198.0, steps 198
WARNING:root:train episode 213 : reward -195.0, steps 195
WARNING:root:train episode 214 : reward -200.0, steps 200
WARNING:root:train episode 215 : reward -200.0, steps 200
WARNING:root:train episode 216 : reward -179.0, steps 179
WARNING:root:train episode 217 : reward -199.0, steps 199
WARNING:root:train episode 218 : reward -200.0, steps 200
WARNING:root:train episode 219 : reward -200.0, steps 200
WARNING:root:train episode 220 : reward -200.0, steps 200
WARNING:root:train episode 221 : reward -144.0, steps 144
WARNING:root:train episode 222 : reward -122.0, steps 122
WARNING:root:train episode 223 : reward -200.0, steps 200
WARNING:root:train episode 224 : reward -160.0, steps 160
WARNING:root:train episode 225 : reward -200.0, steps 200
WARNING:root:train episode 226 : reward -200.0, steps 200
WARNING:root:train episode 227 : reward -200.0, steps 200
WARNING:root:train episode 228 : reward -200.0, steps 200
WARNING:root:train episode 229 : reward -200.0, steps 200
WARNING:root:train episode 230 : reward -200.0, steps 200
WARNING:root:train episode 231 : reward -192.0, steps 192
WARNING:root:train episode 232 : reward -200.0, steps 200
WARNING:root:train episode 233 : reward -200.0, steps 200
WARNING:root:train episode 234 : reward -183.0, steps 183
WARNING:root:train episode 235 : reward -151.0, steps 151
WARNING:root:train episode 236 : reward -200.0, steps 200
WARNING:root:train episode 237 : reward -93.0, steps 93
WARNING:root:train episode 238 : reward -200.0, steps 200
WARNING:root:train episode 239 : reward -175.0, steps 175
WARNING:root:train episode 240 : reward -153.0, steps 153
WARNING:root:train episode 241 : reward -120.0, steps 120
WARNING:root:train episode 242 : reward -200.0, steps 200
WARNING:root:train episode 243 : reward -152.0, steps 152
WARNING:root:train episode 244 : reward -200.0, steps 200
WARNING:root:train episode 245 : reward -200.0, steps 200
WARNING:root:train episode 246 : reward -125.0, steps 125
WARNING:root:train episode 247 : reward -101.0, steps 101
WARNING:root:train episode 248 : reward -200.0, steps 200
WARNING:root:train episode 249 : reward -200.0, steps 200
WARNING:root:train episode 250 : reward -200.0, steps 200
WARNING:root:train episode 251 : reward -178.0, steps 178
WARNING:root:evaluate 5 episodes : e_greedy 0.05292899999995293, reward -200.0
WARNING:root:train episode 252 : reward -179.0, steps 179
WARNING:root:train episode 253 : reward -200.0, steps 200
WARNING:root:train episode 254 : reward -196.0, steps 196
WARNING:root:train episode 255 : reward -99.0, steps 99
WARNING:root:train episode 256 : reward -200.0, steps 200
WARNING:root:train episode 257 : reward -106.0, steps 106
WARNING:root:train episode 258 : reward -176.0, steps 176
WARNING:root:train episode 259 : reward -126.0, steps 126
WARNING:root:train episode 260 : reward -200.0, steps 200
WARNING:root:train episode 261 : reward -175.0, steps 175
WARNING:root:train episode 262 : reward -183.0, steps 183
WARNING:root:train episode 263 : reward -187.0, steps 187
WARNING:root:train episode 264 : reward -200.0, steps 200
WARNING:root:train episode 265 : reward -89.0, steps 89
WARNING:root:train episode 266 : reward -195.0, steps 195
WARNING:root:train episode 267 : reward -200.0, steps 200
WARNING:root:train episode 268 : reward -156.0, steps 156
WARNING:root:train episode 269 : reward -132.0, steps 132
WARNING:root:train episode 270 : reward -200.0, steps 200
WARNING:root:train episode 271 : reward -200.0, steps 200
WARNING:root:train episode 272 : reward -200.0, steps 200
WARNING:root:train episode 273 : reward -149.0, steps 149
WARNING:root:train episode 274 : reward -101.0, steps 101
WARNING:root:train episode 275 : reward -165.0, steps 165
WARNING:root:train episode 276 : reward -88.0, steps 88
WARNING:root:train episode 277 : reward -178.0, steps 178
WARNING:root:train episode 278 : reward -200.0, steps 200
WARNING:root:train episode 279 : reward -152.0, steps 152
WARNING:root:train episode 280 : reward -200.0, steps 200
WARNING:root:train episode 281 : reward -171.0, steps 171
WARNING:root:train episode 282 : reward -200.0, steps 200
WARNING:root:train episode 283 : reward -200.0, steps 200
WARNING:root:train episode 284 : reward -200.0, steps 200
WARNING:root:train episode 285 : reward -200.0, steps 200
WARNING:root:train episode 286 : reward -200.0, steps 200
WARNING:root:train episode 287 : reward -143.0, steps 143
WARNING:root:train episode 288 : reward -179.0, steps 179
WARNING:root:train episode 289 : reward -200.0, steps 200
WARNING:root:train episode 290 : reward -200.0, steps 200
WARNING:root:train episode 291 : reward -200.0, steps 200
WARNING:root:train episode 292 : reward -141.0, steps 141
WARNING:root:train episode 293 : reward -130.0, steps 130
WARNING:root:train episode 294 : reward -200.0, steps 200
WARNING:root:train episode 295 : reward -200.0, steps 200
WARNING:root:train episode 296 : reward -178.0, steps 178
WARNING:root:train episode 297 : reward -188.0, steps 188
WARNING:root:train episode 298 : reward -200.0, steps 200
WARNING:root:train episode 299 : reward -200.0, steps 200
WARNING:root:train episode 300 : reward -176.0, steps 176
WARNING:root:train episode 301 : reward -200.0, steps 200
WARNING:root:evaluate 5 episodes : e_greedy 0.04419099999994419, reward -149.0
WARNING:root:train episode 302 : reward -200.0, steps 200
WARNING:root:train episode 303 : reward -156.0, steps 156
WARNING:root:train episode 304 : reward -200.0, steps 200
WARNING:root:train episode 305 : reward -163.0, steps 163
WARNING:root:train episode 306 : reward -187.0, steps 187
WARNING:root:train episode 307 : reward -200.0, steps 200
WARNING:root:train episode 308 : reward -127.0, steps 127
WARNING:root:train episode 309 : reward -191.0, steps 191
WARNING:root:train episode 310 : reward -161.0, steps 161
WARNING:root:train episode 311 : reward -196.0, steps 196
WARNING:root:train episode 312 : reward -138.0, steps 138
WARNING:root:train episode 313 : reward -159.0, steps 159
WARNING:root:train episode 314 : reward -155.0, steps 155
WARNING:root:train episode 315 : reward -169.0, steps 169
WARNING:root:train episode 316 : reward -181.0, steps 181
WARNING:root:train episode 317 : reward -170.0, steps 170
WARNING:root:train episode 318 : reward -107.0, steps 107
WARNING:root:train episode 319 : reward -200.0, steps 200
WARNING:root:train episode 320 : reward -200.0, steps 200
WARNING:root:train episode 321 : reward -109.0, steps 109
WARNING:root:train episode 322 : reward -200.0, steps 200
WARNING:root:train episode 323 : reward -89.0, steps 89
WARNING:root:train episode 324 : reward -98.0, steps 98
WARNING:root:train episode 325 : reward -189.0, steps 189
WARNING:root:train episode 326 : reward -188.0, steps 188
WARNING:root:train episode 327 : reward -163.0, steps 163
WARNING:root:train episode 328 : reward -184.0, steps 184
WARNING:root:train episode 329 : reward -191.0, steps 191
WARNING:root:train episode 330 : reward -200.0, steps 200
WARNING:root:train episode 331 : reward -166.0, steps 166
WARNING:root:train episode 332 : reward -105.0, steps 105
WARNING:root:train episode 333 : reward -149.0, steps 149
WARNING:root:train episode 334 : reward -200.0, steps 200
WARNING:root:train episode 335 : reward -200.0, steps 200
WARNING:root:train episode 336 : reward -182.0, steps 182
WARNING:root:train episode 337 : reward -200.0, steps 200
WARNING:root:train episode 338 : reward -179.0, steps 179
WARNING:root:train episode 339 : reward -200.0, steps 200
WARNING:root:train episode 340 : reward -168.0, steps 168
WARNING:root:train episode 341 : reward -136.0, steps 136
WARNING:root:train episode 342 : reward -200.0, steps 200
WARNING:root:train episode 343 : reward -200.0, steps 200
WARNING:root:train episode 344 : reward -179.0, steps 179
WARNING:root:train episode 345 : reward -149.0, steps 149
WARNING:root:train episode 346 : reward -175.0, steps 175
WARNING:root:train episode 347 : reward -200.0, steps 200
WARNING:root:train episode 348 : reward -200.0, steps 200
WARNING:root:train episode 349 : reward -164.0, steps 164
WARNING:root:train episode 350 : reward -200.0, steps 200
WARNING:root:train episode 351 : reward -175.0, steps 175
WARNING:root:evaluate 5 episodes : e_greedy 0.03559299999993559, reward -112.4
WARNING:root:train episode 352 : reward -166.0, steps 166
WARNING:root:train episode 353 : reward -169.0, steps 169
WARNING:root:train episode 354 : reward -200.0, steps 200
WARNING:root:train episode 355 : reward -184.0, steps 184
WARNING:root:train episode 356 : reward -151.0, steps 151
WARNING:root:train episode 357 : reward -200.0, steps 200
WARNING:root:train episode 358 : reward -156.0, steps 156
WARNING:root:train episode 359 : reward -149.0, steps 149
WARNING:root:train episode 360 : reward -200.0, steps 200
WARNING:root:train episode 361 : reward -200.0, steps 200
WARNING:root:train episode 362 : reward -185.0, steps 185
WARNING:root:train episode 363 : reward -187.0, steps 187
WARNING:root:train episode 364 : reward -175.0, steps 175
WARNING:root:train episode 365 : reward -200.0, steps 200
WARNING:root:train episode 366 : reward -200.0, steps 200
WARNING:root:train episode 367 : reward -200.0, steps 200
WARNING:root:train episode 368 : reward -176.0, steps 176
WARNING:root:train episode 369 : reward -200.0, steps 200
WARNING:root:train episode 370 : reward -200.0, steps 200
WARNING:root:train episode 371 : reward -181.0, steps 181
WARNING:root:train episode 372 : reward -200.0, steps 200
WARNING:root:train episode 373 : reward -200.0, steps 200
WARNING:root:train episode 374 : reward -174.0, steps 174
WARNING:root:train episode 375 : reward -200.0, steps 200
WARNING:root:train episode 376 : reward -140.0, steps 140
WARNING:root:train episode 377 : reward -200.0, steps 200
WARNING:root:train episode 378 : reward -200.0, steps 200
WARNING:root:train episode 379 : reward -200.0, steps 200
WARNING:root:train episode 380 : reward -200.0, steps 200
WARNING:root:train episode 381 : reward -164.0, steps 164
WARNING:root:train episode 382 : reward -152.0, steps 152
WARNING:root:train episode 383 : reward -162.0, steps 162
WARNING:root:train episode 384 : reward -91.0, steps 91
WARNING:root:train episode 385 : reward -200.0, steps 200
WARNING:root:train episode 386 : reward -200.0, steps 200
WARNING:root:train episode 387 : reward -109.0, steps 109
WARNING:root:train episode 388 : reward -200.0, steps 200
WARNING:root:train episode 389 : reward -200.0, steps 200
WARNING:root:train episode 390 : reward -172.0, steps 172
WARNING:root:train episode 391 : reward -200.0, steps 200
WARNING:root:train episode 392 : reward -200.0, steps 200
WARNING:root:train episode 393 : reward -200.0, steps 200
WARNING:root:train episode 394 : reward -200.0, steps 200
WARNING:root:train episode 395 : reward -200.0, steps 200
WARNING:root:train episode 396 : reward -200.0, steps 200
WARNING:root:train episode 397 : reward -200.0, steps 200
WARNING:root:train episode 398 : reward -200.0, steps 200
WARNING:root:train episode 399 : reward -169.0, steps 169
WARNING:root:train episode 400 : reward -178.0, steps 178
WARNING:root:train episode 401 : reward -200.0, steps 200
WARNING:root:evaluate 5 episodes : e_greedy 0.026402999999926402, reward -200.0
WARNING:root:train episode 402 : reward -91.0, steps 91
WARNING:root:train episode 403 : reward -200.0, steps 200
WARNING:root:train episode 404 : reward -101.0, steps 101
WARNING:root:train episode 405 : reward -200.0, steps 200
WARNING:root:train episode 406 : reward -196.0, steps 196
WARNING:root:train episode 407 : reward -200.0, steps 200
WARNING:root:train episode 408 : reward -200.0, steps 200
WARNING:root:train episode 409 : reward -200.0, steps 200
WARNING:root:train episode 410 : reward -200.0, steps 200
WARNING:root:train episode 411 : reward -131.0, steps 131
WARNING:root:train episode 412 : reward -184.0, steps 184
WARNING:root:train episode 413 : reward -200.0, steps 200
WARNING:root:train episode 414 : reward -200.0, steps 200
WARNING:root:train episode 415 : reward -152.0, steps 152
WARNING:root:train episode 416 : reward -200.0, steps 200
WARNING:root:train episode 417 : reward -88.0, steps 88
WARNING:root:train episode 418 : reward -159.0, steps 159
WARNING:root:train episode 419 : reward -200.0, steps 200
WARNING:root:train episode 420 : reward -200.0, steps 200
WARNING:root:train episode 421 : reward -195.0, steps 195
WARNING:root:train episode 422 : reward -180.0, steps 180
WARNING:root:train episode 423 : reward -200.0, steps 200
WARNING:root:train episode 424 : reward -200.0, steps 200
WARNING:root:train episode 425 : reward -163.0, steps 163
WARNING:root:train episode 426 : reward -200.0, steps 200
WARNING:root:train episode 427 : reward -200.0, steps 200
WARNING:root:train episode 428 : reward -200.0, steps 200
WARNING:root:train episode 429 : reward -200.0, steps 200
WARNING:root:train episode 430 : reward -200.0, steps 200
WARNING:root:train episode 431 : reward -200.0, steps 200
WARNING:root:train episode 432 : reward -200.0, steps 200
WARNING:root:train episode 433 : reward -141.0, steps 141
WARNING:root:train episode 434 : reward -156.0, steps 156
WARNING:root:train episode 435 : reward -200.0, steps 200
WARNING:root:train episode 436 : reward -85.0, steps 85
WARNING:root:train episode 437 : reward -186.0, steps 186
WARNING:root:train episode 438 : reward -180.0, steps 180
WARNING:root:train episode 439 : reward -197.0, steps 197
WARNING:root:train episode 440 : reward -200.0, steps 200
WARNING:root:train episode 441 : reward -147.0, steps 147
WARNING:root:train episode 442 : reward -200.0, steps 200
WARNING:root:train episode 443 : reward -200.0, steps 200
WARNING:root:train episode 444 : reward -198.0, steps 198
WARNING:root:train episode 445 : reward -200.0, steps 200
WARNING:root:train episode 446 : reward -200.0, steps 200
WARNING:root:train episode 447 : reward -200.0, steps 200
WARNING:root:train episode 448 : reward -151.0, steps 151
WARNING:root:train episode 449 : reward -200.0, steps 200
WARNING:root:train episode 450 : reward -200.0, steps 200
WARNING:root:train episode 451 : reward -148.0, steps 148
WARNING:root:evaluate 5 episodes : e_greedy 0.017373999999917372, reward -200.0
WARNING:root:train episode 452 : reward -200.0, steps 200
WARNING:root:train episode 453 : reward -107.0, steps 107
WARNING:root:train episode 454 : reward -200.0, steps 200
WARNING:root:train episode 455 : reward -200.0, steps 200
WARNING:root:train episode 456 : reward -86.0, steps 86
WARNING:root:train episode 457 : reward -200.0, steps 200
WARNING:root:train episode 458 : reward -167.0, steps 167
WARNING:root:train episode 459 : reward -200.0, steps 200
WARNING:root:train episode 460 : reward -200.0, steps 200
WARNING:root:train episode 461 : reward -200.0, steps 200
WARNING:root:train episode 462 : reward -200.0, steps 200
WARNING:root:train episode 463 : reward -192.0, steps 192
WARNING:root:train episode 464 : reward -200.0, steps 200
WARNING:root:train episode 465 : reward -115.0, steps 115
WARNING:root:train episode 466 : reward -200.0, steps 200
WARNING:root:train episode 467 : reward -155.0, steps 155
WARNING:root:train episode 468 : reward -200.0, steps 200
WARNING:root:train episode 469 : reward -187.0, steps 187
WARNING:root:train episode 470 : reward -162.0, steps 162
WARNING:root:train episode 471 : reward -137.0, steps 137
WARNING:root:train episode 472 : reward -200.0, steps 200
WARNING:root:train episode 473 : reward -200.0, steps 200
WARNING:root:train episode 474 : reward -164.0, steps 164
WARNING:root:train episode 475 : reward -200.0, steps 200
WARNING:root:train episode 476 : reward -200.0, steps 200
WARNING:root:train episode 477 : reward -200.0, steps 200
WARNING:root:train episode 478 : reward -200.0, steps 200
WARNING:root:train episode 479 : reward -159.0, steps 159
WARNING:root:train episode 480 : reward -200.0, steps 200
WARNING:root:train episode 481 : reward -174.0, steps 174
WARNING:root:train episode 482 : reward -200.0, steps 200
WARNING:root:train episode 483 : reward -88.0, steps 88
WARNING:root:train episode 484 : reward -143.0, steps 143
WARNING:root:train episode 485 : reward -200.0, steps 200
WARNING:root:train episode 486 : reward -200.0, steps 200
WARNING:root:train episode 487 : reward -157.0, steps 157
WARNING:root:train episode 488 : reward -200.0, steps 200
WARNING:root:train episode 489 : reward -157.0, steps 157
WARNING:root:train episode 490 : reward -193.0, steps 193
WARNING:root:train episode 491 : reward -177.0, steps 177
WARNING:root:train episode 492 : reward -145.0, steps 145
WARNING:root:train episode 493 : reward -200.0, steps 200
WARNING:root:train episode 494 : reward -90.0, steps 90
WARNING:root:train episode 495 : reward -200.0, steps 200
WARNING:root:train episode 496 : reward -142.0, steps 142
WARNING:root:train episode 497 : reward -158.0, steps 158
WARNING:root:train episode 498 : reward -160.0, steps 160
WARNING:root:train episode 499 : reward -144.0, steps 144
WARNING:root:train episode 500 : reward -182.0, steps 182
WARNING:root:train episode 501 : reward -149.0, steps 149
WARNING:root:evaluate 5 episodes : e_greedy 0.01, reward -150.4
WARNING:root:train episode 502 : reward -144.0, steps 144
WARNING:root:train episode 503 : reward -147.0, steps 147
WARNING:root:train episode 504 : reward -200.0, steps 200
WARNING:root:train episode 505 : reward -171.0, steps 171
WARNING:root:train episode 506 : reward -98.0, steps 98
WARNING:root:train episode 507 : reward -200.0, steps 200
WARNING:root:train episode 508 : reward -154.0, steps 154
WARNING:root:train episode 509 : reward -137.0, steps 137
WARNING:root:train episode 510 : reward -200.0, steps 200
WARNING:root:train episode 511 : reward -200.0, steps 200
WARNING:root:train episode 512 : reward -149.0, steps 149
WARNING:root:train episode 513 : reward -88.0, steps 88
WARNING:root:train episode 514 : reward -182.0, steps 182
WARNING:root:train episode 515 : reward -151.0, steps 151
WARNING:root:train episode 516 : reward -92.0, steps 92
WARNING:root:train episode 517 : reward -147.0, steps 147
WARNING:root:train episode 518 : reward -200.0, steps 200
WARNING:root:train episode 519 : reward -143.0, steps 143
WARNING:root:train episode 520 : reward -151.0, steps 151
WARNING:root:train episode 521 : reward -200.0, steps 200
WARNING:root:train episode 522 : reward -200.0, steps 200
WARNING:root:train episode 523 : reward -142.0, steps 142
WARNING:root:train episode 524 : reward -87.0, steps 87
WARNING:root:train episode 525 : reward -147.0, steps 147
WARNING:root:train episode 526 : reward -149.0, steps 149
WARNING:root:train episode 527 : reward -128.0, steps 128
WARNING:root:train episode 528 : reward -92.0, steps 92
WARNING:root:train episode 529 : reward -149.0, steps 149
WARNING:root:train episode 530 : reward -153.0, steps 153
WARNING:root:train episode 531 : reward -96.0, steps 96
WARNING:root:train episode 532 : reward -142.0, steps 142
WARNING:root:train episode 533 : reward -144.0, steps 144
WARNING:root:train episode 534 : reward -94.0, steps 94
WARNING:root:train episode 535 : reward -152.0, steps 152
WARNING:root:train episode 536 : reward -200.0, steps 200
WARNING:root:train episode 537 : reward -93.0, steps 93
WARNING:root:train episode 538 : reward -200.0, steps 200
WARNING:root:train episode 539 : reward -139.0, steps 139
WARNING:root:train episode 540 : reward -169.0, steps 169
WARNING:root:train episode 541 : reward -141.0, steps 141
WARNING:root:train episode 542 : reward -146.0, steps 146
WARNING:root:train episode 543 : reward -155.0, steps 155
WARNING:root:train episode 544 : reward -86.0, steps 86
WARNING:root:train episode 545 : reward -100.0, steps 100
WARNING:root:train episode 546 : reward -151.0, steps 151
WARNING:root:train episode 547 : reward -200.0, steps 200
WARNING:root:train episode 548 : reward -200.0, steps 200
WARNING:root:train episode 549 : reward -138.0, steps 138
WARNING:root:train episode 550 : reward -94.0, steps 94
WARNING:root:train episode 551 : reward -92.0, steps 92
WARNING:root:evaluate 5 episodes : e_greedy 0.01, reward -158.8
WARNING:root:train episode 552 : reward -147.0, steps 147
WARNING:root:train episode 553 : reward -91.0, steps 91
WARNING:root:train episode 554 : reward -89.0, steps 89
WARNING:root:train episode 555 : reward -170.0, steps 170
WARNING:root:train episode 556 : reward -194.0, steps 194
WARNING:root:train episode 557 : reward -162.0, steps 162
WARNING:root:train episode 558 : reward -109.0, steps 109
WARNING:root:train episode 559 : reward -200.0, steps 200
WARNING:root:train episode 560 : reward -170.0, steps 170
WARNING:root:train episode 561 : reward -158.0, steps 158
WARNING:root:train episode 562 : reward -141.0, steps 141
WARNING:root:train episode 563 : reward -145.0, steps 145
WARNING:root:train episode 564 : reward -146.0, steps 146
WARNING:root:train episode 565 : reward -200.0, steps 200
WARNING:root:train episode 566 : reward -88.0, steps 88
WARNING:root:train episode 567 : reward -168.0, steps 168
WARNING:root:train episode 568 : reward -149.0, steps 149
WARNING:root:train episode 569 : reward -144.0, steps 144
WARNING:root:train episode 570 : reward -98.0, steps 98
WARNING:root:train episode 571 : reward -144.0, steps 144
WARNING:root:train episode 572 : reward -87.0, steps 87
WARNING:root:train episode 573 : reward -96.0, steps 96
WARNING:root:train episode 574 : reward -141.0, steps 141
WARNING:root:train episode 575 : reward -90.0, steps 90
WARNING:root:train episode 576 : reward -200.0, steps 200
WARNING:root:train episode 577 : reward -155.0, steps 155
WARNING:root:train episode 578 : reward -146.0, steps 146
WARNING:root:train episode 579 : reward -200.0, steps 200
WARNING:root:train episode 580 : reward -150.0, steps 150
WARNING:root:train episode 581 : reward -148.0, steps 148
WARNING:root:train episode 582 : reward -167.0, steps 167
WARNING:root:train episode 583 : reward -146.0, steps 146
WARNING:root:train episode 584 : reward -107.0, steps 107
WARNING:root:train episode 585 : reward -152.0, steps 152
WARNING:root:train episode 586 : reward -158.0, steps 158
WARNING:root:train episode 587 : reward -200.0, steps 200
WARNING:root:train episode 588 : reward -200.0, steps 200
WARNING:root:train episode 589 : reward -156.0, steps 156
WARNING:root:train episode 590 : reward -93.0, steps 93
WARNING:root:train episode 591 : reward -140.0, steps 140
WARNING:root:train episode 592 : reward -85.0, steps 85
WARNING:root:train episode 593 : reward -143.0, steps 143
WARNING:root:train episode 594 : reward -91.0, steps 91
WARNING:root:train episode 595 : reward -164.0, steps 164
WARNING:root:train episode 596 : reward -89.0, steps 89
WARNING:root:train episode 597 : reward -144.0, steps 144
WARNING:root:train episode 598 : reward -84.0, steps 84
WARNING:root:train episode 599 : reward -148.0, steps 148
WARNING:root:train episode 600 : reward -108.0, steps 108
WARNING:root:train episode 601 : reward -101.0, steps 101
WARNING:root:evaluate 5 episodes : e_greedy 0.01, reward -123.4
WARNING:root:train episode 602 : reward -159.0, steps 159
WARNING:root:train episode 603 : reward -154.0, steps 154
WARNING:root:train episode 604 : reward -150.0, steps 150
WARNING:root:train episode 605 : reward -95.0, steps 95
WARNING:root:train episode 606 : reward -200.0, steps 200
WARNING:root:train episode 607 : reward -93.0, steps 93
WARNING:root:train episode 608 : reward -89.0, steps 89
WARNING:root:train episode 609 : reward -156.0, steps 156
WARNING:root:train episode 610 : reward -90.0, steps 90
WARNING:root:train episode 611 : reward -139.0, steps 139
WARNING:root:train episode 612 : reward -96.0, steps 96
WARNING:root:train episode 613 : reward -93.0, steps 93
WARNING:root:train episode 614 : reward -152.0, steps 152
WARNING:root:train episode 615 : reward -145.0, steps 145
WARNING:root:train episode 616 : reward -85.0, steps 85
WARNING:root:train episode 617 : reward -142.0, steps 142
WARNING:root:train episode 618 : reward -136.0, steps 136
WARNING:root:train episode 619 : reward -85.0, steps 85
WARNING:root:train episode 620 : reward -86.0, steps 86
WARNING:root:train episode 621 : reward -141.0, steps 141
WARNING:root:train episode 622 : reward -84.0, steps 84
WARNING:root:train episode 623 : reward -111.0, steps 111
WARNING:root:train episode 624 : reward -145.0, steps 145
WARNING:root:train episode 625 : reward -86.0, steps 86
WARNING:root:train episode 626 : reward -148.0, steps 148
WARNING:root:train episode 627 : reward -200.0, steps 200
WARNING:root:train episode 628 : reward -142.0, steps 142
WARNING:root:train episode 629 : reward -162.0, steps 162
WARNING:root:train episode 630 : reward -89.0, steps 89
WARNING:root:train episode 631 : reward -200.0, steps 200
WARNING:root:train episode 632 : reward -146.0, steps 146
WARNING:root:train episode 633 : reward -141.0, steps 141
WARNING:root:train episode 634 : reward -144.0, steps 144
WARNING:root:train episode 635 : reward -167.0, steps 167
WARNING:root:train episode 636 : reward -95.0, steps 95
WARNING:root:train episode 637 : reward -200.0, steps 200
WARNING:root:train episode 638 : reward -88.0, steps 88
WARNING:root:train episode 639 : reward -89.0, steps 89
WARNING:root:train episode 640 : reward -86.0, steps 86
WARNING:root:train episode 641 : reward -200.0, steps 200
WARNING:root:train episode 642 : reward -142.0, steps 142
WARNING:root:train episode 643 : reward -106.0, steps 106
WARNING:root:train episode 644 : reward -142.0, steps 142
WARNING:root:train episode 645 : reward -154.0, steps 154
WARNING:root:train episode 646 : reward -88.0, steps 88
WARNING:root:train episode 647 : reward -163.0, steps 163
WARNING:root:train episode 648 : reward -145.0, steps 145
WARNING:root:train episode 649 : reward -139.0, steps 139
WARNING:root:train episode 650 : reward -138.0, steps 138
WARNING:root:train episode 651 : reward -143.0, steps 143
WARNING:root:evaluate 5 episodes : e_greedy 0.01, reward -101.2
WARNING:root:train episode 652 : reward -138.0, steps 138
WARNING:root:train episode 653 : reward -154.0, steps 154
WARNING:root:train episode 654 : reward -101.0, steps 101
WARNING:root:train episode 655 : reward -144.0, steps 144
WARNING:root:train episode 656 : reward -140.0, steps 140
WARNING:root:train episode 657 : reward -141.0, steps 141
WARNING:root:train episode 658 : reward -146.0, steps 146
WARNING:root:train episode 659 : reward -111.0, steps 111
WARNING:root:train episode 660 : reward -86.0, steps 86
WARNING:root:train episode 661 : reward -156.0, steps 156
WARNING:root:train episode 662 : reward -94.0, steps 94
WARNING:root:train episode 663 : reward -155.0, steps 155
WARNING:root:train episode 664 : reward -95.0, steps 95
WARNING:root:train episode 665 : reward -88.0, steps 88
WARNING:root:train episode 666 : reward -85.0, steps 85
WARNING:root:train episode 667 : reward -143.0, steps 143
WARNING:root:train episode 668 : reward -92.0, steps 92
WARNING:root:train episode 669 : reward -158.0, steps 158
WARNING:root:train episode 670 : reward -90.0, steps 90
WARNING:root:train episode 671 : reward -141.0, steps 141
WARNING:root:train episode 672 : reward -86.0, steps 86
WARNING:root:train episode 673 : reward -147.0, steps 147
WARNING:root:train episode 674 : reward -87.0, steps 87
WARNING:root:train episode 675 : reward -147.0, steps 147
WARNING:root:train episode 676 : reward -153.0, steps 153
WARNING:root:train episode 677 : reward -145.0, steps 145
WARNING:root:train episode 678 : reward -91.0, steps 91
WARNING:root:train episode 679 : reward -87.0, steps 87
WARNING:root:train episode 680 : reward -142.0, steps 142
WARNING:root:train episode 681 : reward -100.0, steps 100
WARNING:root:train episode 682 : reward -148.0, steps 148
WARNING:root:train episode 683 : reward -154.0, steps 154
WARNING:root:train episode 684 : reward -150.0, steps 150
WARNING:root:train episode 685 : reward -97.0, steps 97
WARNING:root:train episode 686 : reward -89.0, steps 89
WARNING:root:train episode 687 : reward -188.0, steps 188
WARNING:root:train episode 688 : reward -99.0, steps 99
WARNING:root:train episode 689 : reward -91.0, steps 91
WARNING:root:train episode 690 : reward -162.0, steps 162
WARNING:root:train episode 691 : reward -140.0, steps 140
WARNING:root:train episode 692 : reward -172.0, steps 172
WARNING:root:train episode 693 : reward -87.0, steps 87
WARNING:root:train episode 694 : reward -147.0, steps 147
WARNING:root:train episode 695 : reward -92.0, steps 92
WARNING:root:train episode 696 : reward -86.0, steps 86
WARNING:root:train episode 697 : reward -148.0, steps 148
WARNING:root:train episode 698 : reward -87.0, steps 87
WARNING:root:train episode 699 : reward -90.0, steps 90
WARNING:root:train episode 700 : reward -166.0, steps 166
WARNING:root:train episode 701 : reward -146.0, steps 146
WARNING:root:evaluate 5 episodes : e_greedy 0.01, reward -136.4
WARNING:root:train episode 702 : reward -146.0, steps 146
WARNING:root:train episode 703 : reward -107.0, steps 107
WARNING:root:train episode 704 : reward -104.0, steps 104
WARNING:root:train episode 705 : reward -158.0, steps 158
WARNING:root:train episode 706 : reward -87.0, steps 87
WARNING:root:train episode 707 : reward -152.0, steps 152
WARNING:root:train episode 708 : reward -142.0, steps 142
WARNING:root:train episode 709 : reward -200.0, steps 200
WARNING:root:train episode 710 : reward -166.0, steps 166
WARNING:root:train episode 711 : reward -87.0, steps 87
WARNING:root:train episode 712 : reward -140.0, steps 140
WARNING:root:train episode 713 : reward -140.0, steps 140
WARNING:root:train episode 714 : reward -93.0, steps 93
WARNING:root:train episode 715 : reward -91.0, steps 91
WARNING:root:train episode 716 : reward -149.0, steps 149
WARNING:root:train episode 717 : reward -140.0, steps 140
WARNING:root:train episode 718 : reward -93.0, steps 93
WARNING:root:train episode 719 : reward -169.0, steps 169
WARNING:root:train episode 720 : reward -95.0, steps 95
WARNING:root:train episode 721 : reward -137.0, steps 137
WARNING:root:train episode 722 : reward -132.0, steps 132
WARNING:root:train episode 723 : reward -181.0, steps 181
WARNING:root:train episode 724 : reward -189.0, steps 189
WARNING:root:train episode 725 : reward -95.0, steps 95
WARNING:root:train episode 726 : reward -92.0, steps 92
WARNING:root:train episode 727 : reward -158.0, steps 158
WARNING:root:train episode 728 : reward -103.0, steps 103
WARNING:root:train episode 729 : reward -137.0, steps 137
WARNING:root:train episode 730 : reward -153.0, steps 153
WARNING:root:train episode 731 : reward -151.0, steps 151
WARNING:root:train episode 732 : reward -146.0, steps 146
WARNING:root:train episode 733 : reward -83.0, steps 83
WARNING:root:train episode 734 : reward -151.0, steps 151
WARNING:root:train episode 735 : reward -142.0, steps 142
WARNING:root:train episode 736 : reward -88.0, steps 88
WARNING:root:train episode 737 : reward -143.0, steps 143
WARNING:root:train episode 738 : reward -88.0, steps 88
WARNING:root:train episode 739 : reward -86.0, steps 86
WARNING:root:train episode 740 : reward -158.0, steps 158
WARNING:root:train episode 741 : reward -168.0, steps 168
WARNING:root:train episode 742 : reward -86.0, steps 86
WARNING:root:train episode 743 : reward -85.0, steps 85
WARNING:root:train episode 744 : reward -171.0, steps 171
WARNING:root:train episode 745 : reward -151.0, steps 151
WARNING:root:train episode 746 : reward -95.0, steps 95
WARNING:root:train episode 747 : reward -141.0, steps 141
WARNING:root:train episode 748 : reward -146.0, steps 146
WARNING:root:train episode 749 : reward -84.0, steps 84
WARNING:root:train episode 750 : reward -83.0, steps 83
WARNING:root:train episode 751 : reward -153.0, steps 153
WARNING:root:evaluate 5 episodes : e_greedy 0.01, reward -145.2
WARNING:root:train episode 752 : reward -88.0, steps 88
WARNING:root:train episode 753 : reward -139.0, steps 139
WARNING:root:train episode 754 : reward -85.0, steps 85
WARNING:root:train episode 755 : reward -97.0, steps 97
WARNING:root:train episode 756 : reward -150.0, steps 150
WARNING:root:train episode 757 : reward -131.0, steps 131
WARNING:root:train episode 758 : reward -140.0, steps 140
WARNING:root:train episode 759 : reward -93.0, steps 93
WARNING:root:train episode 760 : reward -84.0, steps 84
WARNING:root:train episode 761 : reward -105.0, steps 105
WARNING:root:train episode 762 : reward -107.0, steps 107
WARNING:root:train episode 763 : reward -114.0, steps 114
WARNING:root:train episode 764 : reward -147.0, steps 147
WARNING:root:train episode 765 : reward -139.0, steps 139
WARNING:root:train episode 766 : reward -133.0, steps 133
WARNING:root:train episode 767 : reward -142.0, steps 142
WARNING:root:train episode 768 : reward -142.0, steps 142
WARNING:root:train episode 769 : reward -139.0, steps 139
WARNING:root:train episode 770 : reward -157.0, steps 157
WARNING:root:train episode 771 : reward -152.0, steps 152
WARNING:root:train episode 772 : reward -136.0, steps 136
WARNING:root:train episode 773 : reward -142.0, steps 142
WARNING:root:train episode 774 : reward -86.0, steps 86
WARNING:root:train episode 775 : reward -144.0, steps 144
WARNING:root:train episode 776 : reward -94.0, steps 94
WARNING:root:train episode 777 : reward -149.0, steps 149
WARNING:root:train episode 778 : reward -141.0, steps 141
WARNING:root:train episode 779 : reward -140.0, steps 140
WARNING:root:train episode 780 : reward -101.0, steps 101
WARNING:root:train episode 781 : reward -138.0, steps 138
WARNING:root:train episode 782 : reward -95.0, steps 95
WARNING:root:train episode 783 : reward -138.0, steps 138
WARNING:root:train episode 784 : reward -89.0, steps 89
WARNING:root:train episode 785 : reward -145.0, steps 145
WARNING:root:train episode 786 : reward -145.0, steps 145
WARNING:root:train episode 787 : reward -177.0, steps 177
WARNING:root:train episode 788 : reward -85.0, steps 85
WARNING:root:train episode 789 : reward -141.0, steps 141
WARNING:root:train episode 790 : reward -125.0, steps 125
WARNING:root:train episode 791 : reward -143.0, steps 143
WARNING:root:train episode 792 : reward -143.0, steps 143
WARNING:root:train episode 793 : reward -134.0, steps 134
WARNING:root:train episode 794 : reward -142.0, steps 142
WARNING:root:train episode 795 : reward -146.0, steps 146
WARNING:root:train episode 796 : reward -109.0, steps 109
WARNING:root:train episode 797 : reward -167.0, steps 167
WARNING:root:train episode 798 : reward -117.0, steps 117
WARNING:root:train episode 799 : reward -143.0, steps 143
WARNING:root:train episode 800 : reward -149.0, steps 149
WARNING:root:train episode 801 : reward -94.0, steps 94
WARNING:root:evaluate 5 episodes : e_greedy 0.01, reward -122.8
WARNING:root:train episode 802 : reward -141.0, steps 141
WARNING:root:train episode 803 : reward -141.0, steps 141
WARNING:root:train episode 804 : reward -156.0, steps 156
WARNING:root:train episode 805 : reward -143.0, steps 143
WARNING:root:train episode 806 : reward -163.0, steps 163
WARNING:root:train episode 807 : reward -143.0, steps 143
WARNING:root:train episode 808 : reward -89.0, steps 89
WARNING:root:train episode 809 : reward -95.0, steps 95
WARNING:root:train episode 810 : reward -92.0, steps 92
WARNING:root:train episode 811 : reward -143.0, steps 143
WARNING:root:train episode 812 : reward -140.0, steps 140
WARNING:root:train episode 813 : reward -151.0, steps 151
WARNING:root:train episode 814 : reward -159.0, steps 159
WARNING:root:train episode 815 : reward -91.0, steps 91
WARNING:root:train episode 816 : reward -144.0, steps 144
WARNING:root:train episode 817 : reward -156.0, steps 156
WARNING:root:train episode 818 : reward -87.0, steps 87
WARNING:root:train episode 819 : reward -185.0, steps 185
WARNING:root:train episode 820 : reward -141.0, steps 141
WARNING:root:train episode 821 : reward -96.0, steps 96
WARNING:root:train episode 822 : reward -87.0, steps 87
WARNING:root:train episode 823 : reward -143.0, steps 143
WARNING:root:train episode 824 : reward -143.0, steps 143
WARNING:root:train episode 825 : reward -165.0, steps 165
WARNING:root:train episode 826 : reward -151.0, steps 151
WARNING:root:train episode 827 : reward -144.0, steps 144
WARNING:root:train episode 828 : reward -142.0, steps 142
WARNING:root:train episode 829 : reward -152.0, steps 152
WARNING:root:train episode 830 : reward -85.0, steps 85
WARNING:root:train episode 831 : reward -140.0, steps 140
WARNING:root:train episode 832 : reward -176.0, steps 176
WARNING:root:train episode 833 : reward -83.0, steps 83
WARNING:root:train episode 834 : reward -156.0, steps 156
WARNING:root:train episode 835 : reward -142.0, steps 142
WARNING:root:train episode 836 : reward -94.0, steps 94
WARNING:root:train episode 837 : reward -90.0, steps 90
WARNING:root:train episode 838 : reward -152.0, steps 152
WARNING:root:train episode 839 : reward -126.0, steps 126
WARNING:root:train episode 840 : reward -138.0, steps 138
WARNING:root:train episode 841 : reward -120.0, steps 120
WARNING:root:train episode 842 : reward -155.0, steps 155
WARNING:root:train episode 843 : reward -144.0, steps 144
WARNING:root:train episode 844 : reward -156.0, steps 156
WARNING:root:train episode 845 : reward -88.0, steps 88
WARNING:root:train episode 846 : reward -155.0, steps 155
WARNING:root:train episode 847 : reward -107.0, steps 107
WARNING:root:train episode 848 : reward -114.0, steps 114
WARNING:root:train episode 849 : reward -86.0, steps 86
WARNING:root:train episode 850 : reward -145.0, steps 145
WARNING:root:train episode 851 : reward -140.0, steps 140
WARNING:root:evaluate 5 episodes : e_greedy 0.01, reward -119.2
WARNING:root:train episode 852 : reward -142.0, steps 142
WARNING:root:train episode 853 : reward -168.0, steps 168
WARNING:root:train episode 854 : reward -143.0, steps 143
WARNING:root:train episode 855 : reward -157.0, steps 157
WARNING:root:train episode 856 : reward -147.0, steps 147
WARNING:root:train episode 857 : reward -165.0, steps 165
WARNING:root:train episode 858 : reward -144.0, steps 144
WARNING:root:train episode 859 : reward -144.0, steps 144
WARNING:root:train episode 860 : reward -93.0, steps 93
WARNING:root:train episode 861 : reward -152.0, steps 152
WARNING:root:train episode 862 : reward -144.0, steps 144
WARNING:root:train episode 863 : reward -84.0, steps 84
WARNING:root:train episode 864 : reward -145.0, steps 145
WARNING:root:train episode 865 : reward -145.0, steps 145
WARNING:root:train episode 866 : reward -85.0, steps 85
WARNING:root:train episode 867 : reward -84.0, steps 84
WARNING:root:train episode 868 : reward -146.0, steps 146
WARNING:root:train episode 869 : reward -146.0, steps 146
WARNING:root:train episode 870 : reward -143.0, steps 143
WARNING:root:train episode 871 : reward -144.0, steps 144
WARNING:root:train episode 872 : reward -143.0, steps 143
WARNING:root:train episode 873 : reward -86.0, steps 86
WARNING:root:train episode 874 : reward -142.0, steps 142
WARNING:root:train episode 875 : reward -88.0, steps 88
WARNING:root:train episode 876 : reward -144.0, steps 144
WARNING:root:train episode 877 : reward -144.0, steps 144
WARNING:root:train episode 878 : reward -143.0, steps 143
WARNING:root:train episode 879 : reward -143.0, steps 143
WARNING:root:train episode 880 : reward -146.0, steps 146
WARNING:root:train episode 881 : reward -141.0, steps 141
WARNING:root:train episode 882 : reward -157.0, steps 157
WARNING:root:train episode 883 : reward -153.0, steps 153
WARNING:root:train episode 884 : reward -85.0, steps 85
WARNING:root:train episode 885 : reward -141.0, steps 141
WARNING:root:train episode 886 : reward -143.0, steps 143
WARNING:root:train episode 887 : reward -90.0, steps 90
WARNING:root:train episode 888 : reward -97.0, steps 97
WARNING:root:train episode 889 : reward -143.0, steps 143
WARNING:root:train episode 890 : reward -111.0, steps 111
WARNING:root:train episode 891 : reward -148.0, steps 148
WARNING:root:train episode 892 : reward -141.0, steps 141
WARNING:root:train episode 893 : reward -86.0, steps 86
WARNING:root:train episode 894 : reward -154.0, steps 154
WARNING:root:train episode 895 : reward -144.0, steps 144
WARNING:root:train episode 896 : reward -140.0, steps 140
WARNING:root:train episode 897 : reward -85.0, steps 85
WARNING:root:train episode 898 : reward -156.0, steps 156
WARNING:root:train episode 899 : reward -92.0, steps 92
WARNING:root:train episode 900 : reward -148.0, steps 148
WARNING:root:train episode 901 : reward -157.0, steps 157
WARNING:root:evaluate 5 episodes : e_greedy 0.01, reward -111.0
WARNING:root:train episode 902 : reward -143.0, steps 143
WARNING:root:train episode 903 : reward -142.0, steps 142
WARNING:root:train episode 904 : reward -144.0, steps 144
WARNING:root:train episode 905 : reward -87.0, steps 87
WARNING:root:train episode 906 : reward -161.0, steps 161
WARNING:root:train episode 907 : reward -85.0, steps 85
WARNING:root:train episode 908 : reward -149.0, steps 149
WARNING:root:train episode 909 : reward -148.0, steps 148
WARNING:root:train episode 910 : reward -148.0, steps 148
WARNING:root:train episode 911 : reward -144.0, steps 144
WARNING:root:train episode 912 : reward -84.0, steps 84
WARNING:root:train episode 913 : reward -164.0, steps 164
WARNING:root:train episode 914 : reward -141.0, steps 141
WARNING:root:train episode 915 : reward -154.0, steps 154
WARNING:root:train episode 916 : reward -153.0, steps 153
WARNING:root:train episode 917 : reward -152.0, steps 152
WARNING:root:train episode 918 : reward -86.0, steps 86
WARNING:root:train episode 919 : reward -87.0, steps 87
WARNING:root:train episode 920 : reward -143.0, steps 143
WARNING:root:train episode 921 : reward -145.0, steps 145
WARNING:root:train episode 922 : reward -145.0, steps 145
WARNING:root:train episode 923 : reward -92.0, steps 92
WARNING:root:train episode 924 : reward -140.0, steps 140
WARNING:root:train episode 925 : reward -97.0, steps 97
WARNING:root:train episode 926 : reward -104.0, steps 104
WARNING:root:train episode 927 : reward -152.0, steps 152
WARNING:root:train episode 928 : reward -151.0, steps 151
WARNING:root:train episode 929 : reward -155.0, steps 155
WARNING:root:train episode 930 : reward -89.0, steps 89
WARNING:root:train episode 931 : reward -141.0, steps 141
WARNING:root:train episode 932 : reward -90.0, steps 90
WARNING:root:train episode 933 : reward -143.0, steps 143
WARNING:root:train episode 934 : reward -83.0, steps 83
WARNING:root:train episode 935 : reward -139.0, steps 139
WARNING:root:train episode 936 : reward -142.0, steps 142
WARNING:root:train episode 937 : reward -153.0, steps 153
WARNING:root:train episode 938 : reward -141.0, steps 141
WARNING:root:train episode 939 : reward -147.0, steps 147
WARNING:root:train episode 940 : reward -147.0, steps 147
WARNING:root:train episode 941 : reward -144.0, steps 144
WARNING:root:train episode 942 : reward -90.0, steps 90
WARNING:root:train episode 943 : reward -162.0, steps 162
WARNING:root:train episode 944 : reward -140.0, steps 140
WARNING:root:train episode 945 : reward -99.0, steps 99
WARNING:root:train episode 946 : reward -90.0, steps 90
WARNING:root:train episode 947 : reward -141.0, steps 141
WARNING:root:train episode 948 : reward -143.0, steps 143
WARNING:root:train episode 949 : reward -156.0, steps 156
WARNING:root:train episode 950 : reward -151.0, steps 151
WARNING:root:train episode 951 : reward -91.0, steps 91
WARNING:root:evaluate 5 episodes : e_greedy 0.01, reward -117.0
WARNING:root:train episode 952 : reward -153.0, steps 153
WARNING:root:train episode 953 : reward -143.0, steps 143
WARNING:root:train episode 954 : reward -149.0, steps 149
WARNING:root:train episode 955 : reward -151.0, steps 151
WARNING:root:train episode 956 : reward -98.0, steps 98
WARNING:root:train episode 957 : reward -98.0, steps 98
WARNING:root:train episode 958 : reward -84.0, steps 84
WARNING:root:train episode 959 : reward -88.0, steps 88
WARNING:root:train episode 960 : reward -143.0, steps 143
WARNING:root:train episode 961 : reward -150.0, steps 150
WARNING:root:train episode 962 : reward -85.0, steps 85
WARNING:root:train episode 963 : reward -85.0, steps 85
WARNING:root:train episode 964 : reward -143.0, steps 143
WARNING:root:train episode 965 : reward -143.0, steps 143
WARNING:root:train episode 966 : reward -107.0, steps 107
WARNING:root:train episode 967 : reward -90.0, steps 90
WARNING:root:train episode 968 : reward -167.0, steps 167
WARNING:root:train episode 969 : reward -99.0, steps 99
WARNING:root:train episode 970 : reward -151.0, steps 151
WARNING:root:train episode 971 : reward -88.0, steps 88
WARNING:root:train episode 972 : reward -142.0, steps 142
WARNING:root:train episode 973 : reward -103.0, steps 103
WARNING:root:train episode 974 : reward -200.0, steps 200
WARNING:root:train episode 975 : reward -88.0, steps 88
WARNING:root:train episode 976 : reward -152.0, steps 152
WARNING:root:train episode 977 : reward -84.0, steps 84
WARNING:root:train episode 978 : reward -143.0, steps 143
WARNING:root:train episode 979 : reward -84.0, steps 84
WARNING:root:train episode 980 : reward -90.0, steps 90
WARNING:root:train episode 981 : reward -140.0, steps 140
WARNING:root:train episode 982 : reward -144.0, steps 144
WARNING:root:train episode 983 : reward -96.0, steps 96
WARNING:root:train episode 984 : reward -87.0, steps 87
WARNING:root:train episode 985 : reward -159.0, steps 159
WARNING:root:train episode 986 : reward -146.0, steps 146
WARNING:root:train episode 987 : reward -141.0, steps 141
WARNING:root:train episode 988 : reward -138.0, steps 138
WARNING:root:train episode 989 : reward -143.0, steps 143
WARNING:root:train episode 990 : reward -143.0, steps 143
WARNING:root:train episode 991 : reward -149.0, steps 149
WARNING:root:train episode 992 : reward -147.0, steps 147
WARNING:root:train episode 993 : reward -145.0, steps 145
WARNING:root:train episode 994 : reward -92.0, steps 92
WARNING:root:train episode 995 : reward -143.0, steps 143
WARNING:root:train episode 996 : reward -151.0, steps 151
WARNING:root:train episode 997 : reward -145.0, steps 145
WARNING:root:train episode 998 : reward -85.0, steps 85
WARNING:root:train episode 999 : reward -142.0, steps 142
WARNING:root:train episode 1000 : reward -145.0, steps 145
